{"total": {"lines":{"total":1106,"covered":520,"skipped":0,"pct":47.01},"statements":{"total":1106,"covered":520,"skipped":0,"pct":47.01},"functions":{"total":56,"covered":8,"skipped":0,"pct":14.28},"branches":{"total":13,"covered":8,"skipped":0,"pct":61.53},"branchesTrue":{"total":0,"covered":0,"skipped":0,"pct":100}}
,"C:\\Users\\Nugraha Adhitama\\Documents\\api-ufo-veteran-jakarta\\src\\app.js": {"lines":{"total":24,"covered":24,"skipped":0,"pct":100},"functions":{"total":0,"covered":0,"skipped":0,"pct":100},"statements":{"total":24,"covered":24,"skipped":0,"pct":100},"branches":{"total":0,"covered":0,"skipped":0,"pct":100}}
,"C:\\Users\\Nugraha Adhitama\\Documents\\api-ufo-veteran-jakarta\\src\\migrate.js": {"lines":{"total":8,"covered":0,"skipped":0,"pct":0},"functions":{"total":1,"covered":0,"skipped":0,"pct":0},"statements":{"total":8,"covered":0,"skipped":0,"pct":0},"branches":{"total":1,"covered":0,"skipped":0,"pct":0}}
,"C:\\Users\\Nugraha Adhitama\\Documents\\api-ufo-veteran-jakarta\\src\\server.js": {"lines":{"total":7,"covered":0,"skipped":0,"pct":0},"functions":{"total":1,"covered":0,"skipped":0,"pct":0},"statements":{"total":7,"covered":0,"skipped":0,"pct":0},"branches":{"total":1,"covered":0,"skipped":0,"pct":0}}
,"C:\\Users\\Nugraha Adhitama\\Documents\\api-ufo-veteran-jakarta\\src\\config\\cloudinary.js": {"lines":{"total":12,"covered":12,"skipped":0,"pct":100},"functions":{"total":0,"covered":0,"skipped":0,"pct":100},"statements":{"total":12,"covered":12,"skipped":0,"pct":100},"branches":{"total":0,"covered":0,"skipped":0,"pct":100}}
,"C:\\Users\\Nugraha Adhitama\\Documents\\api-ufo-veteran-jakarta\\src\\config\\database.js": {"lines":{"total":14,"covered":14,"skipped":0,"pct":100},"functions":{"total":0,"covered":0,"skipped":0,"pct":100},"statements":{"total":14,"covered":14,"skipped":0,"pct":100},"branches":{"total":1,"covered":0,"skipped":0,"pct":0}}
,"C:\\Users\\Nugraha Adhitama\\Documents\\api-ufo-veteran-jakarta\\src\\config\\multer.js": {"lines":{"total":24,"covered":0,"skipped":0,"pct":0},"functions":{"total":1,"covered":0,"skipped":0,"pct":0},"statements":{"total":24,"covered":0,"skipped":0,"pct":0},"branches":{"total":1,"covered":0,"skipped":0,"pct":0}}
,"C:\\Users\\Nugraha Adhitama\\Documents\\api-ufo-veteran-jakarta\\src\\controllers\\authController.js": {"lines":{"total":60,"covered":10,"skipped":0,"pct":16.66},"functions":{"total":3,"covered":0,"skipped":0,"pct":0},"statements":{"total":60,"covered":10,"skipped":0,"pct":16.66},"branches":{"total":0,"covered":0,"skipped":0,"pct":100}}
,"C:\\Users\\Nugraha Adhitama\\Documents\\api-ufo-veteran-jakarta\\src\\controllers\\contentController.js": {"lines":{"total":77,"covered":12,"skipped":0,"pct":15.58},"functions":{"total":4,"covered":0,"skipped":0,"pct":0},"statements":{"total":77,"covered":12,"skipped":0,"pct":15.58},"branches":{"total":0,"covered":0,"skipped":0,"pct":100}}
,"C:\\Users\\Nugraha Adhitama\\Documents\\api-ufo-veteran-jakarta\\src\\controllers\\eventController.js": {"lines":{"total":39,"covered":9,"skipped":0,"pct":23.07},"functions":{"total":2,"covered":0,"skipped":0,"pct":0},"statements":{"total":39,"covered":9,"skipped":0,"pct":23.07},"branches":{"total":0,"covered":0,"skipped":0,"pct":100}}
,"C:\\Users\\Nugraha Adhitama\\Documents\\api-ufo-veteran-jakarta\\src\\helpers\\bcrypt.js": {"lines":{"total":4,"covered":2,"skipped":0,"pct":50},"functions":{"total":1,"covered":0,"skipped":0,"pct":0},"statements":{"total":4,"covered":2,"skipped":0,"pct":50},"branches":{"total":0,"covered":0,"skipped":0,"pct":100}}
,"C:\\Users\\Nugraha Adhitama\\Documents\\api-ufo-veteran-jakarta\\src\\helpers\\response.js": {"lines":{"total":19,"covered":1,"skipped":0,"pct":5.26},"functions":{"total":1,"covered":0,"skipped":0,"pct":0},"statements":{"total":19,"covered":1,"skipped":0,"pct":5.26},"branches":{"total":0,"covered":0,"skipped":0,"pct":100}}
,"C:\\Users\\Nugraha Adhitama\\Documents\\api-ufo-veteran-jakarta\\src\\helpers\\slug.js": {"lines":{"total":8,"covered":4,"skipped":0,"pct":50},"functions":{"total":1,"covered":0,"skipped":0,"pct":0},"statements":{"total":8,"covered":4,"skipped":0,"pct":50},"branches":{"total":0,"covered":0,"skipped":0,"pct":100}}
,"C:\\Users\\Nugraha Adhitama\\Documents\\api-ufo-veteran-jakarta\\src\\middlewares\\authMiddleware.js": {"lines":{"total":31,"covered":12,"skipped":0,"pct":38.7},"functions":{"total":2,"covered":2,"skipped":0,"pct":100},"statements":{"total":31,"covered":12,"skipped":0,"pct":38.7},"branches":{"total":2,"covered":2,"skipped":0,"pct":100}}
,"C:\\Users\\Nugraha Adhitama\\Documents\\api-ufo-veteran-jakarta\\src\\middlewares\\eventMiddlewareFile.js": {"lines":{"total":54,"covered":8,"skipped":0,"pct":14.81},"functions":{"total":1,"covered":1,"skipped":0,"pct":100},"statements":{"total":54,"covered":8,"skipped":0,"pct":14.81},"branches":{"total":1,"covered":1,"skipped":0,"pct":100}}
,"C:\\Users\\Nugraha Adhitama\\Documents\\api-ufo-veteran-jakarta\\src\\middlewares\\multerMiddleware.js": {"lines":{"total":0,"covered":0,"skipped":0,"pct":100},"functions":{"total":1,"covered":1,"skipped":0,"pct":100},"statements":{"total":0,"covered":0,"skipped":0,"pct":100},"branches":{"total":1,"covered":1,"skipped":0,"pct":100}}
,"C:\\Users\\Nugraha Adhitama\\Documents\\api-ufo-veteran-jakarta\\src\\migration\\users.js": {"lines":{"total":63,"covered":0,"skipped":0,"pct":0},"functions":{"total":1,"covered":0,"skipped":0,"pct":0},"statements":{"total":63,"covered":0,"skipped":0,"pct":0},"branches":{"total":1,"covered":0,"skipped":0,"pct":0}}
,"C:\\Users\\Nugraha Adhitama\\Documents\\api-ufo-veteran-jakarta\\src\\models\\contentModel.js": {"lines":{"total":54,"covered":13,"skipped":0,"pct":24.07},"functions":{"total":7,"covered":0,"skipped":0,"pct":0},"statements":{"total":54,"covered":13,"skipped":0,"pct":24.07},"branches":{"total":0,"covered":0,"skipped":0,"pct":100}}
,"C:\\Users\\Nugraha Adhitama\\Documents\\api-ufo-veteran-jakarta\\src\\models\\eventModel.js": {"lines":{"total":39,"covered":5,"skipped":0,"pct":12.82},"functions":{"total":2,"covered":0,"skipped":0,"pct":0},"statements":{"total":39,"covered":5,"skipped":0,"pct":12.82},"branches":{"total":0,"covered":0,"skipped":0,"pct":100}}
,"C:\\Users\\Nugraha Adhitama\\Documents\\api-ufo-veteran-jakarta\\src\\models\\userModel.js": {"lines":{"total":33,"covered":9,"skipped":0,"pct":27.27},"functions":{"total":4,"covered":0,"skipped":0,"pct":0},"statements":{"total":33,"covered":9,"skipped":0,"pct":27.27},"branches":{"total":0,"covered":0,"skipped":0,"pct":100}}
,"C:\\Users\\Nugraha Adhitama\\Documents\\api-ufo-veteran-jakarta\\src\\routes\\authRoutes.js": {"lines":{"total":48,"covered":43,"skipped":0,"pct":89.58},"functions":{"total":0,"covered":0,"skipped":0,"pct":100},"statements":{"total":48,"covered":43,"skipped":0,"pct":89.58},"branches":{"total":0,"covered":0,"skipped":0,"pct":100}}
,"C:\\Users\\Nugraha Adhitama\\Documents\\api-ufo-veteran-jakarta\\src\\routes\\contentRoutes.js": {"lines":{"total":42,"covered":37,"skipped":0,"pct":88.09},"functions":{"total":0,"covered":0,"skipped":0,"pct":100},"statements":{"total":42,"covered":37,"skipped":0,"pct":88.09},"branches":{"total":0,"covered":0,"skipped":0,"pct":100}}
,"C:\\Users\\Nugraha Adhitama\\Documents\\api-ufo-veteran-jakarta\\src\\routes\\eventRoutes.js": {"lines":{"total":43,"covered":38,"skipped":0,"pct":88.37},"functions":{"total":0,"covered":0,"skipped":0,"pct":100},"statements":{"total":43,"covered":38,"skipped":0,"pct":88.37},"branches":{"total":0,"covered":0,"skipped":0,"pct":100}}
,"C:\\Users\\Nugraha Adhitama\\Documents\\api-ufo-veteran-jakarta\\src\\routes\\index.js": {"lines":{"total":12,"covered":12,"skipped":0,"pct":100},"functions":{"total":0,"covered":0,"skipped":0,"pct":100},"statements":{"total":12,"covered":12,"skipped":0,"pct":100},"branches":{"total":0,"covered":0,"skipped":0,"pct":100}}
,"C:\\Users\\Nugraha Adhitama\\Documents\\api-ufo-veteran-jakarta\\src\\services\\authService.js": {"lines":{"total":32,"covered":10,"skipped":0,"pct":31.25},"functions":{"total":4,"covered":0,"skipped":0,"pct":0},"statements":{"total":32,"covered":10,"skipped":0,"pct":31.25},"branches":{"total":0,"covered":0,"skipped":0,"pct":100}}
,"C:\\Users\\Nugraha Adhitama\\Documents\\api-ufo-veteran-jakarta\\src\\services\\contentService.js": {"lines":{"total":23,"covered":13,"skipped":0,"pct":56.52},"functions":{"total":5,"covered":0,"skipped":0,"pct":0},"statements":{"total":23,"covered":13,"skipped":0,"pct":56.52},"branches":{"total":0,"covered":0,"skipped":0,"pct":100}}
,"C:\\Users\\Nugraha Adhitama\\Documents\\api-ufo-veteran-jakarta\\src\\services\\eventService.js": {"lines":{"total":14,"covered":5,"skipped":0,"pct":35.71},"functions":{"total":2,"covered":0,"skipped":0,"pct":0},"statements":{"total":14,"covered":5,"skipped":0,"pct":35.71},"branches":{"total":0,"covered":0,"skipped":0,"pct":100}}
,"C:\\Users\\Nugraha Adhitama\\Documents\\api-ufo-veteran-jakarta\\src\\utils\\jwt.js": {"lines":{"total":12,"covered":4,"skipped":0,"pct":33.33},"functions":{"total":2,"covered":0,"skipped":0,"pct":0},"statements":{"total":12,"covered":4,"skipped":0,"pct":33.33},"branches":{"total":0,"covered":0,"skipped":0,"pct":100}}
,"C:\\Users\\Nugraha Adhitama\\Documents\\api-ufo-veteran-jakarta\\src\\utils\\limiter.js": {"lines":{"total":10,"covered":10,"skipped":0,"pct":100},"functions":{"total":0,"covered":0,"skipped":0,"pct":100},"statements":{"total":10,"covered":10,"skipped":0,"pct":100},"branches":{"total":0,"covered":0,"skipped":0,"pct":100}}
,"C:\\Users\\Nugraha Adhitama\\Documents\\api-ufo-veteran-jakarta\\src\\utils\\logger.js": {"lines":{"total":8,"covered":8,"skipped":0,"pct":100},"functions":{"total":0,"covered":0,"skipped":0,"pct":100},"statements":{"total":8,"covered":8,"skipped":0,"pct":100},"branches":{"total":0,"covered":0,"skipped":0,"pct":100}}
,"C:\\Users\\Nugraha Adhitama\\Documents\\api-ufo-veteran-jakarta\\src\\utils\\uploadFile.js": {"lines":{"total":78,"covered":15,"skipped":0,"pct":19.23},"functions":{"total":3,"covered":0,"skipped":0,"pct":0},"statements":{"total":78,"covered":15,"skipped":0,"pct":19.23},"branches":{"total":0,"covered":0,"skipped":0,"pct":100}}
,"C:\\Users\\Nugraha Adhitama\\Documents\\api-ufo-veteran-jakarta\\src\\validators\\authValidator.js": {"lines":{"total":67,"covered":61,"skipped":0,"pct":91.04},"functions":{"total":3,"covered":2,"skipped":0,"pct":66.66},"statements":{"total":67,"covered":61,"skipped":0,"pct":91.04},"branches":{"total":2,"covered":2,"skipped":0,"pct":100}}
,"C:\\Users\\Nugraha Adhitama\\Documents\\api-ufo-veteran-jakarta\\src\\validators\\contentValidator.js": {"lines":{"total":33,"covered":27,"skipped":0,"pct":81.81},"functions":{"total":2,"covered":1,"skipped":0,"pct":50},"statements":{"total":33,"covered":27,"skipped":0,"pct":81.81},"branches":{"total":1,"covered":1,"skipped":0,"pct":100}}
,"C:\\Users\\Nugraha Adhitama\\Documents\\api-ufo-veteran-jakarta\\src\\validators\\eventValidator.js": {"lines":{"total":114,"covered":102,"skipped":0,"pct":89.47},"functions":{"total":2,"covered":1,"skipped":0,"pct":50},"statements":{"total":114,"covered":102,"skipped":0,"pct":89.47},"branches":{"total":1,"covered":1,"skipped":0,"pct":100}}
}
