{"D:\\opal\\Projek code\\api-ufo-veteran-jakarta\\src\\app.js": {"path":"D:\\opal\\Projek code\\api-ufo-veteran-jakarta\\src\\app.js","statementMap":{"0":{"start":{"line":1,"column":15},"end":{"line":1,"column":32}},"1":{"start":{"line":2,"column":16},"end":{"line":2,"column":34}},"2":{"start":{"line":3,"column":19},"end":{"line":3,"column":41}},"3":{"start":{"line":4,"column":13},"end":{"line":4,"column":28}},"4":{"start":{"line":5,"column":21},"end":{"line":5,"column":45}},"5":{"start":{"line":6,"column":19},"end":{"line":6,"column":48}},"6":{"start":{"line":7,"column":16},"end":{"line":7,"column":42}},"7":{"start":{"line":8,"column":15},"end":{"line":8,"column":34}},"8":{"start":{"line":10,"column":0},"end":{"line":10,"column":16}},"9":{"start":{"line":12,"column":12},"end":{"line":12,"column":21}},"10":{"start":{"line":14,"column":0},"end":{"line":14,"column":16}},"11":{"start":{"line":15,"column":0},"end":{"line":15,"column":24}},"12":{"start":{"line":16,"column":0},"end":{"line":16,"column":27}},"13":{"start":{"line":17,"column":0},"end":{"line":17,"column":17}},"14":{"start":{"line":18,"column":0},"end":{"line":18,"column":22}},"15":{"start":{"line":20,"column":0},"end":{"line":20,"column":27}},"16":{"start":{"line":22,"column":0},"end":{"line":22,"column":21}}},"fnMap":{},"branchMap":{},"s":{"0":1,"1":1,"2":1,"3":1,"4":1,"5":1,"6":1,"7":1,"8":1,"9":1,"10":1,"11":1,"12":1,"13":1,"14":1,"15":1,"16":1},"f":{},"b":{},"_coverageSchema":"1a1c01bbd47fc00a2c39e90264f33305004495a9","hash":"311de30b79046e45209e71e4a66ab43599f1247a"}
,"D:\\opal\\Projek code\\api-ufo-veteran-jakarta\\src\\config\\cloudinary.js": {"path":"D:\\opal\\Projek code\\api-ufo-veteran-jakarta\\src\\config\\cloudinary.js","statementMap":{"0":{"start":{"line":1,"column":19},"end":{"line":1,"column":43}},"1":{"start":{"line":2,"column":15},"end":{"line":2,"column":32}},"2":{"start":{"line":4,"column":0},"end":{"line":4,"column":16}},"3":{"start":{"line":6,"column":0},"end":{"line":10,"column":3}},"4":{"start":{"line":12,"column":0},"end":{"line":12,"column":28}}},"fnMap":{},"branchMap":{},"s":{"0":1,"1":1,"2":1,"3":1,"4":1},"f":{},"b":{},"_coverageSchema":"1a1c01bbd47fc00a2c39e90264f33305004495a9","hash":"56c95379ab82023182df6e2062d06644f8678239"}
,"D:\\opal\\Projek code\\api-ufo-veteran-jakarta\\src\\config\\database.js": {"path":"D:\\opal\\Projek code\\api-ufo-veteran-jakarta\\src\\config\\database.js","statementMap":{"0":{"start":{"line":1,"column":17},"end":{"line":1,"column":30}},"1":{"start":{"line":2,"column":0},"end":{"line":4,"column":3}},"2":{"start":{"line":6,"column":13},"end":{"line":12,"column":2}},"3":{"start":{"line":14,"column":0},"end":{"line":14,"column":22}}},"fnMap":{},"branchMap":{"0":{"loc":{"start":{"line":3,"column":8},"end":{"line":3,"column":62}},"type":"cond-expr","locations":[{"start":{"line":3,"column":42},"end":{"line":3,"column":53}},{"start":{"line":3,"column":56},"end":{"line":3,"column":62}}],"line":3}},"s":{"0":1,"1":1,"2":1,"3":1},"f":{},"b":{"0":[1,0]},"_coverageSchema":"1a1c01bbd47fc00a2c39e90264f33305004495a9","hash":"a982d1f6f7203b1eaf3b0b26765707ce95f35aa2"}
,"D:\\opal\\Projek code\\api-ufo-veteran-jakarta\\src\\controllers\\achievementController.js": {"path":"D:\\opal\\Projek code\\api-ufo-veteran-jakarta\\src\\controllers\\achievementController.js","statementMap":{"0":{"start":{"line":1,"column":15},"end":{"line":1,"column":41}},"1":{"start":{"line":2,"column":25},"end":{"line":2,"column":55}},"2":{"start":{"line":3,"column":25},"end":{"line":3,"column":55}},"3":{"start":{"line":10,"column":4},"end":{"line":10,"column":45}},"4":{"start":{"line":12,"column":0},"end":{"line":26,"column":2}},"5":{"start":{"line":13,"column":2},"end":{"line":25,"column":3}},"6":{"start":{"line":14,"column":23},"end":{"line":14,"column":65}},"7":{"start":{"line":16,"column":4},"end":{"line":16,"column":42}},"8":{"start":{"line":18,"column":19},"end":{"line":18,"column":48}},"9":{"start":{"line":20,"column":4},"end":{"line":20,"column":56}},"10":{"start":{"line":21,"column":4},"end":{"line":21,"column":78}},"11":{"start":{"line":23,"column":4},"end":{"line":23,"column":54}},"12":{"start":{"line":24,"column":4},"end":{"line":24,"column":49}},"13":{"start":{"line":28,"column":0},"end":{"line":57,"column":2}},"14":{"start":{"line":29,"column":2},"end":{"line":56,"column":3}},"15":{"start":{"line":30,"column":4},"end":{"line":32,"column":5}},"16":{"start":{"line":31,"column":6},"end":{"line":31,"column":20}},"17":{"start":{"line":34,"column":25},"end":{"line":34,"column":51}},"18":{"start":{"line":36,"column":4},"end":{"line":43,"column":5}},"19":{"start":{"line":37,"column":6},"end":{"line":37,"column":53}},"20":{"start":{"line":38,"column":6},"end":{"line":42,"column":8}},"21":{"start":{"line":45,"column":4},"end":{"line":45,"column":53}},"22":{"start":{"line":47,"column":4},"end":{"line":52,"column":6}},"23":{"start":{"line":54,"column":4},"end":{"line":54,"column":58}},"24":{"start":{"line":55,"column":4},"end":{"line":55,"column":68}},"25":{"start":{"line":59,"column":0},"end":{"line":75,"column":2}},"26":{"start":{"line":60,"column":2},"end":{"line":74,"column":3}},"27":{"start":{"line":61,"column":19},"end":{"line":61,"column":28}},"28":{"start":{"line":62,"column":24},"end":{"line":62,"column":52}},"29":{"start":{"line":64,"column":4},"end":{"line":67,"column":5}},"30":{"start":{"line":65,"column":6},"end":{"line":65,"column":58}},"31":{"start":{"line":66,"column":6},"end":{"line":66,"column":61}},"32":{"start":{"line":69,"column":4},"end":{"line":69,"column":62}},"33":{"start":{"line":70,"column":4},"end":{"line":70,"column":79}},"34":{"start":{"line":72,"column":4},"end":{"line":72,"column":46}},"35":{"start":{"line":73,"column":4},"end":{"line":73,"column":49}},"36":{"start":{"line":77,"column":0},"end":{"line":105,"column":2}},"37":{"start":{"line":78,"column":2},"end":{"line":104,"column":3}},"38":{"start":{"line":79,"column":19},"end":{"line":79,"column":28}},"39":{"start":{"line":80,"column":24},"end":{"line":80,"column":52}},"40":{"start":{"line":82,"column":4},"end":{"line":85,"column":5}},"41":{"start":{"line":83,"column":6},"end":{"line":83,"column":58}},"42":{"start":{"line":84,"column":6},"end":{"line":84,"column":61}},"43":{"start":{"line":87,"column":4},"end":{"line":90,"column":5}},"44":{"start":{"line":88,"column":25},"end":{"line":88,"column":67}},"45":{"start":{"line":89,"column":6},"end":{"line":89,"column":44}},"46":{"start":{"line":92,"column":31},"end":{"line":92,"column":68}},"47":{"start":{"line":94,"column":4},"end":{"line":94,"column":65}},"48":{"start":{"line":95,"column":4},"end":{"line":100,"column":6}},"49":{"start":{"line":102,"column":4},"end":{"line":102,"column":49}},"50":{"start":{"line":103,"column":4},"end":{"line":103,"column":49}},"51":{"start":{"line":107,"column":0},"end":{"line":131,"column":2}},"52":{"start":{"line":108,"column":2},"end":{"line":130,"column":3}},"53":{"start":{"line":109,"column":19},"end":{"line":109,"column":28}},"54":{"start":{"line":111,"column":24},"end":{"line":111,"column":52}},"55":{"start":{"line":113,"column":4},"end":{"line":116,"column":5}},"56":{"start":{"line":114,"column":6},"end":{"line":114,"column":58}},"57":{"start":{"line":115,"column":6},"end":{"line":115,"column":61}},"58":{"start":{"line":118,"column":31},"end":{"line":118,"column":58}},"59":{"start":{"line":120,"column":4},"end":{"line":120,"column":65}},"60":{"start":{"line":121,"column":4},"end":{"line":126,"column":6}},"61":{"start":{"line":128,"column":4},"end":{"line":128,"column":49}},"62":{"start":{"line":129,"column":4},"end":{"line":129,"column":49}}},"fnMap":{"0":{"name":"(anonymous_0)","decl":{"start":{"line":12,"column":25},"end":{"line":12,"column":26}},"loc":{"start":{"line":12,"column":45},"end":{"line":26,"column":1}},"line":12},"1":{"name":"(anonymous_1)","decl":{"start":{"line":28,"column":29},"end":{"line":28,"column":30}},"loc":{"start":{"line":28,"column":55},"end":{"line":57,"column":1}},"line":28},"2":{"name":"(anonymous_2)","decl":{"start":{"line":59,"column":29},"end":{"line":59,"column":30}},"loc":{"start":{"line":59,"column":49},"end":{"line":75,"column":1}},"line":59},"3":{"name":"(anonymous_3)","decl":{"start":{"line":77,"column":32},"end":{"line":77,"column":33}},"loc":{"start":{"line":77,"column":52},"end":{"line":105,"column":1}},"line":77},"4":{"name":"(anonymous_4)","decl":{"start":{"line":107,"column":32},"end":{"line":107,"column":33}},"loc":{"start":{"line":107,"column":52},"end":{"line":131,"column":1}},"line":107}},"branchMap":{"0":{"loc":{"start":{"line":30,"column":4},"end":{"line":32,"column":5}},"type":"if","locations":[{"start":{"line":30,"column":4},"end":{"line":32,"column":5}},{"start":{},"end":{}}],"line":30},"1":{"loc":{"start":{"line":36,"column":4},"end":{"line":43,"column":5}},"type":"if","locations":[{"start":{"line":36,"column":4},"end":{"line":43,"column":5}},{"start":{},"end":{}}],"line":36},"2":{"loc":{"start":{"line":64,"column":4},"end":{"line":67,"column":5}},"type":"if","locations":[{"start":{"line":64,"column":4},"end":{"line":67,"column":5}},{"start":{},"end":{}}],"line":64},"3":{"loc":{"start":{"line":82,"column":4},"end":{"line":85,"column":5}},"type":"if","locations":[{"start":{"line":82,"column":4},"end":{"line":85,"column":5}},{"start":{},"end":{}}],"line":82},"4":{"loc":{"start":{"line":87,"column":4},"end":{"line":90,"column":5}},"type":"if","locations":[{"start":{"line":87,"column":4},"end":{"line":90,"column":5}},{"start":{},"end":{}}],"line":87},"5":{"loc":{"start":{"line":113,"column":4},"end":{"line":116,"column":5}},"type":"if","locations":[{"start":{"line":113,"column":4},"end":{"line":116,"column":5}},{"start":{},"end":{}}],"line":113}},"s":{"0":1,"1":1,"2":1,"3":1,"4":1,"5":0,"6":0,"7":0,"8":0,"9":0,"10":0,"11":0,"12":0,"13":1,"14":0,"15":0,"16":0,"17":0,"18":0,"19":0,"20":0,"21":0,"22":0,"23":0,"24":0,"25":1,"26":0,"27":0,"28":0,"29":0,"30":0,"31":0,"32":0,"33":0,"34":0,"35":0,"36":1,"37":0,"38":0,"39":0,"40":0,"41":0,"42":0,"43":0,"44":0,"45":0,"46":0,"47":0,"48":0,"49":0,"50":0,"51":1,"52":0,"53":0,"54":0,"55":0,"56":0,"57":0,"58":0,"59":0,"60":0,"61":0,"62":0},"f":{"0":0,"1":0,"2":0,"3":0,"4":0},"b":{"0":[0,0],"1":[0,0],"2":[0,0],"3":[0,0],"4":[0,0],"5":[0,0]},"_coverageSchema":"1a1c01bbd47fc00a2c39e90264f33305004495a9","hash":"be130aa98b001c56c2201eeda7cabcfe7f4edea8"}
,"D:\\opal\\Projek code\\api-ufo-veteran-jakarta\\src\\controllers\\authController.js": {"path":"D:\\opal\\Projek code\\api-ufo-veteran-jakarta\\src\\controllers\\authController.js","statementMap":{"0":{"start":{"line":1,"column":20},"end":{"line":1,"column":54}},"1":{"start":{"line":2,"column":25},"end":{"line":2,"column":55}},"2":{"start":{"line":3,"column":17},"end":{"line":3,"column":40}},"3":{"start":{"line":4,"column":15},"end":{"line":4,"column":41}},"4":{"start":{"line":6,"column":0},"end":{"line":22,"column":2}},"5":{"start":{"line":7,"column":2},"end":{"line":21,"column":3}},"6":{"start":{"line":8,"column":17},"end":{"line":8,"column":71}},"7":{"start":{"line":10,"column":4},"end":{"line":13,"column":5}},"8":{"start":{"line":11,"column":6},"end":{"line":11,"column":61}},"9":{"start":{"line":12,"column":6},"end":{"line":12,"column":62}},"10":{"start":{"line":14,"column":4},"end":{"line":14,"column":61}},"11":{"start":{"line":15,"column":4},"end":{"line":15,"column":43}},"12":{"start":{"line":17,"column":4},"end":{"line":17,"column":71}},"13":{"start":{"line":19,"column":4},"end":{"line":19,"column":52}},"14":{"start":{"line":20,"column":4},"end":{"line":20,"column":49}},"15":{"start":{"line":24,"column":0},"end":{"line":51,"column":2}},"16":{"start":{"line":25,"column":2},"end":{"line":50,"column":3}},"17":{"start":{"line":26,"column":17},"end":{"line":26,"column":50}},"18":{"start":{"line":28,"column":4},"end":{"line":31,"column":5}},"19":{"start":{"line":29,"column":6},"end":{"line":29,"column":51}},"20":{"start":{"line":30,"column":6},"end":{"line":30,"column":56}},"21":{"start":{"line":32,"column":18},"end":{"line":32,"column":28}},"22":{"start":{"line":33,"column":4},"end":{"line":36,"column":7}},"23":{"start":{"line":37,"column":4},"end":{"line":46,"column":6}},"24":{"start":{"line":48,"column":4},"end":{"line":48,"column":49}},"25":{"start":{"line":49,"column":4},"end":{"line":49,"column":47}},"26":{"start":{"line":53,"column":0},"end":{"line":60,"column":2}},"27":{"start":{"line":54,"column":2},"end":{"line":57,"column":3}},"28":{"start":{"line":55,"column":4},"end":{"line":55,"column":51}},"29":{"start":{"line":56,"column":4},"end":{"line":56,"column":50}},"30":{"start":{"line":58,"column":2},"end":{"line":58,"column":27}},"31":{"start":{"line":59,"column":2},"end":{"line":59,"column":51}}},"fnMap":{"0":{"name":"(anonymous_0)","decl":{"start":{"line":6,"column":19},"end":{"line":6,"column":20}},"loc":{"start":{"line":6,"column":39},"end":{"line":22,"column":1}},"line":6},"1":{"name":"(anonymous_1)","decl":{"start":{"line":24,"column":16},"end":{"line":24,"column":17}},"loc":{"start":{"line":24,"column":36},"end":{"line":51,"column":1}},"line":24},"2":{"name":"(anonymous_2)","decl":{"start":{"line":53,"column":17},"end":{"line":53,"column":18}},"loc":{"start":{"line":53,"column":37},"end":{"line":60,"column":1}},"line":53}},"branchMap":{"0":{"loc":{"start":{"line":10,"column":4},"end":{"line":13,"column":5}},"type":"if","locations":[{"start":{"line":10,"column":4},"end":{"line":13,"column":5}},{"start":{},"end":{}}],"line":10},"1":{"loc":{"start":{"line":28,"column":4},"end":{"line":31,"column":5}},"type":"if","locations":[{"start":{"line":28,"column":4},"end":{"line":31,"column":5}},{"start":{},"end":{}}],"line":28},"2":{"loc":{"start":{"line":54,"column":2},"end":{"line":57,"column":3}},"type":"if","locations":[{"start":{"line":54,"column":2},"end":{"line":57,"column":3}},{"start":{},"end":{}}],"line":54}},"s":{"0":1,"1":1,"2":1,"3":1,"4":1,"5":9,"6":9,"7":9,"8":2,"9":2,"10":7,"11":7,"12":7,"13":0,"14":0,"15":1,"16":9,"17":9,"18":9,"19":0,"20":0,"21":9,"22":9,"23":9,"24":0,"25":0,"26":1,"27":0,"28":0,"29":0,"30":0,"31":0},"f":{"0":9,"1":9,"2":0},"b":{"0":[2,7],"1":[0,9],"2":[0,0]},"_coverageSchema":"1a1c01bbd47fc00a2c39e90264f33305004495a9","hash":"0966e1e9ecd73dfe75c934a27ec766b755e79076"}
,"D:\\opal\\Projek code\\api-ufo-veteran-jakarta\\src\\controllers\\contentController.js": {"path":"D:\\opal\\Projek code\\api-ufo-veteran-jakarta\\src\\controllers\\contentController.js","statementMap":{"0":{"start":{"line":1,"column":23},"end":{"line":1,"column":60}},"1":{"start":{"line":2,"column":25},"end":{"line":2,"column":55}},"2":{"start":{"line":4,"column":15},"end":{"line":4,"column":41}},"3":{"start":{"line":6,"column":0},"end":{"line":22,"column":2}},"4":{"start":{"line":7,"column":2},"end":{"line":21,"column":3}},"5":{"start":{"line":10,"column":4},"end":{"line":14,"column":5}},"6":{"start":{"line":11,"column":6},"end":{"line":11,"column":65}},"7":{"start":{"line":13,"column":6},"end":{"line":13,"column":45}},"8":{"start":{"line":16,"column":4},"end":{"line":16,"column":52}},"9":{"start":{"line":17,"column":4},"end":{"line":17,"column":75}},"10":{"start":{"line":19,"column":4},"end":{"line":19,"column":50}},"11":{"start":{"line":20,"column":4},"end":{"line":20,"column":49}},"12":{"start":{"line":24,"column":0},"end":{"line":34,"column":2}},"13":{"start":{"line":25,"column":2},"end":{"line":33,"column":3}},"14":{"start":{"line":26,"column":19},"end":{"line":26,"column":60}},"15":{"start":{"line":28,"column":4},"end":{"line":28,"column":52}},"16":{"start":{"line":29,"column":4},"end":{"line":29,"column":74}},"17":{"start":{"line":31,"column":4},"end":{"line":31,"column":50}},"18":{"start":{"line":32,"column":4},"end":{"line":32,"column":49}},"19":{"start":{"line":36,"column":0},"end":{"line":57,"column":2}},"20":{"start":{"line":37,"column":2},"end":{"line":56,"column":3}},"21":{"start":{"line":38,"column":4},"end":{"line":40,"column":5}},"22":{"start":{"line":39,"column":6},"end":{"line":39,"column":57}},"23":{"start":{"line":42,"column":24},"end":{"line":42,"column":73}},"24":{"start":{"line":43,"column":4},"end":{"line":45,"column":5}},"25":{"start":{"line":44,"column":6},"end":{"line":44,"column":57}},"26":{"start":{"line":46,"column":19},"end":{"line":49,"column":5}},"27":{"start":{"line":51,"column":4},"end":{"line":51,"column":59}},"28":{"start":{"line":52,"column":4},"end":{"line":52,"column":73}},"29":{"start":{"line":54,"column":4},"end":{"line":54,"column":56}},"30":{"start":{"line":55,"column":4},"end":{"line":55,"column":49}},"31":{"start":{"line":59,"column":0},"end":{"line":77,"column":2}},"32":{"start":{"line":60,"column":2},"end":{"line":76,"column":3}},"33":{"start":{"line":61,"column":4},"end":{"line":63,"column":5}},"34":{"start":{"line":62,"column":6},"end":{"line":62,"column":57}},"35":{"start":{"line":65,"column":24},"end":{"line":65,"column":73}},"36":{"start":{"line":66,"column":4},"end":{"line":68,"column":5}},"37":{"start":{"line":67,"column":6},"end":{"line":67,"column":57}},"38":{"start":{"line":70,"column":4},"end":{"line":70,"column":53}},"39":{"start":{"line":71,"column":4},"end":{"line":71,"column":59}},"40":{"start":{"line":72,"column":4},"end":{"line":72,"column":65}},"41":{"start":{"line":74,"column":4},"end":{"line":74,"column":56}},"42":{"start":{"line":75,"column":4},"end":{"line":75,"column":47}}},"fnMap":{"0":{"name":"(anonymous_0)","decl":{"start":{"line":6,"column":17},"end":{"line":6,"column":18}},"loc":{"start":{"line":6,"column":37},"end":{"line":22,"column":1}},"line":6},"1":{"name":"(anonymous_1)","decl":{"start":{"line":24,"column":21},"end":{"line":24,"column":22}},"loc":{"start":{"line":24,"column":41},"end":{"line":34,"column":1}},"line":24},"2":{"name":"(anonymous_2)","decl":{"start":{"line":36,"column":24},"end":{"line":36,"column":25}},"loc":{"start":{"line":36,"column":44},"end":{"line":57,"column":1}},"line":36},"3":{"name":"(anonymous_3)","decl":{"start":{"line":59,"column":24},"end":{"line":59,"column":25}},"loc":{"start":{"line":59,"column":44},"end":{"line":77,"column":1}},"line":59}},"branchMap":{"0":{"loc":{"start":{"line":10,"column":4},"end":{"line":14,"column":5}},"type":"if","locations":[{"start":{"line":10,"column":4},"end":{"line":14,"column":5}},{"start":{"line":12,"column":11},"end":{"line":14,"column":5}}],"line":10},"1":{"loc":{"start":{"line":38,"column":4},"end":{"line":40,"column":5}},"type":"if","locations":[{"start":{"line":38,"column":4},"end":{"line":40,"column":5}},{"start":{},"end":{}}],"line":38},"2":{"loc":{"start":{"line":43,"column":4},"end":{"line":45,"column":5}},"type":"if","locations":[{"start":{"line":43,"column":4},"end":{"line":45,"column":5}},{"start":{},"end":{}}],"line":43},"3":{"loc":{"start":{"line":61,"column":4},"end":{"line":63,"column":5}},"type":"if","locations":[{"start":{"line":61,"column":4},"end":{"line":63,"column":5}},{"start":{},"end":{}}],"line":61},"4":{"loc":{"start":{"line":66,"column":4},"end":{"line":68,"column":5}},"type":"if","locations":[{"start":{"line":66,"column":4},"end":{"line":68,"column":5}},{"start":{},"end":{}}],"line":66}},"s":{"0":1,"1":1,"2":1,"3":1,"4":0,"5":0,"6":0,"7":0,"8":0,"9":0,"10":0,"11":0,"12":1,"13":0,"14":0,"15":0,"16":0,"17":0,"18":0,"19":1,"20":0,"21":0,"22":0,"23":0,"24":0,"25":0,"26":0,"27":0,"28":0,"29":0,"30":0,"31":1,"32":0,"33":0,"34":0,"35":0,"36":0,"37":0,"38":0,"39":0,"40":0,"41":0,"42":0},"f":{"0":0,"1":0,"2":0,"3":0},"b":{"0":[0,0],"1":[0,0],"2":[0,0],"3":[0,0],"4":[0,0]},"_coverageSchema":"1a1c01bbd47fc00a2c39e90264f33305004495a9","hash":"3a514a262ca789237e6229d4d9260d1126f672bb"}
,"D:\\opal\\Projek code\\api-ufo-veteran-jakarta\\src\\controllers\\divisionController.js": {"path":"D:\\opal\\Projek code\\api-ufo-veteran-jakarta\\src\\controllers\\divisionController.js","statementMap":{"0":{"start":{"line":7,"column":4},"end":{"line":7,"column":41}},"1":{"start":{"line":8,"column":15},"end":{"line":8,"column":41}},"2":{"start":{"line":9,"column":25},"end":{"line":9,"column":55}},"3":{"start":{"line":11,"column":0},"end":{"line":21,"column":2}},"4":{"start":{"line":12,"column":2},"end":{"line":20,"column":3}},"5":{"start":{"line":13,"column":19},"end":{"line":13,"column":46}},"6":{"start":{"line":15,"column":4},"end":{"line":15,"column":53}},"7":{"start":{"line":16,"column":4},"end":{"line":16,"column":75}},"8":{"start":{"line":18,"column":4},"end":{"line":18,"column":51}},"9":{"start":{"line":19,"column":4},"end":{"line":19,"column":49}},"10":{"start":{"line":23,"column":0},"end":{"line":36,"column":2}},"11":{"start":{"line":24,"column":2},"end":{"line":35,"column":3}},"12":{"start":{"line":25,"column":4},"end":{"line":27,"column":5}},"13":{"start":{"line":26,"column":6},"end":{"line":26,"column":20}},"14":{"start":{"line":29,"column":22},"end":{"line":29,"column":45}},"15":{"start":{"line":30,"column":4},"end":{"line":30,"column":50}},"16":{"start":{"line":31,"column":4},"end":{"line":31,"column":79}},"17":{"start":{"line":33,"column":4},"end":{"line":33,"column":48}},"18":{"start":{"line":34,"column":4},"end":{"line":34,"column":65}},"19":{"start":{"line":38,"column":0},"end":{"line":54,"column":2}},"20":{"start":{"line":39,"column":2},"end":{"line":53,"column":3}},"21":{"start":{"line":40,"column":19},"end":{"line":40,"column":28}},"22":{"start":{"line":41,"column":21},"end":{"line":41,"column":46}},"23":{"start":{"line":43,"column":4},"end":{"line":46,"column":5}},"24":{"start":{"line":44,"column":6},"end":{"line":44,"column":55}},"25":{"start":{"line":45,"column":6},"end":{"line":45,"column":72}},"26":{"start":{"line":48,"column":4},"end":{"line":48,"column":59}},"27":{"start":{"line":49,"column":4},"end":{"line":49,"column":73}},"28":{"start":{"line":51,"column":4},"end":{"line":51,"column":43}},"29":{"start":{"line":52,"column":4},"end":{"line":52,"column":49}},"30":{"start":{"line":56,"column":0},"end":{"line":79,"column":2}},"31":{"start":{"line":57,"column":2},"end":{"line":78,"column":3}},"32":{"start":{"line":58,"column":19},"end":{"line":58,"column":28}},"33":{"start":{"line":59,"column":21},"end":{"line":59,"column":46}},"34":{"start":{"line":61,"column":4},"end":{"line":64,"column":5}},"35":{"start":{"line":62,"column":6},"end":{"line":62,"column":55}},"36":{"start":{"line":63,"column":6},"end":{"line":63,"column":72}},"37":{"start":{"line":66,"column":28},"end":{"line":66,"column":66}},"38":{"start":{"line":68,"column":4},"end":{"line":68,"column":62}},"39":{"start":{"line":69,"column":4},"end":{"line":74,"column":6}},"40":{"start":{"line":76,"column":4},"end":{"line":76,"column":46}},"41":{"start":{"line":77,"column":4},"end":{"line":77,"column":49}},"42":{"start":{"line":81,"column":0},"end":{"line":105,"column":2}},"43":{"start":{"line":82,"column":2},"end":{"line":104,"column":3}},"44":{"start":{"line":83,"column":19},"end":{"line":83,"column":28}},"45":{"start":{"line":85,"column":21},"end":{"line":85,"column":46}},"46":{"start":{"line":87,"column":4},"end":{"line":90,"column":5}},"47":{"start":{"line":88,"column":6},"end":{"line":88,"column":55}},"48":{"start":{"line":89,"column":6},"end":{"line":89,"column":72}},"49":{"start":{"line":92,"column":28},"end":{"line":92,"column":56}},"50":{"start":{"line":94,"column":4},"end":{"line":94,"column":62}},"51":{"start":{"line":95,"column":4},"end":{"line":100,"column":6}},"52":{"start":{"line":102,"column":4},"end":{"line":102,"column":46}},"53":{"start":{"line":103,"column":4},"end":{"line":103,"column":49}}},"fnMap":{"0":{"name":"(anonymous_0)","decl":{"start":{"line":11,"column":22},"end":{"line":11,"column":23}},"loc":{"start":{"line":11,"column":42},"end":{"line":21,"column":1}},"line":11},"1":{"name":"(anonymous_1)","decl":{"start":{"line":23,"column":26},"end":{"line":23,"column":27}},"loc":{"start":{"line":23,"column":52},"end":{"line":36,"column":1}},"line":23},"2":{"name":"(anonymous_2)","decl":{"start":{"line":38,"column":26},"end":{"line":38,"column":27}},"loc":{"start":{"line":38,"column":46},"end":{"line":54,"column":1}},"line":38},"3":{"name":"(anonymous_3)","decl":{"start":{"line":56,"column":29},"end":{"line":56,"column":30}},"loc":{"start":{"line":56,"column":49},"end":{"line":79,"column":1}},"line":56},"4":{"name":"(anonymous_4)","decl":{"start":{"line":81,"column":29},"end":{"line":81,"column":30}},"loc":{"start":{"line":81,"column":49},"end":{"line":105,"column":1}},"line":81}},"branchMap":{"0":{"loc":{"start":{"line":25,"column":4},"end":{"line":27,"column":5}},"type":"if","locations":[{"start":{"line":25,"column":4},"end":{"line":27,"column":5}},{"start":{},"end":{}}],"line":25},"1":{"loc":{"start":{"line":43,"column":4},"end":{"line":46,"column":5}},"type":"if","locations":[{"start":{"line":43,"column":4},"end":{"line":46,"column":5}},{"start":{},"end":{}}],"line":43},"2":{"loc":{"start":{"line":61,"column":4},"end":{"line":64,"column":5}},"type":"if","locations":[{"start":{"line":61,"column":4},"end":{"line":64,"column":5}},{"start":{},"end":{}}],"line":61},"3":{"loc":{"start":{"line":87,"column":4},"end":{"line":90,"column":5}},"type":"if","locations":[{"start":{"line":87,"column":4},"end":{"line":90,"column":5}},{"start":{},"end":{}}],"line":87}},"s":{"0":1,"1":1,"2":1,"3":1,"4":0,"5":0,"6":0,"7":0,"8":0,"9":0,"10":1,"11":0,"12":0,"13":0,"14":0,"15":0,"16":0,"17":0,"18":0,"19":1,"20":0,"21":0,"22":0,"23":0,"24":0,"25":0,"26":0,"27":0,"28":0,"29":0,"30":1,"31":0,"32":0,"33":0,"34":0,"35":0,"36":0,"37":0,"38":0,"39":0,"40":0,"41":0,"42":1,"43":0,"44":0,"45":0,"46":0,"47":0,"48":0,"49":0,"50":0,"51":0,"52":0,"53":0},"f":{"0":0,"1":0,"2":0,"3":0,"4":0},"b":{"0":[0,0],"1":[0,0],"2":[0,0],"3":[0,0]},"_coverageSchema":"1a1c01bbd47fc00a2c39e90264f33305004495a9","hash":"36d22b637c34217b34bfd5a935d0df4380118fe5"}
,"D:\\opal\\Projek code\\api-ufo-veteran-jakarta\\src\\controllers\\eventController.js": {"path":"D:\\opal\\Projek code\\api-ufo-veteran-jakarta\\src\\controllers\\eventController.js","statementMap":{"0":{"start":{"line":1,"column":15},"end":{"line":1,"column":41}},"1":{"start":{"line":2,"column":25},"end":{"line":2,"column":55}},"2":{"start":{"line":9,"column":4},"end":{"line":9,"column":39}},"3":{"start":{"line":10,"column":31},"end":{"line":10,"column":57}},"4":{"start":{"line":11,"column":25},"end":{"line":11,"column":55}},"5":{"start":{"line":13,"column":0},"end":{"line":33,"column":2}},"6":{"start":{"line":14,"column":2},"end":{"line":32,"column":3}},"7":{"start":{"line":15,"column":4},"end":{"line":15,"column":54}},"8":{"start":{"line":17,"column":24},"end":{"line":17,"column":68}},"9":{"start":{"line":18,"column":34},"end":{"line":21,"column":5}},"10":{"start":{"line":23,"column":4},"end":{"line":23,"column":44}},"11":{"start":{"line":24,"column":4},"end":{"line":24,"column":64}},"12":{"start":{"line":26,"column":19},"end":{"line":26,"column":43}},"13":{"start":{"line":27,"column":4},"end":{"line":27,"column":50}},"14":{"start":{"line":28,"column":4},"end":{"line":28,"column":72}},"15":{"start":{"line":30,"column":4},"end":{"line":30,"column":48}},"16":{"start":{"line":31,"column":4},"end":{"line":31,"column":49}},"17":{"start":{"line":35,"column":0},"end":{"line":44,"column":2}},"18":{"start":{"line":36,"column":2},"end":{"line":43,"column":3}},"19":{"start":{"line":37,"column":19},"end":{"line":37,"column":39}},"20":{"start":{"line":38,"column":4},"end":{"line":38,"column":47}},"21":{"start":{"line":39,"column":4},"end":{"line":39,"column":73}},"22":{"start":{"line":41,"column":4},"end":{"line":41,"column":45}},"23":{"start":{"line":42,"column":4},"end":{"line":42,"column":62}},"24":{"start":{"line":46,"column":0},"end":{"line":62,"column":2}},"25":{"start":{"line":47,"column":2},"end":{"line":61,"column":3}},"26":{"start":{"line":48,"column":21},"end":{"line":48,"column":31}},"27":{"start":{"line":49,"column":18},"end":{"line":49,"column":44}},"28":{"start":{"line":51,"column":4},"end":{"line":54,"column":5}},"29":{"start":{"line":52,"column":6},"end":{"line":52,"column":56}},"30":{"start":{"line":53,"column":6},"end":{"line":53,"column":55}},"31":{"start":{"line":56,"column":4},"end":{"line":56,"column":60}},"32":{"start":{"line":57,"column":4},"end":{"line":57,"column":67}},"33":{"start":{"line":59,"column":4},"end":{"line":59,"column":40}},"34":{"start":{"line":60,"column":4},"end":{"line":60,"column":49}},"35":{"start":{"line":64,"column":0},"end":{"line":104,"column":2}},"36":{"start":{"line":65,"column":19},"end":{"line":65,"column":29}},"37":{"start":{"line":67,"column":2},"end":{"line":69,"column":3}},"38":{"start":{"line":68,"column":4},"end":{"line":68,"column":53}},"39":{"start":{"line":71,"column":2},"end":{"line":103,"column":3}},"40":{"start":{"line":72,"column":26},"end":{"line":72,"column":52}},"41":{"start":{"line":74,"column":4},"end":{"line":77,"column":5}},"42":{"start":{"line":75,"column":6},"end":{"line":75,"column":56}},"43":{"start":{"line":76,"column":6},"end":{"line":76,"column":55}},"44":{"start":{"line":79,"column":4},"end":{"line":81,"column":5}},"45":{"start":{"line":80,"column":6},"end":{"line":80,"column":56}},"46":{"start":{"line":83,"column":4},"end":{"line":86,"column":5}},"47":{"start":{"line":84,"column":26},"end":{"line":84,"column":70}},"48":{"start":{"line":85,"column":6},"end":{"line":85,"column":46}},"49":{"start":{"line":88,"column":4},"end":{"line":94,"column":5}},"50":{"start":{"line":89,"column":35},"end":{"line":92,"column":7}},"51":{"start":{"line":93,"column":6},"end":{"line":93,"column":65}},"52":{"start":{"line":96,"column":25},"end":{"line":96,"column":58}},"53":{"start":{"line":98,"column":4},"end":{"line":98,"column":64}},"54":{"start":{"line":99,"column":4},"end":{"line":99,"column":80}},"55":{"start":{"line":101,"column":4},"end":{"line":101,"column":79}},"56":{"start":{"line":102,"column":4},"end":{"line":102,"column":49}},"57":{"start":{"line":106,"column":0},"end":{"line":128,"column":2}},"58":{"start":{"line":107,"column":2},"end":{"line":127,"column":3}},"59":{"start":{"line":108,"column":21},"end":{"line":108,"column":31}},"60":{"start":{"line":109,"column":19},"end":{"line":109,"column":42}},"61":{"start":{"line":111,"column":4},"end":{"line":116,"column":5}},"62":{"start":{"line":112,"column":6},"end":{"line":115,"column":9}},"63":{"start":{"line":118,"column":4},"end":{"line":121,"column":7}},"64":{"start":{"line":123,"column":4},"end":{"line":126,"column":7}}},"fnMap":{"0":{"name":"(anonymous_0)","decl":{"start":{"line":13,"column":22},"end":{"line":13,"column":23}},"loc":{"start":{"line":13,"column":42},"end":{"line":33,"column":1}},"line":13},"1":{"name":"(anonymous_1)","decl":{"start":{"line":35,"column":23},"end":{"line":35,"column":24}},"loc":{"start":{"line":35,"column":43},"end":{"line":44,"column":1}},"line":35},"2":{"name":"(anonymous_2)","decl":{"start":{"line":46,"column":25},"end":{"line":46,"column":26}},"loc":{"start":{"line":46,"column":45},"end":{"line":62,"column":1}},"line":46},"3":{"name":"(anonymous_3)","decl":{"start":{"line":64,"column":22},"end":{"line":64,"column":23}},"loc":{"start":{"line":64,"column":42},"end":{"line":104,"column":1}},"line":64},"4":{"name":"(anonymous_4)","decl":{"start":{"line":106,"column":28},"end":{"line":106,"column":29}},"loc":{"start":{"line":106,"column":48},"end":{"line":128,"column":1}},"line":106}},"branchMap":{"0":{"loc":{"start":{"line":51,"column":4},"end":{"line":54,"column":5}},"type":"if","locations":[{"start":{"line":51,"column":4},"end":{"line":54,"column":5}},{"start":{},"end":{}}],"line":51},"1":{"loc":{"start":{"line":67,"column":2},"end":{"line":69,"column":3}},"type":"if","locations":[{"start":{"line":67,"column":2},"end":{"line":69,"column":3}},{"start":{},"end":{}}],"line":67},"2":{"loc":{"start":{"line":74,"column":4},"end":{"line":77,"column":5}},"type":"if","locations":[{"start":{"line":74,"column":4},"end":{"line":77,"column":5}},{"start":{},"end":{}}],"line":74},"3":{"loc":{"start":{"line":79,"column":4},"end":{"line":81,"column":5}},"type":"if","locations":[{"start":{"line":79,"column":4},"end":{"line":81,"column":5}},{"start":{},"end":{}}],"line":79},"4":{"loc":{"start":{"line":83,"column":4},"end":{"line":86,"column":5}},"type":"if","locations":[{"start":{"line":83,"column":4},"end":{"line":86,"column":5}},{"start":{},"end":{}}],"line":83},"5":{"loc":{"start":{"line":88,"column":4},"end":{"line":94,"column":5}},"type":"if","locations":[{"start":{"line":88,"column":4},"end":{"line":94,"column":5}},{"start":{},"end":{}}],"line":88},"6":{"loc":{"start":{"line":111,"column":4},"end":{"line":116,"column":5}},"type":"if","locations":[{"start":{"line":111,"column":4},"end":{"line":116,"column":5}},{"start":{},"end":{}}],"line":111}},"s":{"0":1,"1":1,"2":1,"3":1,"4":1,"5":1,"6":3,"7":3,"8":3,"9":3,"10":3,"11":3,"12":3,"13":3,"14":3,"15":0,"16":0,"17":1,"18":1,"19":1,"20":1,"21":1,"22":0,"23":0,"24":1,"25":2,"26":2,"27":2,"28":2,"29":1,"30":1,"31":1,"32":1,"33":0,"34":0,"35":1,"36":1,"37":1,"38":0,"39":1,"40":1,"41":1,"42":0,"43":0,"44":1,"45":1,"46":1,"47":0,"48":0,"49":1,"50":0,"51":0,"52":1,"53":1,"54":1,"55":0,"56":0,"57":1,"58":2,"59":2,"60":2,"61":2,"62":1,"63":1,"64":0},"f":{"0":3,"1":1,"2":2,"3":1,"4":2},"b":{"0":[1,1],"1":[0,1],"2":[0,1],"3":[1,0],"4":[0,1],"5":[0,1],"6":[1,1]},"_coverageSchema":"1a1c01bbd47fc00a2c39e90264f33305004495a9","hash":"c4879d8734ee4d588e45245fe5bfe4234033ade8"}
,"D:\\opal\\Projek code\\api-ufo-veteran-jakarta\\src\\controllers\\latestActivityController.js": {"path":"D:\\opal\\Projek code\\api-ufo-veteran-jakarta\\src\\controllers\\latestActivityController.js","statementMap":{"0":{"start":{"line":1,"column":15},"end":{"line":1,"column":41}},"1":{"start":{"line":2,"column":25},"end":{"line":2,"column":55}},"2":{"start":{"line":3,"column":25},"end":{"line":3,"column":55}},"3":{"start":{"line":10,"column":4},"end":{"line":10,"column":48}},"4":{"start":{"line":12,"column":0},"end":{"line":33,"column":2}},"5":{"start":{"line":13,"column":2},"end":{"line":32,"column":3}},"6":{"start":{"line":14,"column":38},"end":{"line":17,"column":5}},"7":{"start":{"line":19,"column":4},"end":{"line":19,"column":58}},"8":{"start":{"line":21,"column":19},"end":{"line":21,"column":52}},"9":{"start":{"line":22,"column":4},"end":{"line":22,"column":60}},"10":{"start":{"line":23,"column":4},"end":{"line":28,"column":6}},"11":{"start":{"line":30,"column":4},"end":{"line":30,"column":58}},"12":{"start":{"line":31,"column":4},"end":{"line":31,"column":49}},"13":{"start":{"line":35,"column":0},"end":{"line":53,"column":2}},"14":{"start":{"line":36,"column":2},"end":{"line":52,"column":3}},"15":{"start":{"line":37,"column":4},"end":{"line":39,"column":5}},"16":{"start":{"line":38,"column":6},"end":{"line":38,"column":20}},"17":{"start":{"line":41,"column":29},"end":{"line":41,"column":59}},"18":{"start":{"line":42,"column":4},"end":{"line":42,"column":58}},"19":{"start":{"line":43,"column":4},"end":{"line":48,"column":6}},"20":{"start":{"line":50,"column":4},"end":{"line":50,"column":56}},"21":{"start":{"line":51,"column":4},"end":{"line":51,"column":73}},"22":{"start":{"line":55,"column":0},"end":{"line":76,"column":2}},"23":{"start":{"line":56,"column":2},"end":{"line":75,"column":3}},"24":{"start":{"line":57,"column":19},"end":{"line":57,"column":28}},"25":{"start":{"line":58,"column":27},"end":{"line":58,"column":58}},"26":{"start":{"line":60,"column":4},"end":{"line":63,"column":5}},"27":{"start":{"line":61,"column":6},"end":{"line":61,"column":62}},"28":{"start":{"line":62,"column":6},"end":{"line":62,"column":65}},"29":{"start":{"line":65,"column":4},"end":{"line":65,"column":66}},"30":{"start":{"line":66,"column":4},"end":{"line":71,"column":6}},"31":{"start":{"line":73,"column":4},"end":{"line":73,"column":50}},"32":{"start":{"line":74,"column":4},"end":{"line":74,"column":49}},"33":{"start":{"line":78,"column":0},"end":{"line":106,"column":2}},"34":{"start":{"line":79,"column":2},"end":{"line":105,"column":3}},"35":{"start":{"line":80,"column":19},"end":{"line":80,"column":28}},"36":{"start":{"line":81,"column":27},"end":{"line":81,"column":58}},"37":{"start":{"line":83,"column":4},"end":{"line":86,"column":5}},"38":{"start":{"line":84,"column":6},"end":{"line":84,"column":62}},"39":{"start":{"line":85,"column":6},"end":{"line":85,"column":65}},"40":{"start":{"line":88,"column":4},"end":{"line":91,"column":5}},"41":{"start":{"line":89,"column":26},"end":{"line":89,"column":70}},"42":{"start":{"line":90,"column":6},"end":{"line":90,"column":46}},"43":{"start":{"line":93,"column":34},"end":{"line":93,"column":74}},"44":{"start":{"line":95,"column":4},"end":{"line":95,"column":69}},"45":{"start":{"line":96,"column":4},"end":{"line":101,"column":6}},"46":{"start":{"line":103,"column":4},"end":{"line":103,"column":53}},"47":{"start":{"line":104,"column":4},"end":{"line":104,"column":49}},"48":{"start":{"line":108,"column":0},"end":{"line":132,"column":2}},"49":{"start":{"line":109,"column":2},"end":{"line":131,"column":3}},"50":{"start":{"line":110,"column":19},"end":{"line":110,"column":31}},"51":{"start":{"line":112,"column":27},"end":{"line":112,"column":58}},"52":{"start":{"line":114,"column":4},"end":{"line":117,"column":5}},"53":{"start":{"line":115,"column":6},"end":{"line":115,"column":62}},"54":{"start":{"line":116,"column":6},"end":{"line":116,"column":65}},"55":{"start":{"line":119,"column":34},"end":{"line":119,"column":64}},"56":{"start":{"line":121,"column":4},"end":{"line":121,"column":69}},"57":{"start":{"line":122,"column":4},"end":{"line":127,"column":6}},"58":{"start":{"line":129,"column":4},"end":{"line":129,"column":53}},"59":{"start":{"line":130,"column":4},"end":{"line":130,"column":49}}},"fnMap":{"0":{"name":"(anonymous_0)","decl":{"start":{"line":12,"column":28},"end":{"line":12,"column":29}},"loc":{"start":{"line":12,"column":48},"end":{"line":33,"column":1}},"line":12},"1":{"name":"(anonymous_1)","decl":{"start":{"line":35,"column":33},"end":{"line":35,"column":34}},"loc":{"start":{"line":35,"column":59},"end":{"line":53,"column":1}},"line":35},"2":{"name":"(anonymous_2)","decl":{"start":{"line":55,"column":32},"end":{"line":55,"column":33}},"loc":{"start":{"line":55,"column":52},"end":{"line":76,"column":1}},"line":55},"3":{"name":"(anonymous_3)","decl":{"start":{"line":78,"column":35},"end":{"line":78,"column":36}},"loc":{"start":{"line":78,"column":55},"end":{"line":106,"column":1}},"line":78},"4":{"name":"(anonymous_4)","decl":{"start":{"line":108,"column":35},"end":{"line":108,"column":36}},"loc":{"start":{"line":108,"column":55},"end":{"line":132,"column":1}},"line":108}},"branchMap":{"0":{"loc":{"start":{"line":37,"column":4},"end":{"line":39,"column":5}},"type":"if","locations":[{"start":{"line":37,"column":4},"end":{"line":39,"column":5}},{"start":{},"end":{}}],"line":37},"1":{"loc":{"start":{"line":60,"column":4},"end":{"line":63,"column":5}},"type":"if","locations":[{"start":{"line":60,"column":4},"end":{"line":63,"column":5}},{"start":{},"end":{}}],"line":60},"2":{"loc":{"start":{"line":83,"column":4},"end":{"line":86,"column":5}},"type":"if","locations":[{"start":{"line":83,"column":4},"end":{"line":86,"column":5}},{"start":{},"end":{}}],"line":83},"3":{"loc":{"start":{"line":88,"column":4},"end":{"line":91,"column":5}},"type":"if","locations":[{"start":{"line":88,"column":4},"end":{"line":91,"column":5}},{"start":{},"end":{}}],"line":88},"4":{"loc":{"start":{"line":114,"column":4},"end":{"line":117,"column":5}},"type":"if","locations":[{"start":{"line":114,"column":4},"end":{"line":117,"column":5}},{"start":{},"end":{}}],"line":114}},"s":{"0":1,"1":1,"2":1,"3":1,"4":1,"5":0,"6":0,"7":0,"8":0,"9":0,"10":0,"11":0,"12":0,"13":1,"14":0,"15":0,"16":0,"17":0,"18":0,"19":0,"20":0,"21":0,"22":1,"23":0,"24":0,"25":0,"26":0,"27":0,"28":0,"29":0,"30":0,"31":0,"32":0,"33":1,"34":0,"35":0,"36":0,"37":0,"38":0,"39":0,"40":0,"41":0,"42":0,"43":0,"44":0,"45":0,"46":0,"47":0,"48":1,"49":0,"50":0,"51":0,"52":0,"53":0,"54":0,"55":0,"56":0,"57":0,"58":0,"59":0},"f":{"0":0,"1":0,"2":0,"3":0,"4":0},"b":{"0":[0,0],"1":[0,0],"2":[0,0],"3":[0,0],"4":[0,0]},"_coverageSchema":"1a1c01bbd47fc00a2c39e90264f33305004495a9","hash":"7801c669feb69e63643fcd27846d363e201adeb5"}
,"D:\\opal\\Projek code\\api-ufo-veteran-jakarta\\src\\controllers\\partnerController.js": {"path":"D:\\opal\\Projek code\\api-ufo-veteran-jakarta\\src\\controllers\\partnerController.js","statementMap":{"0":{"start":{"line":1,"column":15},"end":{"line":1,"column":41}},"1":{"start":{"line":2,"column":25},"end":{"line":2,"column":55}},"2":{"start":{"line":8,"column":4},"end":{"line":8,"column":41}},"3":{"start":{"line":9,"column":25},"end":{"line":9,"column":55}},"4":{"start":{"line":11,"column":0},"end":{"line":24,"column":2}},"5":{"start":{"line":12,"column":2},"end":{"line":23,"column":3}},"6":{"start":{"line":13,"column":23},"end":{"line":13,"column":65}},"7":{"start":{"line":15,"column":4},"end":{"line":15,"column":42}},"8":{"start":{"line":17,"column":19},"end":{"line":17,"column":45}},"9":{"start":{"line":18,"column":4},"end":{"line":18,"column":52}},"10":{"start":{"line":19,"column":4},"end":{"line":19,"column":74}},"11":{"start":{"line":21,"column":4},"end":{"line":21,"column":50}},"12":{"start":{"line":22,"column":4},"end":{"line":22,"column":49}},"13":{"start":{"line":26,"column":0},"end":{"line":39,"column":2}},"14":{"start":{"line":27,"column":2},"end":{"line":38,"column":3}},"15":{"start":{"line":28,"column":4},"end":{"line":30,"column":5}},"16":{"start":{"line":29,"column":6},"end":{"line":29,"column":20}},"17":{"start":{"line":32,"column":21},"end":{"line":32,"column":43}},"18":{"start":{"line":33,"column":4},"end":{"line":33,"column":49}},"19":{"start":{"line":34,"column":4},"end":{"line":34,"column":77}},"20":{"start":{"line":36,"column":4},"end":{"line":36,"column":54}},"21":{"start":{"line":37,"column":4},"end":{"line":37,"column":64}},"22":{"start":{"line":41,"column":0},"end":{"line":57,"column":2}},"23":{"start":{"line":42,"column":2},"end":{"line":56,"column":3}},"24":{"start":{"line":43,"column":19},"end":{"line":43,"column":28}},"25":{"start":{"line":44,"column":20},"end":{"line":44,"column":44}},"26":{"start":{"line":46,"column":4},"end":{"line":49,"column":5}},"27":{"start":{"line":47,"column":6},"end":{"line":47,"column":54}},"28":{"start":{"line":48,"column":6},"end":{"line":48,"column":57}},"29":{"start":{"line":51,"column":4},"end":{"line":51,"column":58}},"30":{"start":{"line":52,"column":4},"end":{"line":52,"column":71}},"31":{"start":{"line":54,"column":4},"end":{"line":54,"column":42}},"32":{"start":{"line":55,"column":4},"end":{"line":55,"column":49}},"33":{"start":{"line":59,"column":0},"end":{"line":88,"column":2}},"34":{"start":{"line":60,"column":2},"end":{"line":87,"column":3}},"35":{"start":{"line":61,"column":19},"end":{"line":61,"column":28}},"36":{"start":{"line":63,"column":20},"end":{"line":63,"column":44}},"37":{"start":{"line":65,"column":4},"end":{"line":68,"column":5}},"38":{"start":{"line":66,"column":6},"end":{"line":66,"column":54}},"39":{"start":{"line":67,"column":6},"end":{"line":67,"column":57}},"40":{"start":{"line":70,"column":4},"end":{"line":73,"column":5}},"41":{"start":{"line":71,"column":25},"end":{"line":71,"column":67}},"42":{"start":{"line":72,"column":6},"end":{"line":72,"column":44}},"43":{"start":{"line":75,"column":27},"end":{"line":75,"column":60}},"44":{"start":{"line":77,"column":4},"end":{"line":77,"column":61}},"45":{"start":{"line":78,"column":4},"end":{"line":83,"column":6}},"46":{"start":{"line":85,"column":4},"end":{"line":85,"column":45}},"47":{"start":{"line":86,"column":4},"end":{"line":86,"column":49}},"48":{"start":{"line":90,"column":0},"end":{"line":107,"column":2}},"49":{"start":{"line":91,"column":2},"end":{"line":106,"column":3}},"50":{"start":{"line":92,"column":19},"end":{"line":92,"column":28}},"51":{"start":{"line":94,"column":20},"end":{"line":94,"column":44}},"52":{"start":{"line":96,"column":4},"end":{"line":99,"column":5}},"53":{"start":{"line":97,"column":6},"end":{"line":97,"column":54}},"54":{"start":{"line":98,"column":6},"end":{"line":98,"column":57}},"55":{"start":{"line":101,"column":4},"end":{"line":101,"column":61}},"56":{"start":{"line":102,"column":4},"end":{"line":102,"column":65}},"57":{"start":{"line":104,"column":4},"end":{"line":104,"column":45}},"58":{"start":{"line":105,"column":4},"end":{"line":105,"column":49}}},"fnMap":{"0":{"name":"(anonymous_0)","decl":{"start":{"line":11,"column":24},"end":{"line":11,"column":25}},"loc":{"start":{"line":11,"column":44},"end":{"line":24,"column":1}},"line":11},"1":{"name":"(anonymous_1)","decl":{"start":{"line":26,"column":25},"end":{"line":26,"column":26}},"loc":{"start":{"line":26,"column":51},"end":{"line":39,"column":1}},"line":26},"2":{"name":"(anonymous_2)","decl":{"start":{"line":41,"column":25},"end":{"line":41,"column":26}},"loc":{"start":{"line":41,"column":45},"end":{"line":57,"column":1}},"line":41},"3":{"name":"(anonymous_3)","decl":{"start":{"line":59,"column":28},"end":{"line":59,"column":29}},"loc":{"start":{"line":59,"column":48},"end":{"line":88,"column":1}},"line":59},"4":{"name":"(anonymous_4)","decl":{"start":{"line":90,"column":28},"end":{"line":90,"column":29}},"loc":{"start":{"line":90,"column":48},"end":{"line":107,"column":1}},"line":90}},"branchMap":{"0":{"loc":{"start":{"line":28,"column":4},"end":{"line":30,"column":5}},"type":"if","locations":[{"start":{"line":28,"column":4},"end":{"line":30,"column":5}},{"start":{},"end":{}}],"line":28},"1":{"loc":{"start":{"line":46,"column":4},"end":{"line":49,"column":5}},"type":"if","locations":[{"start":{"line":46,"column":4},"end":{"line":49,"column":5}},{"start":{},"end":{}}],"line":46},"2":{"loc":{"start":{"line":65,"column":4},"end":{"line":68,"column":5}},"type":"if","locations":[{"start":{"line":65,"column":4},"end":{"line":68,"column":5}},{"start":{},"end":{}}],"line":65},"3":{"loc":{"start":{"line":70,"column":4},"end":{"line":73,"column":5}},"type":"if","locations":[{"start":{"line":70,"column":4},"end":{"line":73,"column":5}},{"start":{},"end":{}}],"line":70},"4":{"loc":{"start":{"line":96,"column":4},"end":{"line":99,"column":5}},"type":"if","locations":[{"start":{"line":96,"column":4},"end":{"line":99,"column":5}},{"start":{},"end":{}}],"line":96}},"s":{"0":1,"1":1,"2":1,"3":1,"4":1,"5":0,"6":0,"7":0,"8":0,"9":0,"10":0,"11":0,"12":0,"13":1,"14":0,"15":0,"16":0,"17":0,"18":0,"19":0,"20":0,"21":0,"22":1,"23":0,"24":0,"25":0,"26":0,"27":0,"28":0,"29":0,"30":0,"31":0,"32":0,"33":1,"34":0,"35":0,"36":0,"37":0,"38":0,"39":0,"40":0,"41":0,"42":0,"43":0,"44":0,"45":0,"46":0,"47":0,"48":1,"49":0,"50":0,"51":0,"52":0,"53":0,"54":0,"55":0,"56":0,"57":0,"58":0},"f":{"0":0,"1":0,"2":0,"3":0,"4":0},"b":{"0":[0,0],"1":[0,0],"2":[0,0],"3":[0,0],"4":[0,0]},"_coverageSchema":"1a1c01bbd47fc00a2c39e90264f33305004495a9","hash":"110eb1ef6b0d19bfc5224f5dc0d15bcc28e31dac"}
,"D:\\opal\\Projek code\\api-ufo-veteran-jakarta\\src\\controllers\\workProgramController.js": {"path":"D:\\opal\\Projek code\\api-ufo-veteran-jakarta\\src\\controllers\\workProgramController.js","statementMap":{"0":{"start":{"line":7,"column":4},"end":{"line":7,"column":45}},"1":{"start":{"line":8,"column":15},"end":{"line":8,"column":41}},"2":{"start":{"line":9,"column":25},"end":{"line":9,"column":55}},"3":{"start":{"line":10,"column":25},"end":{"line":10,"column":55}},"4":{"start":{"line":12,"column":0},"end":{"line":24,"column":2}},"5":{"start":{"line":13,"column":2},"end":{"line":23,"column":3}},"6":{"start":{"line":14,"column":35},"end":{"line":14,"column":79}},"7":{"start":{"line":15,"column":4},"end":{"line":15,"column":55}},"8":{"start":{"line":17,"column":19},"end":{"line":17,"column":49}},"9":{"start":{"line":18,"column":4},"end":{"line":18,"column":57}},"10":{"start":{"line":19,"column":4},"end":{"line":19,"column":79}},"11":{"start":{"line":21,"column":4},"end":{"line":21,"column":55}},"12":{"start":{"line":22,"column":4},"end":{"line":22,"column":49}},"13":{"start":{"line":26,"column":0},"end":{"line":44,"column":2}},"14":{"start":{"line":27,"column":2},"end":{"line":43,"column":3}},"15":{"start":{"line":28,"column":4},"end":{"line":30,"column":5}},"16":{"start":{"line":29,"column":6},"end":{"line":29,"column":20}},"17":{"start":{"line":32,"column":25},"end":{"line":32,"column":51}},"18":{"start":{"line":33,"column":4},"end":{"line":33,"column":54}},"19":{"start":{"line":34,"column":4},"end":{"line":39,"column":6}},"20":{"start":{"line":41,"column":4},"end":{"line":41,"column":52}},"21":{"start":{"line":42,"column":4},"end":{"line":42,"column":69}},"22":{"start":{"line":46,"column":0},"end":{"line":62,"column":2}},"23":{"start":{"line":47,"column":2},"end":{"line":61,"column":3}},"24":{"start":{"line":48,"column":19},"end":{"line":48,"column":28}},"25":{"start":{"line":49,"column":24},"end":{"line":49,"column":52}},"26":{"start":{"line":51,"column":4},"end":{"line":54,"column":5}},"27":{"start":{"line":52,"column":6},"end":{"line":52,"column":59}},"28":{"start":{"line":53,"column":6},"end":{"line":53,"column":62}},"29":{"start":{"line":56,"column":4},"end":{"line":56,"column":63}},"30":{"start":{"line":57,"column":4},"end":{"line":57,"column":80}},"31":{"start":{"line":59,"column":4},"end":{"line":59,"column":47}},"32":{"start":{"line":60,"column":4},"end":{"line":60,"column":49}},"33":{"start":{"line":64,"column":0},"end":{"line":92,"column":2}},"34":{"start":{"line":65,"column":2},"end":{"line":91,"column":3}},"35":{"start":{"line":66,"column":19},"end":{"line":66,"column":28}},"36":{"start":{"line":67,"column":24},"end":{"line":67,"column":52}},"37":{"start":{"line":69,"column":4},"end":{"line":72,"column":5}},"38":{"start":{"line":70,"column":6},"end":{"line":70,"column":59}},"39":{"start":{"line":71,"column":6},"end":{"line":71,"column":62}},"40":{"start":{"line":74,"column":4},"end":{"line":77,"column":5}},"41":{"start":{"line":75,"column":26},"end":{"line":75,"column":70}},"42":{"start":{"line":76,"column":6},"end":{"line":76,"column":46}},"43":{"start":{"line":79,"column":31},"end":{"line":79,"column":68}},"44":{"start":{"line":81,"column":4},"end":{"line":81,"column":66}},"45":{"start":{"line":82,"column":4},"end":{"line":87,"column":6}},"46":{"start":{"line":89,"column":4},"end":{"line":89,"column":50}},"47":{"start":{"line":90,"column":4},"end":{"line":90,"column":49}},"48":{"start":{"line":94,"column":0},"end":{"line":118,"column":2}},"49":{"start":{"line":95,"column":2},"end":{"line":117,"column":3}},"50":{"start":{"line":96,"column":19},"end":{"line":96,"column":28}},"51":{"start":{"line":98,"column":24},"end":{"line":98,"column":52}},"52":{"start":{"line":100,"column":4},"end":{"line":103,"column":5}},"53":{"start":{"line":101,"column":6},"end":{"line":101,"column":59}},"54":{"start":{"line":102,"column":6},"end":{"line":102,"column":62}},"55":{"start":{"line":105,"column":31},"end":{"line":105,"column":58}},"56":{"start":{"line":107,"column":4},"end":{"line":107,"column":66}},"57":{"start":{"line":108,"column":4},"end":{"line":113,"column":6}},"58":{"start":{"line":115,"column":4},"end":{"line":115,"column":50}},"59":{"start":{"line":116,"column":4},"end":{"line":116,"column":49}}},"fnMap":{"0":{"name":"(anonymous_0)","decl":{"start":{"line":12,"column":25},"end":{"line":12,"column":26}},"loc":{"start":{"line":12,"column":45},"end":{"line":24,"column":1}},"line":12},"1":{"name":"(anonymous_1)","decl":{"start":{"line":26,"column":29},"end":{"line":26,"column":30}},"loc":{"start":{"line":26,"column":55},"end":{"line":44,"column":1}},"line":26},"2":{"name":"(anonymous_2)","decl":{"start":{"line":46,"column":29},"end":{"line":46,"column":30}},"loc":{"start":{"line":46,"column":49},"end":{"line":62,"column":1}},"line":46},"3":{"name":"(anonymous_3)","decl":{"start":{"line":64,"column":32},"end":{"line":64,"column":33}},"loc":{"start":{"line":64,"column":52},"end":{"line":92,"column":1}},"line":64},"4":{"name":"(anonymous_4)","decl":{"start":{"line":94,"column":32},"end":{"line":94,"column":33}},"loc":{"start":{"line":94,"column":52},"end":{"line":118,"column":1}},"line":94}},"branchMap":{"0":{"loc":{"start":{"line":28,"column":4},"end":{"line":30,"column":5}},"type":"if","locations":[{"start":{"line":28,"column":4},"end":{"line":30,"column":5}},{"start":{},"end":{}}],"line":28},"1":{"loc":{"start":{"line":51,"column":4},"end":{"line":54,"column":5}},"type":"if","locations":[{"start":{"line":51,"column":4},"end":{"line":54,"column":5}},{"start":{},"end":{}}],"line":51},"2":{"loc":{"start":{"line":69,"column":4},"end":{"line":72,"column":5}},"type":"if","locations":[{"start":{"line":69,"column":4},"end":{"line":72,"column":5}},{"start":{},"end":{}}],"line":69},"3":{"loc":{"start":{"line":74,"column":4},"end":{"line":77,"column":5}},"type":"if","locations":[{"start":{"line":74,"column":4},"end":{"line":77,"column":5}},{"start":{},"end":{}}],"line":74},"4":{"loc":{"start":{"line":100,"column":4},"end":{"line":103,"column":5}},"type":"if","locations":[{"start":{"line":100,"column":4},"end":{"line":103,"column":5}},{"start":{},"end":{}}],"line":100}},"s":{"0":1,"1":1,"2":1,"3":1,"4":1,"5":0,"6":0,"7":0,"8":0,"9":0,"10":0,"11":0,"12":0,"13":1,"14":0,"15":0,"16":0,"17":0,"18":0,"19":0,"20":0,"21":0,"22":1,"23":0,"24":0,"25":0,"26":0,"27":0,"28":0,"29":0,"30":0,"31":0,"32":0,"33":1,"34":0,"35":0,"36":0,"37":0,"38":0,"39":0,"40":0,"41":0,"42":0,"43":0,"44":0,"45":0,"46":0,"47":0,"48":1,"49":0,"50":0,"51":0,"52":0,"53":0,"54":0,"55":0,"56":0,"57":0,"58":0,"59":0},"f":{"0":0,"1":0,"2":0,"3":0,"4":0},"b":{"0":[0,0],"1":[0,0],"2":[0,0],"3":[0,0],"4":[0,0]},"_coverageSchema":"1a1c01bbd47fc00a2c39e90264f33305004495a9","hash":"82dbd6938138555d5bcdca462960774319d1a3e8"}
,"D:\\opal\\Projek code\\api-ufo-veteran-jakarta\\src\\helpers\\bcrypt.js": {"path":"D:\\opal\\Projek code\\api-ufo-veteran-jakarta\\src\\helpers\\bcrypt.js","statementMap":{"0":{"start":{"line":1,"column":15},"end":{"line":1,"column":32}},"1":{"start":{"line":3,"column":0},"end":{"line":3,"column":61}},"2":{"start":{"line":3,"column":35},"end":{"line":3,"column":60}}},"fnMap":{"0":{"name":"(anonymous_0)","decl":{"start":{"line":3,"column":15},"end":{"line":3,"column":16}},"loc":{"start":{"line":3,"column":35},"end":{"line":3,"column":60}},"line":3}},"branchMap":{},"s":{"0":1,"1":1,"2":7},"f":{"0":7},"b":{},"_coverageSchema":"1a1c01bbd47fc00a2c39e90264f33305004495a9","hash":"075129498e9df9d6abcd89f0c3c86f3c9fae8b5a"}
,"D:\\opal\\Projek code\\api-ufo-veteran-jakarta\\src\\helpers\\response.js": {"path":"D:\\opal\\Projek code\\api-ufo-veteran-jakarta\\src\\helpers\\response.js","statementMap":{"0":{"start":{"line":1,"column":0},"end":{"line":19,"column":2}},"1":{"start":{"line":8,"column":17},"end":{"line":11,"column":3}},"2":{"start":{"line":12,"column":2},"end":{"line":14,"column":3}},"3":{"start":{"line":13,"column":4},"end":{"line":13,"column":23}},"4":{"start":{"line":15,"column":2},"end":{"line":17,"column":3}},"5":{"start":{"line":16,"column":4},"end":{"line":16,"column":41}},"6":{"start":{"line":18,"column":2},"end":{"line":18,"column":41}}},"fnMap":{"0":{"name":"(anonymous_0)","decl":{"start":{"line":1,"column":23},"end":{"line":1,"column":24}},"loc":{"start":{"line":7,"column":5},"end":{"line":19,"column":1}},"line":7}},"branchMap":{"0":{"loc":{"start":{"line":5,"column":2},"end":{"line":5,"column":13}},"type":"default-arg","locations":[{"start":{"line":5,"column":9},"end":{"line":5,"column":13}}],"line":5},"1":{"loc":{"start":{"line":6,"column":2},"end":{"line":6,"column":22}},"type":"default-arg","locations":[{"start":{"line":6,"column":18},"end":{"line":6,"column":22}}],"line":6},"2":{"loc":{"start":{"line":12,"column":2},"end":{"line":14,"column":3}},"type":"if","locations":[{"start":{"line":12,"column":2},"end":{"line":14,"column":3}},{"start":{},"end":{}}],"line":12},"3":{"loc":{"start":{"line":15,"column":2},"end":{"line":17,"column":3}},"type":"if","locations":[{"start":{"line":15,"column":2},"end":{"line":17,"column":3}},{"start":{},"end":{}}],"line":15}},"s":{"0":1,"1":32,"2":32,"3":15,"4":32,"5":9,"6":32},"f":{"0":32},"b":{"0":[17],"1":[23],"2":[15,17],"3":[9,23]},"_coverageSchema":"1a1c01bbd47fc00a2c39e90264f33305004495a9","hash":"6bfb81937128163a6ecdf97737bbd0e83025f8b8"}
,"D:\\opal\\Projek code\\api-ufo-veteran-jakarta\\src\\helpers\\slug.js": {"path":"D:\\opal\\Projek code\\api-ufo-veteran-jakarta\\src\\helpers\\slug.js","statementMap":{"0":{"start":{"line":1,"column":16},"end":{"line":1,"column":34}},"1":{"start":{"line":2,"column":15},"end":{"line":2,"column":32}},"2":{"start":{"line":4,"column":0},"end":{"line":8,"column":2}},"3":{"start":{"line":5,"column":19},"end":{"line":5,"column":64}},"4":{"start":{"line":6,"column":21},"end":{"line":6,"column":58}},"5":{"start":{"line":7,"column":2},"end":{"line":7,"column":37}}},"fnMap":{"0":{"name":"(anonymous_0)","decl":{"start":{"line":4,"column":29},"end":{"line":4,"column":30}},"loc":{"start":{"line":4,"column":40},"end":{"line":8,"column":1}},"line":4}},"branchMap":{},"s":{"0":1,"1":1,"2":1,"3":4,"4":4,"5":4},"f":{"0":4},"b":{},"_coverageSchema":"1a1c01bbd47fc00a2c39e90264f33305004495a9","hash":"5bad0d04d457a14c58ce92a33a0db0bb906157f4"}
,"D:\\opal\\Projek code\\api-ufo-veteran-jakarta\\src\\middlewares\\achievementMiddlewareFile.js": {"path":"D:\\opal\\Projek code\\api-ufo-veteran-jakarta\\src\\middlewares\\achievementMiddlewareFile.js","statementMap":{"0":{"start":{"line":1,"column":13},"end":{"line":1,"column":28}},"1":{"start":{"line":2,"column":25},"end":{"line":2,"column":55}},"2":{"start":{"line":4,"column":29},"end":{"line":10,"column":1}},"3":{"start":{"line":5,"column":2},"end":{"line":8,"column":3}},"4":{"start":{"line":6,"column":4},"end":{"line":6,"column":60}},"5":{"start":{"line":7,"column":4},"end":{"line":7,"column":17}},"6":{"start":{"line":9,"column":2},"end":{"line":9,"column":14}},"7":{"start":{"line":12,"column":27},"end":{"line":21,"column":1}},"8":{"start":{"line":13,"column":20},"end":{"line":13,"column":57}},"9":{"start":{"line":14,"column":19},"end":{"line":14,"column":32}},"10":{"start":{"line":16,"column":2},"end":{"line":19,"column":3}},"11":{"start":{"line":17,"column":4},"end":{"line":17,"column":70}},"12":{"start":{"line":18,"column":4},"end":{"line":18,"column":17}},"13":{"start":{"line":20,"column":2},"end":{"line":20,"column":14}},"14":{"start":{"line":23,"column":25},"end":{"line":34,"column":1}},"15":{"start":{"line":24,"column":2},"end":{"line":32,"column":3}},"16":{"start":{"line":26,"column":4},"end":{"line":30,"column":6}},"17":{"start":{"line":31,"column":4},"end":{"line":31,"column":17}},"18":{"start":{"line":33,"column":2},"end":{"line":33,"column":14}},"19":{"start":{"line":36,"column":0},"end":{"line":46,"column":2}},"20":{"start":{"line":36,"column":30},"end":{"line":46,"column":1}},"21":{"start":{"line":37,"column":15},"end":{"line":37,"column":33}},"22":{"start":{"line":39,"column":2},"end":{"line":45,"column":3}},"23":{"start":{"line":44,"column":4},"end":{"line":44,"column":11}},"24":{"start":{"line":48,"column":0},"end":{"line":58,"column":2}},"25":{"start":{"line":48,"column":36},"end":{"line":58,"column":1}},"26":{"start":{"line":49,"column":15},"end":{"line":49,"column":33}},"27":{"start":{"line":51,"column":2},"end":{"line":57,"column":3}},"28":{"start":{"line":52,"column":4},"end":{"line":54,"column":5}},"29":{"start":{"line":53,"column":6},"end":{"line":53,"column":13}},"30":{"start":{"line":56,"column":4},"end":{"line":56,"column":11}}},"fnMap":{"0":{"name":"(anonymous_0)","decl":{"start":{"line":4,"column":29},"end":{"line":4,"column":30}},"loc":{"start":{"line":4,"column":44},"end":{"line":10,"column":1}},"line":4},"1":{"name":"(anonymous_1)","decl":{"start":{"line":12,"column":27},"end":{"line":12,"column":28}},"loc":{"start":{"line":12,"column":42},"end":{"line":21,"column":1}},"line":12},"2":{"name":"(anonymous_2)","decl":{"start":{"line":23,"column":25},"end":{"line":23,"column":26}},"loc":{"start":{"line":23,"column":40},"end":{"line":34,"column":1}},"line":23},"3":{"name":"(anonymous_3)","decl":{"start":{"line":36,"column":20},"end":{"line":36,"column":21}},"loc":{"start":{"line":36,"column":30},"end":{"line":46,"column":1}},"line":36},"4":{"name":"(anonymous_4)","decl":{"start":{"line":36,"column":30},"end":{"line":36,"column":31}},"loc":{"start":{"line":36,"column":56},"end":{"line":46,"column":1}},"line":36},"5":{"name":"(anonymous_5)","decl":{"start":{"line":48,"column":26},"end":{"line":48,"column":27}},"loc":{"start":{"line":48,"column":36},"end":{"line":58,"column":1}},"line":48},"6":{"name":"(anonymous_6)","decl":{"start":{"line":48,"column":36},"end":{"line":48,"column":37}},"loc":{"start":{"line":48,"column":62},"end":{"line":58,"column":1}},"line":48}},"branchMap":{"0":{"loc":{"start":{"line":5,"column":2},"end":{"line":8,"column":3}},"type":"if","locations":[{"start":{"line":5,"column":2},"end":{"line":8,"column":3}},{"start":{},"end":{}}],"line":5},"1":{"loc":{"start":{"line":16,"column":2},"end":{"line":19,"column":3}},"type":"if","locations":[{"start":{"line":16,"column":2},"end":{"line":19,"column":3}},{"start":{},"end":{}}],"line":16},"2":{"loc":{"start":{"line":16,"column":6},"end":{"line":16,"column":56}},"type":"binary-expr","locations":[{"start":{"line":16,"column":6},"end":{"line":16,"column":27}},{"start":{"line":16,"column":31},"end":{"line":16,"column":56}}],"line":16},"3":{"loc":{"start":{"line":24,"column":2},"end":{"line":32,"column":3}},"type":"if","locations":[{"start":{"line":24,"column":2},"end":{"line":32,"column":3}},{"start":{},"end":{}}],"line":24},"4":{"loc":{"start":{"line":39,"column":2},"end":{"line":45,"column":3}},"type":"if","locations":[{"start":{"line":39,"column":2},"end":{"line":45,"column":3}},{"start":{},"end":{}}],"line":39},"5":{"loc":{"start":{"line":40,"column":4},"end":{"line":42,"column":31}},"type":"binary-expr","locations":[{"start":{"line":40,"column":4},"end":{"line":40,"column":35}},{"start":{"line":41,"column":4},"end":{"line":41,"column":33}},{"start":{"line":42,"column":4},"end":{"line":42,"column":31}}],"line":40},"6":{"loc":{"start":{"line":51,"column":2},"end":{"line":57,"column":3}},"type":"if","locations":[{"start":{"line":51,"column":2},"end":{"line":57,"column":3}},{"start":{"line":55,"column":9},"end":{"line":57,"column":3}}],"line":51},"7":{"loc":{"start":{"line":52,"column":4},"end":{"line":54,"column":5}},"type":"if","locations":[{"start":{"line":52,"column":4},"end":{"line":54,"column":5}},{"start":{},"end":{}}],"line":52},"8":{"loc":{"start":{"line":52,"column":8},"end":{"line":52,"column":68}},"type":"binary-expr","locations":[{"start":{"line":52,"column":8},"end":{"line":52,"column":37}},{"start":{"line":52,"column":41},"end":{"line":52,"column":68}}],"line":52}},"s":{"0":1,"1":1,"2":1,"3":0,"4":0,"5":0,"6":0,"7":1,"8":0,"9":0,"10":0,"11":0,"12":0,"13":0,"14":1,"15":0,"16":0,"17":0,"18":0,"19":1,"20":1,"21":0,"22":0,"23":0,"24":1,"25":1,"26":0,"27":0,"28":0,"29":0,"30":0},"f":{"0":0,"1":0,"2":0,"3":1,"4":0,"5":1,"6":0},"b":{"0":[0,0],"1":[0,0],"2":[0,0],"3":[0,0],"4":[0,0],"5":[0,0,0],"6":[0,0],"7":[0,0],"8":[0,0]},"_coverageSchema":"1a1c01bbd47fc00a2c39e90264f33305004495a9","hash":"0671c0ea418ff733849f83f17f50df4684f2363a"}
,"D:\\opal\\Projek code\\api-ufo-veteran-jakarta\\src\\middlewares\\authMiddleware.js": {"path":"D:\\opal\\Projek code\\api-ufo-veteran-jakarta\\src\\middlewares\\authMiddleware.js","statementMap":{"0":{"start":{"line":1,"column":25},"end":{"line":1,"column":55}},"1":{"start":{"line":2,"column":19},"end":{"line":2,"column":42}},"2":{"start":{"line":4,"column":0},"end":{"line":10,"column":2}},"3":{"start":{"line":4,"column":42},"end":{"line":10,"column":1}},"4":{"start":{"line":5,"column":2},"end":{"line":9,"column":3}},"5":{"start":{"line":6,"column":4},"end":{"line":6,"column":67}},"6":{"start":{"line":8,"column":4},"end":{"line":8,"column":11}},"7":{"start":{"line":13,"column":0},"end":{"line":29,"column":2}},"8":{"start":{"line":13,"column":31},"end":{"line":29,"column":1}},"9":{"start":{"line":14,"column":2},"end":{"line":26,"column":3}},"10":{"start":{"line":15,"column":18},"end":{"line":15,"column":58}},"11":{"start":{"line":16,"column":25},"end":{"line":16,"column":44}},"12":{"start":{"line":18,"column":4},"end":{"line":20,"column":5}},"13":{"start":{"line":19,"column":6},"end":{"line":19,"column":52}},"14":{"start":{"line":22,"column":4},"end":{"line":22,"column":18}},"15":{"start":{"line":23,"column":4},"end":{"line":23,"column":25}},"16":{"start":{"line":25,"column":4},"end":{"line":25,"column":47}},"17":{"start":{"line":28,"column":2},"end":{"line":28,"column":9}}},"fnMap":{"0":{"name":"(anonymous_0)","decl":{"start":{"line":4,"column":22},"end":{"line":4,"column":23}},"loc":{"start":{"line":4,"column":42},"end":{"line":10,"column":1}},"line":4},"1":{"name":"(anonymous_1)","decl":{"start":{"line":4,"column":42},"end":{"line":4,"column":43}},"loc":{"start":{"line":4,"column":62},"end":{"line":10,"column":1}},"line":4},"2":{"name":"(anonymous_2)","decl":{"start":{"line":13,"column":25},"end":{"line":13,"column":26}},"loc":{"start":{"line":13,"column":31},"end":{"line":29,"column":1}},"line":13},"3":{"name":"(anonymous_3)","decl":{"start":{"line":13,"column":31},"end":{"line":13,"column":32}},"loc":{"start":{"line":13,"column":51},"end":{"line":29,"column":1}},"line":13}},"branchMap":{"0":{"loc":{"start":{"line":5,"column":2},"end":{"line":9,"column":3}},"type":"if","locations":[{"start":{"line":5,"column":2},"end":{"line":9,"column":3}},{"start":{"line":7,"column":9},"end":{"line":9,"column":3}}],"line":5},"1":{"loc":{"start":{"line":18,"column":4},"end":{"line":20,"column":5}},"type":"if","locations":[{"start":{"line":18,"column":4},"end":{"line":20,"column":5}},{"start":{},"end":{}}],"line":18},"2":{"loc":{"start":{"line":18,"column":10},"end":{"line":18,"column":31}},"type":"binary-expr","locations":[{"start":{"line":18,"column":10},"end":{"line":18,"column":15}},{"start":{"line":18,"column":19},"end":{"line":18,"column":31}}],"line":18}},"s":{"0":1,"1":1,"2":1,"3":3,"4":18,"5":0,"6":18,"7":1,"8":22,"9":14,"10":14,"11":14,"12":14,"13":3,"14":11,"15":11,"16":0,"17":11},"f":{"0":3,"1":18,"2":22,"3":14},"b":{"0":[0,18],"1":[3,11],"2":[14,11]},"_coverageSchema":"1a1c01bbd47fc00a2c39e90264f33305004495a9","hash":"5f262b9bad6f67b654eef8b634f9898fd1e33b0d"}
,"D:\\opal\\Projek code\\api-ufo-veteran-jakarta\\src\\middlewares\\eventMiddlewareFile.js": {"path":"D:\\opal\\Projek code\\api-ufo-veteran-jakarta\\src\\middlewares\\eventMiddlewareFile.js","statementMap":{"0":{"start":{"line":1,"column":14},"end":{"line":1,"column":30}},"1":{"start":{"line":2,"column":13},"end":{"line":2,"column":28}},"2":{"start":{"line":3,"column":25},"end":{"line":3,"column":55}},"3":{"start":{"line":5,"column":0},"end":{"line":52,"column":2}},"4":{"start":{"line":5,"column":30},"end":{"line":52,"column":1}},"5":{"start":{"line":6,"column":15},"end":{"line":6,"column":33}},"6":{"start":{"line":8,"column":2},"end":{"line":10,"column":3}},"7":{"start":{"line":9,"column":4},"end":{"line":9,"column":76}},"8":{"start":{"line":12,"column":20},"end":{"line":12,"column":57}},"9":{"start":{"line":13,"column":19},"end":{"line":13,"column":32}},"10":{"start":{"line":15,"column":2},"end":{"line":21,"column":3}},"11":{"start":{"line":16,"column":4},"end":{"line":20,"column":6}},"12":{"start":{"line":23,"column":2},"end":{"line":30,"column":3}},"13":{"start":{"line":25,"column":4},"end":{"line":29,"column":6}},"14":{"start":{"line":32,"column":19},"end":{"line":32,"column":52}},"15":{"start":{"line":33,"column":2},"end":{"line":38,"column":3}},"16":{"start":{"line":37,"column":4},"end":{"line":37,"column":75}},"17":{"start":{"line":40,"column":2},"end":{"line":49,"column":3}},"18":{"start":{"line":44,"column":4},"end":{"line":48,"column":6}},"19":{"start":{"line":51,"column":2},"end":{"line":51,"column":9}},"20":{"start":{"line":54,"column":0},"end":{"line":99,"column":2}},"21":{"start":{"line":54,"column":39},"end":{"line":99,"column":1}},"22":{"start":{"line":55,"column":15},"end":{"line":55,"column":33}},"23":{"start":{"line":57,"column":2},"end":{"line":96,"column":3}},"24":{"start":{"line":58,"column":22},"end":{"line":58,"column":59}},"25":{"start":{"line":59,"column":21},"end":{"line":59,"column":34}},"26":{"start":{"line":61,"column":4},"end":{"line":67,"column":5}},"27":{"start":{"line":62,"column":6},"end":{"line":66,"column":8}},"28":{"start":{"line":69,"column":4},"end":{"line":76,"column":5}},"29":{"start":{"line":71,"column":6},"end":{"line":75,"column":8}},"30":{"start":{"line":78,"column":21},"end":{"line":78,"column":54}},"31":{"start":{"line":79,"column":4},"end":{"line":84,"column":5}},"32":{"start":{"line":83,"column":6},"end":{"line":83,"column":77}},"33":{"start":{"line":86,"column":4},"end":{"line":95,"column":5}},"34":{"start":{"line":90,"column":6},"end":{"line":94,"column":8}},"35":{"start":{"line":98,"column":2},"end":{"line":98,"column":9}}},"fnMap":{"0":{"name":"(anonymous_0)","decl":{"start":{"line":5,"column":20},"end":{"line":5,"column":21}},"loc":{"start":{"line":5,"column":30},"end":{"line":52,"column":1}},"line":5},"1":{"name":"(anonymous_1)","decl":{"start":{"line":5,"column":30},"end":{"line":5,"column":31}},"loc":{"start":{"line":5,"column":56},"end":{"line":52,"column":1}},"line":5},"2":{"name":"(anonymous_2)","decl":{"start":{"line":54,"column":29},"end":{"line":54,"column":30}},"loc":{"start":{"line":54,"column":39},"end":{"line":99,"column":1}},"line":54},"3":{"name":"(anonymous_3)","decl":{"start":{"line":54,"column":39},"end":{"line":54,"column":40}},"loc":{"start":{"line":54,"column":65},"end":{"line":99,"column":1}},"line":54}},"branchMap":{"0":{"loc":{"start":{"line":8,"column":2},"end":{"line":10,"column":3}},"type":"if","locations":[{"start":{"line":8,"column":2},"end":{"line":10,"column":3}},{"start":{},"end":{}}],"line":8},"1":{"loc":{"start":{"line":15,"column":2},"end":{"line":21,"column":3}},"type":"if","locations":[{"start":{"line":15,"column":2},"end":{"line":21,"column":3}},{"start":{},"end":{}}],"line":15},"2":{"loc":{"start":{"line":15,"column":6},"end":{"line":15,"column":56}},"type":"binary-expr","locations":[{"start":{"line":15,"column":6},"end":{"line":15,"column":27}},{"start":{"line":15,"column":31},"end":{"line":15,"column":56}}],"line":15},"3":{"loc":{"start":{"line":23,"column":2},"end":{"line":30,"column":3}},"type":"if","locations":[{"start":{"line":23,"column":2},"end":{"line":30,"column":3}},{"start":{},"end":{}}],"line":23},"4":{"loc":{"start":{"line":33,"column":2},"end":{"line":38,"column":3}},"type":"if","locations":[{"start":{"line":33,"column":2},"end":{"line":38,"column":3}},{"start":{},"end":{}}],"line":33},"5":{"loc":{"start":{"line":34,"column":4},"end":{"line":35,"column":57}},"type":"binary-expr","locations":[{"start":{"line":34,"column":4},"end":{"line":34,"column":20}},{"start":{"line":35,"column":5},"end":{"line":35,"column":28}},{"start":{"line":35,"column":32},"end":{"line":35,"column":56}}],"line":34},"6":{"loc":{"start":{"line":40,"column":2},"end":{"line":49,"column":3}},"type":"if","locations":[{"start":{"line":40,"column":2},"end":{"line":49,"column":3}},{"start":{},"end":{}}],"line":40},"7":{"loc":{"start":{"line":41,"column":4},"end":{"line":42,"column":57}},"type":"binary-expr","locations":[{"start":{"line":41,"column":4},"end":{"line":41,"column":30}},{"start":{"line":42,"column":5},"end":{"line":42,"column":28}},{"start":{"line":42,"column":32},"end":{"line":42,"column":56}}],"line":41},"8":{"loc":{"start":{"line":57,"column":2},"end":{"line":96,"column":3}},"type":"if","locations":[{"start":{"line":57,"column":2},"end":{"line":96,"column":3}},{"start":{},"end":{}}],"line":57},"9":{"loc":{"start":{"line":61,"column":4},"end":{"line":67,"column":5}},"type":"if","locations":[{"start":{"line":61,"column":4},"end":{"line":67,"column":5}},{"start":{},"end":{}}],"line":61},"10":{"loc":{"start":{"line":61,"column":8},"end":{"line":61,"column":58}},"type":"binary-expr","locations":[{"start":{"line":61,"column":8},"end":{"line":61,"column":29}},{"start":{"line":61,"column":33},"end":{"line":61,"column":58}}],"line":61},"11":{"loc":{"start":{"line":69,"column":4},"end":{"line":76,"column":5}},"type":"if","locations":[{"start":{"line":69,"column":4},"end":{"line":76,"column":5}},{"start":{},"end":{}}],"line":69},"12":{"loc":{"start":{"line":79,"column":4},"end":{"line":84,"column":5}},"type":"if","locations":[{"start":{"line":79,"column":4},"end":{"line":84,"column":5}},{"start":{},"end":{}}],"line":79},"13":{"loc":{"start":{"line":80,"column":6},"end":{"line":81,"column":59}},"type":"binary-expr","locations":[{"start":{"line":80,"column":6},"end":{"line":80,"column":22}},{"start":{"line":81,"column":7},"end":{"line":81,"column":30}},{"start":{"line":81,"column":34},"end":{"line":81,"column":58}}],"line":80},"14":{"loc":{"start":{"line":86,"column":4},"end":{"line":95,"column":5}},"type":"if","locations":[{"start":{"line":86,"column":4},"end":{"line":95,"column":5}},{"start":{},"end":{}}],"line":86},"15":{"loc":{"start":{"line":87,"column":6},"end":{"line":88,"column":59}},"type":"binary-expr","locations":[{"start":{"line":87,"column":6},"end":{"line":87,"column":32}},{"start":{"line":88,"column":7},"end":{"line":88,"column":30}},{"start":{"line":88,"column":34},"end":{"line":88,"column":58}}],"line":87}},"s":{"0":1,"1":1,"2":1,"3":1,"4":2,"5":13,"6":13,"7":1,"8":12,"9":12,"10":12,"11":1,"12":11,"13":0,"14":11,"15":11,"16":1,"17":10,"18":1,"19":9,"20":1,"21":2,"22":2,"23":2,"24":0,"25":0,"26":0,"27":0,"28":0,"29":0,"30":0,"31":0,"32":0,"33":0,"34":0,"35":2},"f":{"0":2,"1":13,"2":2,"3":2},"b":{"0":[1,12],"1":[1,11],"2":[12,11],"3":[0,11],"4":[1,10],"5":[11,6,5],"6":[1,9],"7":[10,5,4],"8":[0,2],"9":[0,0],"10":[0,0],"11":[0,0],"12":[0,0],"13":[0,0,0],"14":[0,0],"15":[0,0,0]},"_coverageSchema":"1a1c01bbd47fc00a2c39e90264f33305004495a9","hash":"e7b145036ac4a24b26fb064e20a2d5a8f180b871"}
,"D:\\opal\\Projek code\\api-ufo-veteran-jakarta\\src\\middlewares\\latestActivityMiddlewareFile.js": {"path":"D:\\opal\\Projek code\\api-ufo-veteran-jakarta\\src\\middlewares\\latestActivityMiddlewareFile.js","statementMap":{"0":{"start":{"line":1,"column":13},"end":{"line":1,"column":28}},"1":{"start":{"line":2,"column":25},"end":{"line":2,"column":55}},"2":{"start":{"line":5,"column":20},"end":{"line":5,"column":57}},"3":{"start":{"line":6,"column":19},"end":{"line":6,"column":32}},"4":{"start":{"line":8,"column":2},"end":{"line":11,"column":3}},"5":{"start":{"line":9,"column":4},"end":{"line":9,"column":75}},"6":{"start":{"line":10,"column":4},"end":{"line":10,"column":17}},"7":{"start":{"line":13,"column":2},"end":{"line":21,"column":3}},"8":{"start":{"line":15,"column":4},"end":{"line":19,"column":6}},"9":{"start":{"line":20,"column":4},"end":{"line":20,"column":17}},"10":{"start":{"line":23,"column":2},"end":{"line":23,"column":14}},"11":{"start":{"line":26,"column":0},"end":{"line":38,"column":2}},"12":{"start":{"line":26,"column":30},"end":{"line":38,"column":1}},"13":{"start":{"line":27,"column":15},"end":{"line":27,"column":33}},"14":{"start":{"line":29,"column":2},"end":{"line":31,"column":3}},"15":{"start":{"line":30,"column":4},"end":{"line":30,"column":71}},"16":{"start":{"line":33,"column":2},"end":{"line":35,"column":3}},"17":{"start":{"line":34,"column":4},"end":{"line":34,"column":11}},"18":{"start":{"line":37,"column":2},"end":{"line":37,"column":9}},"19":{"start":{"line":40,"column":0},"end":{"line":48,"column":2}},"20":{"start":{"line":40,"column":39},"end":{"line":48,"column":1}},"21":{"start":{"line":41,"column":15},"end":{"line":41,"column":33}},"22":{"start":{"line":43,"column":2},"end":{"line":45,"column":3}},"23":{"start":{"line":44,"column":4},"end":{"line":44,"column":11}},"24":{"start":{"line":47,"column":2},"end":{"line":47,"column":9}}},"fnMap":{"0":{"name":"validateFile","decl":{"start":{"line":4,"column":9},"end":{"line":4,"column":21}},"loc":{"start":{"line":4,"column":33},"end":{"line":24,"column":1}},"line":4},"1":{"name":"(anonymous_1)","decl":{"start":{"line":26,"column":20},"end":{"line":26,"column":21}},"loc":{"start":{"line":26,"column":30},"end":{"line":38,"column":1}},"line":26},"2":{"name":"(anonymous_2)","decl":{"start":{"line":26,"column":30},"end":{"line":26,"column":31}},"loc":{"start":{"line":26,"column":56},"end":{"line":38,"column":1}},"line":26},"3":{"name":"(anonymous_3)","decl":{"start":{"line":40,"column":29},"end":{"line":40,"column":30}},"loc":{"start":{"line":40,"column":39},"end":{"line":48,"column":1}},"line":40},"4":{"name":"(anonymous_4)","decl":{"start":{"line":40,"column":39},"end":{"line":40,"column":40}},"loc":{"start":{"line":40,"column":65},"end":{"line":48,"column":1}},"line":40}},"branchMap":{"0":{"loc":{"start":{"line":8,"column":2},"end":{"line":11,"column":3}},"type":"if","locations":[{"start":{"line":8,"column":2},"end":{"line":11,"column":3}},{"start":{},"end":{}}],"line":8},"1":{"loc":{"start":{"line":8,"column":6},"end":{"line":8,"column":56}},"type":"binary-expr","locations":[{"start":{"line":8,"column":6},"end":{"line":8,"column":27}},{"start":{"line":8,"column":31},"end":{"line":8,"column":56}}],"line":8},"2":{"loc":{"start":{"line":13,"column":2},"end":{"line":21,"column":3}},"type":"if","locations":[{"start":{"line":13,"column":2},"end":{"line":21,"column":3}},{"start":{},"end":{}}],"line":13},"3":{"loc":{"start":{"line":29,"column":2},"end":{"line":31,"column":3}},"type":"if","locations":[{"start":{"line":29,"column":2},"end":{"line":31,"column":3}},{"start":{},"end":{}}],"line":29},"4":{"loc":{"start":{"line":33,"column":2},"end":{"line":35,"column":3}},"type":"if","locations":[{"start":{"line":33,"column":2},"end":{"line":35,"column":3}},{"start":{},"end":{}}],"line":33},"5":{"loc":{"start":{"line":43,"column":2},"end":{"line":45,"column":3}},"type":"if","locations":[{"start":{"line":43,"column":2},"end":{"line":45,"column":3}},{"start":{},"end":{}}],"line":43},"6":{"loc":{"start":{"line":43,"column":6},"end":{"line":43,"column":38}},"type":"binary-expr","locations":[{"start":{"line":43,"column":6},"end":{"line":43,"column":10}},{"start":{"line":43,"column":14},"end":{"line":43,"column":38}}],"line":43}},"s":{"0":1,"1":1,"2":0,"3":0,"4":0,"5":0,"6":0,"7":0,"8":0,"9":0,"10":0,"11":1,"12":1,"13":0,"14":0,"15":0,"16":0,"17":0,"18":0,"19":1,"20":1,"21":0,"22":0,"23":0,"24":0},"f":{"0":0,"1":1,"2":0,"3":1,"4":0},"b":{"0":[0,0],"1":[0,0],"2":[0,0],"3":[0,0],"4":[0,0],"5":[0,0],"6":[0,0]},"_coverageSchema":"1a1c01bbd47fc00a2c39e90264f33305004495a9","hash":"e1dd797d3a218cbfc8f893e2111929625f6767ed"}
[...]
art":{"line":62,"column":14},"end":{"line":62,"column":30}},"29":{"start":{"line":67,"column":8},"end":{"line":67,"column":63}},"30":{"start":{"line":70,"column":6},"end":{"line":70,"column":37}},"31":{"start":{"line":75,"column":0},"end":{"line":79,"column":2}}},"fnMap":{"0":{"name":"(anonymous_0)","decl":{"start":{"line":5,"column":21},"end":{"line":5,"column":22}},"loc":{"start":{"line":5,"column":45},"end":{"line":24,"column":1}},"line":5},"1":{"name":"(anonymous_1)","decl":{"start":{"line":6,"column":21},"end":{"line":6,"column":22}},"loc":{"start":{"line":6,"column":42},"end":{"line":23,"column":3}},"line":6},"2":{"name":"(anonymous_2)","decl":{"start":{"line":13,"column":6},"end":{"line":13,"column":7}},"loc":{"start":{"line":13,"column":25},"end":{"line":19,"column":7}},"line":13},"3":{"name":"(anonymous_3)","decl":{"start":{"line":26,"column":20},"end":{"line":26,"column":21}},"loc":{"start":{"line":26,"column":36},"end":{"line":33,"column":1}},"line":26},"4":{"name":"(anonymous_4)","decl":{"start":{"line":35,"column":23},"end":{"line":35,"column":24}},"loc":{"start":{"line":35,"column":46},"end":{"line":73,"column":1}},"line":35},"5":{"name":"(anonymous_5)","decl":{"start":{"line":36,"column":21},"end":{"line":36,"column":22}},"loc":{"start":{"line":36,"column":34},"end":{"line":72,"column":3}},"line":36},"6":{"name":"(anonymous_6)","decl":{"start":{"line":45,"column":24},"end":{"line":45,"column":25}},"loc":{"start":{"line":45,"column":34},"end":{"line":68,"column":7}},"line":45},"7":{"name":"(anonymous_7)","decl":{"start":{"line":54,"column":10},"end":{"line":54,"column":11}},"loc":{"start":{"line":54,"column":29},"end":{"line":64,"column":11}},"line":54}},"branchMap":{"0":{"loc":{"start":{"line":14,"column":8},"end":{"line":14,"column":51}},"type":"if","locations":[{"start":{"line":14,"column":8},"end":{"line":14,"column":51}},{"start":{},"end":{}}],"line":14},"1":{"loc":{"start":{"line":37,"column":4},"end":{"line":40,"column":5}},"type":"if","locations":[{"start":{"line":37,"column":4},"end":{"line":40,"column":5}},{"start":{},"end":{}}],"line":37},"2":{"loc":{"start":{"line":42,"column":4},"end":{"line":71,"column":5}},"type":"if","locations":[{"start":{"line":42,"column":4},"end":{"line":71,"column":5}},{"start":{"line":69,"column":11},"end":{"line":71,"column":5}}],"line":42},"3":{"loc":{"start":{"line":55,"column":12},"end":{"line":55,"column":51}},"type":"if","locations":[{"start":{"line":55,"column":12},"end":{"line":55,"column":51}},{"start":{},"end":{}}],"line":55},"4":{"loc":{"start":{"line":61,"column":12},"end":{"line":63,"column":13}},"type":"if","locations":[{"start":{"line":61,"column":12},"end":{"line":63,"column":13}},{"start":{},"end":{}}],"line":61},"5":{"loc":{"start":{"line":61,"column":16},"end":{"line":61,"column":63}},"type":"binary-expr","locations":[{"start":{"line":61,"column":16},"end":{"line":61,"column":25}},{"start":{"line":61,"column":29},"end":{"line":61,"column":63}}],"line":61}},"s":{"0":1,"1":1,"2":1,"3":1,"4":6,"5":6,"6":6,"7":0,"8":6,"9":6,"10":1,"11":0,"12":0,"13":0,"14":1,"15":0,"16":0,"17":0,"18":0,"19":0,"20":0,"21":0,"22":0,"23":0,"24":0,"25":0,"26":0,"27":0,"28":0,"29":0,"30":0,"31":1},"f":{"0":6,"1":6,"2":6,"3":0,"4":0,"5":0,"6":0,"7":0},"b":{"0":[0,6],"1":[0,0],"2":[0,0],"3":[0,0],"4":[0,0],"5":[0,0]},"_coverageSchema":"1a1c01bbd47fc00a2c39e90264f33305004495a9","hash":"89dd2890ad7680fb3425dc0fd954518e47da447c"}
,"D:\\opal\\Projek code\\api-ufo-veteran-jakarta\\src\\validators\\achievementValidator.js": {"path":"D:\\opal\\Projek code\\api-ufo-veteran-jakarta\\src\\validators\\achievementValidator.js","statementMap":{"0":{"start":{"line":1,"column":36},"end":{"line":1,"column":64}},"1":{"start":{"line":3,"column":39},"end":{"line":23,"column":1}},"2":{"start":{"line":4,"column":2},"end":{"line":22,"column":4}},"3":{"start":{"line":25,"column":17},"end":{"line":31,"column":1}},"4":{"start":{"line":26,"column":17},"end":{"line":26,"column":38}},"5":{"start":{"line":27,"column":2},"end":{"line":29,"column":3}},"6":{"start":{"line":28,"column":4},"end":{"line":28,"column":73}},"7":{"start":{"line":30,"column":2},"end":{"line":30,"column":9}},"8":{"start":{"line":33,"column":0},"end":{"line":36,"column":2}}},"fnMap":{"0":{"name":"(anonymous_0)","decl":{"start":{"line":3,"column":39},"end":{"line":3,"column":40}},"loc":{"start":{"line":3,"column":45},"end":{"line":23,"column":1}},"line":3},"1":{"name":"(anonymous_1)","decl":{"start":{"line":25,"column":17},"end":{"line":25,"column":18}},"loc":{"start":{"line":25,"column":37},"end":{"line":31,"column":1}},"line":25}},"branchMap":{"0":{"loc":{"start":{"line":27,"column":2},"end":{"line":29,"column":3}},"type":"if","locations":[{"start":{"line":27,"column":2},"end":{"line":29,"column":3}},{"start":{},"end":{}}],"line":27}},"s":{"0":1,"1":1,"2":2,"3":1,"4":0,"5":0,"6":0,"7":0,"8":1},"f":{"0":2,"1":0},"b":{"0":[0,0]},"_coverageSchema":"1a1c01bbd47fc00a2c39e90264f33305004495a9","hash":"c3ee757ff359807eaf92c1939b35bcc4ce723be3"}
,"D:\\opal\\Projek code\\api-ufo-veteran-jakarta\\src\\validators\\authValidator.js": {"path":"D:\\opal\\Projek code\\api-ufo-veteran-jakarta\\src\\validators\\authValidator.js","statementMap":{"0":{"start":{"line":1,"column":36},"end":{"line":1,"column":64}},"1":{"start":{"line":3,"column":32},"end":{"line":26,"column":1}},"2":{"start":{"line":4,"column":2},"end":{"line":25,"column":4}},"3":{"start":{"line":28,"column":29},"end":{"line":45,"column":1}},"4":{"start":{"line":29,"column":2},"end":{"line":44,"column":4}},"5":{"start":{"line":47,"column":17},"end":{"line":53,"column":1}},"6":{"start":{"line":48,"column":17},"end":{"line":48,"column":38}},"7":{"start":{"line":49,"column":2},"end":{"line":51,"column":3}},"8":{"start":{"line":50,"column":4},"end":{"line":50,"column":73}},"9":{"start":{"line":52,"column":2},"end":{"line":52,"column":9}},"10":{"start":{"line":55,"column":0},"end":{"line":59,"column":2}}},"fnMap":{"0":{"name":"(anonymous_0)","decl":{"start":{"line":3,"column":32},"end":{"line":3,"column":33}},"loc":{"start":{"line":3,"column":38},"end":{"line":26,"column":1}},"line":3},"1":{"name":"(anonymous_1)","decl":{"start":{"line":28,"column":29},"end":{"line":28,"column":30}},"loc":{"start":{"line":28,"column":35},"end":{"line":45,"column":1}},"line":28},"2":{"name":"(anonymous_2)","decl":{"start":{"line":47,"column":17},"end":{"line":47,"column":18}},"loc":{"start":{"line":47,"column":37},"end":{"line":53,"column":1}},"line":47}},"branchMap":{"0":{"loc":{"start":{"line":49,"column":2},"end":{"line":51,"column":3}},"type":"if","locations":[{"start":{"line":49,"column":2},"end":{"line":51,"column":3}},{"start":{},"end":{}}],"line":49}},"s":{"0":1,"1":1,"2":1,"3":1,"4":1,"5":1,"6":18,"7":18,"8":0,"9":18,"10":1},"f":{"0":1,"1":1,"2":18},"b":{"0":[0,18]},"_coverageSchema":"1a1c01bbd47fc00a2c39e90264f33305004495a9","hash":"147b4ccf56a4ca3257a73779cf183d7d4c813707"}
,"D:\\opal\\Projek code\\api-ufo-veteran-jakarta\\src\\validators\\contentValidator.js": {"path":"D:\\opal\\Projek code\\api-ufo-veteran-jakarta\\src\\validators\\contentValidator.js","statementMap":{"0":{"start":{"line":1,"column":36},"end":{"line":1,"column":64}},"1":{"start":{"line":3,"column":28},"end":{"line":20,"column":1}},"2":{"start":{"line":4,"column":2},"end":{"line":19,"column":4}},"3":{"start":{"line":22,"column":17},"end":{"line":28,"column":1}},"4":{"start":{"line":23,"column":17},"end":{"line":23,"column":38}},"5":{"start":{"line":24,"column":2},"end":{"line":26,"column":3}},"6":{"start":{"line":25,"column":4},"end":{"line":25,"column":73}},"7":{"start":{"line":27,"column":2},"end":{"line":27,"column":9}},"8":{"start":{"line":30,"column":0},"end":{"line":33,"column":2}}},"fnMap":{"0":{"name":"(anonymous_0)","decl":{"start":{"line":3,"column":28},"end":{"line":3,"column":29}},"loc":{"start":{"line":3,"column":34},"end":{"line":20,"column":1}},"line":3},"1":{"name":"(anonymous_1)","decl":{"start":{"line":22,"column":17},"end":{"line":22,"column":18}},"loc":{"start":{"line":22,"column":37},"end":{"line":28,"column":1}},"line":22}},"branchMap":{"0":{"loc":{"start":{"line":24,"column":2},"end":{"line":26,"column":3}},"type":"if","locations":[{"start":{"line":24,"column":2},"end":{"line":26,"column":3}},{"start":{},"end":{}}],"line":24}},"s":{"0":1,"1":1,"2":2,"3":1,"4":0,"5":0,"6":0,"7":0,"8":1},"f":{"0":2,"1":0},"b":{"0":[0,0]},"_coverageSchema":"1a1c01bbd47fc00a2c39e90264f33305004495a9","hash":"f54f03409d09e32011ffb8c0ec50c9d495fc4987"}
,"D:\\opal\\Projek code\\api-ufo-veteran-jakarta\\src\\validators\\divisionValidator.js": {"path":"D:\\opal\\Projek code\\api-ufo-veteran-jakarta\\src\\validators\\divisionValidator.js","statementMap":{"0":{"start":{"line":1,"column":49},"end":{"line":1,"column":77}},"1":{"start":{"line":4,"column":18},"end":{"line":9,"column":44}},"2":{"start":{"line":11,"column":2},"end":{"line":17,"column":3}},"3":{"start":{"line":12,"column":4},"end":{"line":16,"column":8}},"4":{"start":{"line":19,"column":2},"end":{"line":19,"column":19}},"5":{"start":{"line":22,"column":36},"end":{"line":24,"column":1}},"6":{"start":{"line":23,"column":2},"end":{"line":23,"column":76}},"7":{"start":{"line":26,"column":17},"end":{"line":34,"column":1}},"8":{"start":{"line":27,"column":17},"end":{"line":27,"column":38}},"9":{"start":{"line":28,"column":2},"end":{"line":30,"column":3}},"10":{"start":{"line":29,"column":4},"end":{"line":29,"column":73}},"11":{"start":{"line":32,"column":2},"end":{"line":32,"column":55}},"12":{"start":{"line":33,"column":2},"end":{"line":33,"column":9}},"13":{"start":{"line":36,"column":0},"end":{"line":39,"column":2}}},"fnMap":{"0":{"name":"createStringFieldValidator","decl":{"start":{"line":3,"column":9},"end":{"line":3,"column":35}},"loc":{"start":{"line":3,"column":79},"end":{"line":20,"column":1}},"line":3},"1":{"name":"(anonymous_1)","decl":{"start":{"line":22,"column":36},"end":{"line":22,"column":37}},"loc":{"start":{"line":22,"column":42},"end":{"line":24,"column":1}},"line":22},"2":{"name":"(anonymous_2)","decl":{"start":{"line":26,"column":17},"end":{"line":26,"column":18}},"loc":{"start":{"line":26,"column":37},"end":{"line":34,"column":1}},"line":26}},"branchMap":{"0":{"loc":{"start":{"line":3,"column":61},"end":{"line":3,"column":77}},"type":"default-arg","locations":[{"start":{"line":3,"column":73},"end":{"line":3,"column":77}}],"line":3},"1":{"loc":{"start":{"line":11,"column":2},"end":{"line":17,"column":3}},"type":"if","locations":[{"start":{"line":11,"column":2},"end":{"line":17,"column":3}},{"start":{},"end":{}}],"line":11},"2":{"loc":{"start":{"line":28,"column":2},"end":{"line":30,"column":3}},"type":"if","locations":[{"start":{"line":28,"column":2},"end":{"line":30,"column":3}},{"start":{},"end":{}}],"line":28}},"s":{"0":1,"1":2,"2":2,"3":2,"4":2,"5":1,"6":2,"7":1,"8":0,"9":0,"10":0,"11":0,"12":0,"13":1},"f":{"0":2,"1":2,"2":0},"b":{"0":[0],"1":[2,0],"2":[0,0]},"_coverageSchema":"1a1c01bbd47fc00a2c39e90264f33305004495a9","hash":"21d63478564c8583c3151e7651f9f39d36c515f8"}
,"D:\\opal\\Projek code\\api-ufo-veteran-jakarta\\src\\validators\\eventValidator.js": {"path":"D:\\opal\\Projek code\\api-ufo-veteran-jakarta\\src\\validators\\eventValidator.js","statementMap":{"0":{"start":{"line":1,"column":49},"end":{"line":1,"column":77}},"1":{"start":{"line":3,"column":28},"end":{"line":100,"column":1}},"2":{"start":{"line":4,"column":2},"end":{"line":99,"column":4}},"3":{"start":{"line":78,"column":8},"end":{"line":80,"column":9}},"4":{"start":{"line":79,"column":10},"end":{"line":79,"column":72}},"5":{"start":{"line":81,"column":8},"end":{"line":81,"column":20}},"6":{"start":{"line":102,"column":17},"end":{"line":110,"column":1}},"7":{"start":{"line":103,"column":17},"end":{"line":103,"column":38}},"8":{"start":{"line":104,"column":2},"end":{"line":106,"column":3}},"9":{"start":{"line":105,"column":4},"end":{"line":105,"column":73}},"10":{"start":{"line":108,"column":2},"end":{"line":108,"column":55}},"11":{"start":{"line":109,"column":2},"end":{"line":109,"column":9}},"12":{"start":{"line":112,"column":0},"end":{"line":115,"column":2}}},"fnMap":{"0":{"name":"(anonymous_0)","decl":{"start":{"line":3,"column":28},"end":{"line":3,"column":29}},"loc":{"start":{"line":3,"column":34},"end":{"line":100,"column":1}},"line":3},"1":{"name":"(anonymous_1)","decl":{"start":{"line":77,"column":14},"end":{"line":77,"column":15}},"loc":{"start":{"line":77,"column":25},"end":{"line":82,"column":7}},"line":77},"2":{"name":"(anonymous_2)","decl":{"start":{"line":102,"column":17},"end":{"line":102,"column":18}},"loc":{"start":{"line":102,"column":37},"end":{"line":110,"column":1}},"line":102}},"branchMap":{"0":{"loc":{"start":{"line":78,"column":8},"end":{"line":80,"column":9}},"type":"if","locations":[{"start":{"line":78,"column":8},"end":{"line":80,"column":9}},{"start":{},"end":{}}],"line":78},"1":{"loc":{"start":{"line":104,"column":2},"end":{"line":106,"column":3}},"type":"if","locations":[{"start":{"line":104,"column":2},"end":{"line":106,"column":3}},{"start":{},"end":{}}],"line":104}},"s":{"0":1,"1":1,"2":2,"3":5,"4":0,"5":5,"6":1,"7":5,"8":5,"9":1,"10":4,"11":4,"12":1},"f":{"0":2,"1":5,"2":5},"b":{"0":[0,5],"1":[1,4]},"_coverageSchema":"1a1c01bbd47fc00a2c39e90264f33305004495a9","hash":"499b5dc797dc549315018115c6089e1cbed22877"}
,"D:\\opal\\Projek code\\api-ufo-veteran-jakarta\\src\\validators\\latestActivityValidator.js": {"path":"D:\\opal\\Projek code\\api-ufo-veteran-jakarta\\src\\validators\\latestActivityValidator.js","statementMap":{"0":{"start":{"line":1,"column":49},"end":{"line":1,"column":77}},"1":{"start":{"line":4,"column":18},"end":{"line":9,"column":44}},"2":{"start":{"line":11,"column":2},"end":{"line":17,"column":3}},"3":{"start":{"line":12,"column":4},"end":{"line":16,"column":8}},"4":{"start":{"line":19,"column":2},"end":{"line":19,"column":19}},"5":{"start":{"line":22,"column":42},"end":{"line":24,"column":1}},"6":{"start":{"line":23,"column":2},"end":{"line":23,"column":77}},"7":{"start":{"line":26,"column":17},"end":{"line":34,"column":1}},"8":{"start":{"line":27,"column":17},"end":{"line":27,"column":38}},"9":{"start":{"line":28,"column":2},"end":{"line":30,"column":3}},"10":{"start":{"line":29,"column":4},"end":{"line":29,"column":73}},"11":{"start":{"line":32,"column":2},"end":{"line":32,"column":55}},"12":{"start":{"line":33,"column":2},"end":{"line":33,"column":9}},"13":{"start":{"line":36,"column":0},"end":{"line":39,"column":2}}},"fnMap":{"0":{"name":"createStringFieldValidator","decl":{"start":{"line":3,"column":9},"end":{"line":3,"column":35}},"loc":{"start":{"line":3,"column":79},"end":{"line":20,"column":1}},"line":3},"1":{"name":"(anonymous_1)","decl":{"start":{"line":22,"column":42},"end":{"line":22,"column":43}},"loc":{"start":{"line":22,"column":48},"end":{"line":24,"column":1}},"line":22},"2":{"name":"(anonymous_2)","decl":{"start":{"line":26,"column":17},"end":{"line":26,"column":18}},"loc":{"start":{"line":26,"column":37},"end":{"line":34,"column":1}},"line":26}},"branchMap":{"0":{"loc":{"start":{"line":3,"column":61},"end":{"line":3,"column":77}},"type":"default-arg","locations":[{"start":{"line":3,"column":73},"end":{"line":3,"column":77}}],"line":3},"1":{"loc":{"start":{"line":11,"column":2},"end":{"line":17,"column":3}},"type":"if","locations":[{"start":{"line":11,"column":2},"end":{"line":17,"column":3}},{"start":{},"end":{}}],"line":11},"2":{"loc":{"start":{"line":28,"column":2},"end":{"line":30,"column":3}},"type":"if","locations":[{"start":{"line":28,"column":2},"end":{"line":30,"column":3}},{"start":{},"end":{}}],"line":28}},"s":{"0":1,"1":2,"2":2,"3":2,"4":2,"5":1,"6":2,"7":1,"8":0,"9":0,"10":0,"11":0,"12":0,"13":1},"f":{"0":2,"1":2,"2":0},"b":{"0":[0],"1":[2,0],"2":[0,0]},"_coverageSchema":"1a1c01bbd47fc00a2c39e90264f33305004495a9","hash":"65243b1b322dd09d42b1d22213e140065d29ff0c"}
,"D:\\opal\\Projek code\\api-ufo-veteran-jakarta\\src\\validators\\partnerValidator.js": {"path":"D:\\opal\\Projek code\\api-ufo-veteran-jakarta\\src\\validators\\partnerValidator.js","statementMap":{"0":{"start":{"line":1,"column":36},"end":{"line":1,"column":64}},"1":{"start":{"line":3,"column":35},"end":{"line":14,"column":1}},"2":{"start":{"line":4,"column":2},"end":{"line":13,"column":4}},"3":{"start":{"line":16,"column":17},"end":{"line":22,"column":1}},"4":{"start":{"line":17,"column":17},"end":{"line":17,"column":38}},"5":{"start":{"line":18,"column":2},"end":{"line":20,"column":3}},"6":{"start":{"line":19,"column":4},"end":{"line":19,"column":73}},"7":{"start":{"line":21,"column":2},"end":{"line":21,"column":9}},"8":{"start":{"line":24,"column":0},"end":{"line":27,"column":2}}},"fnMap":{"0":{"name":"(anonymous_0)","decl":{"start":{"line":3,"column":35},"end":{"line":3,"column":36}},"loc":{"start":{"line":3,"column":41},"end":{"line":14,"column":1}},"line":3},"1":{"name":"(anonymous_1)","decl":{"start":{"line":16,"column":17},"end":{"line":16,"column":18}},"loc":{"start":{"line":16,"column":37},"end":{"line":22,"column":1}},"line":16}},"branchMap":{"0":{"loc":{"start":{"line":18,"column":2},"end":{"line":20,"column":3}},"type":"if","locations":[{"start":{"line":18,"column":2},"end":{"line":20,"column":3}},{"start":{},"end":{}}],"line":18}},"s":{"0":1,"1":1,"2":2,"3":1,"4":0,"5":0,"6":0,"7":0,"8":1},"f":{"0":2,"1":0},"b":{"0":[0,0]},"_coverageSchema":"1a1c01bbd47fc00a2c39e90264f33305004495a9","hash":"cb27b9ba68883d30dd837f59031eb75d98ed30d1"}
,"D:\\opal\\Projek code\\api-ufo-veteran-jakarta\\src\\validators\\workProgramValidator.js": {"path":"D:\\opal\\Projek code\\api-ufo-veteran-jakarta\\src\\validators\\workProgramValidator.js","statementMap":{"0":{"start":{"line":1,"column":49},"end":{"line":1,"column":77}},"1":{"start":{"line":4,"column":18},"end":{"line":9,"column":44}},"2":{"start":{"line":11,"column":2},"end":{"line":17,"column":3}},"3":{"start":{"line":12,"column":4},"end":{"line":16,"column":8}},"4":{"start":{"line":19,"column":2},"end":{"line":19,"column":19}},"5":{"start":{"line":22,"column":39},"end":{"line":27,"column":1}},"6":{"start":{"line":23,"column":2},"end":{"line":26,"column":4}},"7":{"start":{"line":29,"column":17},"end":{"line":36,"column":1}},"8":{"start":{"line":30,"column":17},"end":{"line":30,"column":38}},"9":{"start":{"line":31,"column":2},"end":{"line":33,"column":3}},"10":{"start":{"line":32,"column":4},"end":{"line":32,"column":73}},"11":{"start":{"line":34,"column":2},"end":{"line":34,"column":55}},"12":{"start":{"line":35,"column":2},"end":{"line":35,"column":9}},"13":{"start":{"line":38,"column":0},"end":{"line":41,"column":2}}},"fnMap":{"0":{"name":"createStringFieldValidator","decl":{"start":{"line":3,"column":9},"end":{"line":3,"column":35}},"loc":{"start":{"line":3,"column":79},"end":{"line":20,"column":1}},"line":3},"1":{"name":"(anonymous_1)","decl":{"start":{"line":22,"column":39},"end":{"line":22,"column":40}},"loc":{"start":{"line":22,"column":45},"end":{"line":27,"column":1}},"line":22},"2":{"name":"(anonymous_2)","decl":{"start":{"line":29,"column":17},"end":{"line":29,"column":18}},"loc":{"start":{"line":29,"column":37},"end":{"line":36,"column":1}},"line":29}},"branchMap":{"0":{"loc":{"start":{"line":3,"column":61},"end":{"line":3,"column":77}},"type":"default-arg","locations":[{"start":{"line":3,"column":73},"end":{"line":3,"column":77}}],"line":3},"1":{"loc":{"start":{"line":11,"column":2},"end":{"line":17,"column":3}},"type":"if","locations":[{"start":{"line":11,"column":2},"end":{"line":17,"column":3}},{"start":{},"end":{}}],"line":11},"2":{"loc":{"start":{"line":31,"column":2},"end":{"line":33,"column":3}},"type":"if","locations":[{"start":{"line":31,"column":2},"end":{"line":33,"column":3}},{"start":{},"end":{}}],"line":31}},"s":{"0":1,"1":4,"2":4,"3":2,"4":4,"5":1,"6":2,"7":1,"8":0,"9":0,"10":0,"11":0,"12":0,"13":1},"f":{"0":4,"1":2,"2":0},"b":{"0":[2],"1":[2,2],"2":[0,0]},"_coverageSchema":"1a1c01bbd47fc00a2c39e90264f33305004495a9","hash":"2a43d17c327c382b3a7edb802940250230232a3a"}
}
