TN:
SF:src\app.js
FNF:0
FNH:0
DA:1,1
DA:2,1
DA:3,1
DA:4,1
DA:5,1
DA:6,1
DA:7,1
DA:8,1
DA:10,1
DA:12,1
DA:14,1
DA:15,1
DA:16,1
DA:17,1
DA:18,1
DA:20,1
DA:22,1
LF:17
LH:17
BRF:0
BRH:0
end_of_record
TN:
SF:src\config\cloudinary.js
FNF:0
FNH:0
DA:1,1
DA:2,1
DA:4,1
DA:6,1
DA:12,1
LF:5
LH:5
BRF:0
BRH:0
end_of_record
TN:
SF:src\config\database.js
FNF:0
FNH:0
DA:1,1
DA:2,1
DA:6,1
DA:14,1
LF:4
LH:4
BRDA:3,0,0,1
BRDA:3,0,1,0
BRF:2
BRH:1
end_of_record
TN:
SF:src\controllers\authController.js
FN:6,(anonymous_0)
FN:24,(anonymous_1)
FN:53,(anonymous_2)
FNF:3
FNH:2
FNDA:16,(anonymous_0)
FNDA:16,(anonymous_1)
FNDA:0,(anonymous_2)
DA:1,1
DA:2,1
DA:3,1
DA:4,1
DA:6,1
DA:7,16
DA:8,16
DA:10,16
DA:11,0
DA:12,0
DA:14,16
DA:15,16
DA:17,16
DA:19,0
DA:20,0
DA:24,1
DA:25,16
DA:26,16
DA:28,16
DA:29,0
DA:30,0
DA:32,16
DA:33,16
DA:37,16
DA:48,0
DA:49,0
DA:53,1
DA:54,0
DA:55,0
DA:56,0
DA:58,0
DA:59,0
LF:32
LH:19
BRDA:10,0,0,0
BRDA:10,0,1,16
BRDA:28,1,0,0
BRDA:28,1,1,16
BRDA:54,2,0,0
BRDA:54,2,1,0
BRF:6
BRH:2
end_of_record
TN:
SF:src\controllers\contentController.js
FN:6,(anonymous_0)
FN:24,(anonymous_1)
FN:36,(anonymous_2)
FN:59,(anonymous_3)
FNF:4
FNH:0
FNDA:0,(anonymous_0)
FNDA:0,(anonymous_1)
FNDA:0,(anonymous_2)
FNDA:0,(anonymous_3)
DA:1,1
DA:2,1
DA:4,1
DA:6,1
DA:7,0
DA:10,0
DA:11,0
DA:13,0
DA:16,0
DA:17,0
DA:19,0
DA:20,0
DA:24,1
DA:25,0
DA:26,0
DA:28,0
DA:29,0
DA:31,0
DA:32,0
DA:36,1
DA:37,0
DA:38,0
DA:39,0
DA:42,0
DA:43,0
DA:44,0
DA:46,0
DA:51,0
DA:52,0
DA:54,0
DA:55,0
DA:59,1
DA:60,0
DA:61,0
DA:62,0
DA:65,0
DA:66,0
DA:67,0
DA:70,0
DA:71,0
DA:72,0
DA:74,0
DA:75,0
LF:43
LH:7
BRDA:10,0,0,0
BRDA:10,0,1,0
BRDA:38,1,0,0
BRDA:38,1,1,0
BRDA:43,2,0,0
BRDA:43,2,1,0
BRDA:61,3,0,0
BRDA:61,3,1,0
BRDA:66,4,0,0
BRDA:66,4,1,0
BRF:10
BRH:0
end_of_record
TN:
SF:src\controllers\eventController.js
FN:13,(anonymous_0)
FN:35,(anonymous_1)
FN:46,(anonymous_2)
FN:64,(anonymous_3)
FN:106,(anonymous_4)
FNF:5
FNH:0
FNDA:0,(anonymous_0)
FNDA:0,(anonymous_1)
FNDA:0,(anonymous_2)
FNDA:0,(anonymous_3)
FNDA:0,(anonymous_4)
DA:1,1
DA:2,1
DA:9,1
DA:10,1
DA:11,1
DA:13,1
DA:14,0
DA:15,0
DA:17,0
DA:18,0
DA:23,0
DA:24,0
DA:26,0
DA:27,0
DA:28,0
DA:30,0
DA:31,0
DA:35,1
DA:36,0
DA:37,0
DA:38,0
DA:39,0
DA:41,0
DA:42,0
DA:46,1
DA:47,0
DA:48,0
DA:49,0
DA:51,0
DA:52,0
DA:53,0
DA:56,0
DA:57,0
DA:59,0
DA:60,0
DA:64,1
DA:65,0
DA:67,0
DA:68,0
DA:71,0
DA:72,0
DA:74,0
DA:75,0
DA:76,0
DA:79,0
DA:80,0
DA:83,0
DA:84,0
DA:85,0
DA:88,0
DA:89,0
DA:93,0
DA:96,0
DA:98,0
DA:99,0
DA:101,0
DA:102,0
DA:106,1
DA:107,0
DA:108,0
DA:109,0
DA:111,0
DA:112,0
DA:118,0
DA:123,0
LF:65
LH:10
BRDA:51,0,0,0
BRDA:51,0,1,0
BRDA:67,1,0,0
BRDA:67,1,1,0
BRDA:74,2,0,0
BRDA:74,2,1,0
BRDA:79,3,0,0
BRDA:79,3,1,0
BRDA:83,4,0,0
BRDA:83,4,1,0
BRDA:88,5,0,0
BRDA:88,5,1,0
BRDA:111,6,0,0
BRDA:111,6,1,0
BRF:14
BRH:0
end_of_record
TN:
SF:src\controllers\partnerController.js
FN:11,(anonymous_0)
FN:26,(anonymous_1)
FN:41,(anonymous_2)
FN:59,(anonymous_3)
FN:90,(anonymous_4)
FNF:5
FNH:5
FNDA:5,(anonymous_0)
FNDA:2,(anonymous_1)
FNDA:1,(anonymous_2)
FNDA:2,(anonymous_3)
FNDA:2,(anonymous_4)
DA:1,1
DA:2,1
DA:8,1
DA:9,1
DA:11,1
DA:12,5
DA:13,5
DA:15,5
DA:17,5
DA:18,5
DA:19,5
DA:21,0
DA:22,0
DA:26,1
DA:27,2
DA:28,2
DA:29,1
DA:32,1
DA:33,1
DA:34,1
DA:36,0
DA:37,0
DA:41,1
DA:42,1
DA:43,1
DA:44,1
DA:46,1
DA:47,0
DA:48,0
DA:51,1
DA:52,1
DA:54,0
DA:55,0
DA:59,1
DA:60,2
DA:61,2
DA:63,2
DA:65,2
DA:66,1
DA:67,1
DA:70,1
DA:71,0
DA:72,0
DA:75,1
DA:77,1
DA:78,1
DA:85,0
DA:86,0
DA:90,1
DA:91,2
DA:92,2
DA:94,2
DA:96,2
DA:97,1
DA:98,1
DA:101,1
DA:102,1
DA:104,0
DA:105,0
LF:59
LH:45
BRDA:28,0,0,1
BRDA:28,0,1,1
BRDA:46,1,0,0
BRDA:46,1,1,1
BRDA:65,2,0,1
BRDA:65,2,1,1
BRDA:70,3,0,0
BRDA:70,3,1,1
BRDA:96,4,0,1
BRDA:96,4,1,1
BRF:10
BRH:8
end_of_record
TN:
SF:src\helpers\bcrypt.js
FN:2,(anonymous_0)
FNF:1
FNH:1
FNDA:16,(anonymous_0)
DA:1,1
DA:2,1
DA:3,16
LF:3
LH:3
BRF:0
BRH:0
end_of_record
TN:
SF:src\helpers\response.js
FN:1,(anonymous_0)
FNF:1
FNH:1
FNDA:49,(anonymous_0)
DA:1,1
DA:8,49
DA:12,49
DA:13,23
DA:15,49
DA:16,16
DA:18,49
LF:7
LH:7
BRDA:5,0,0,26
BRDA:6,1,0,33
BRDA:12,2,0,23
BRDA:12,2,1,26
BRDA:15,3,0,16
BRDA:15,3,1,33
BRF:6
BRH:6
end_of_record
TN:
SF:src\helpers\slug.js
FN:4,(anonymous_0)
FNF:1
FNH:0
FNDA:0,(anonymous_0)
DA:1,1
DA:2,1
DA:4,1
DA:5,0
DA:6,0
DA:7,0
LF:6
LH:3
BRF:0
BRH:0
end_of_record
TN:
SF:src\middlewares\authMiddleware.js
FN:4,(anonymous_0)
FN:5,(anonymous_1)
FN:13,(anonymous_2)
FN:14,(anonymous_3)
FNF:4
FNH:4
FNDA:3,(anonymous_0)
FNDA:32,(anonymous_1)
FNDA:10,(anonymous_2)
FNDA:17,(anonymous_3)
DA:1,1
DA:2,1
DA:4,1
DA:5,3
DA:6,32
DA:7,0
DA:9,32
DA:13,1
DA:14,10
DA:15,17
DA:16,17
DA:17,17
DA:19,17
DA:20,3
DA:23,14
DA:24,14
DA:26,0
DA:29,14
LF:18
LH:16
BRDA:6,0,0,0
BRDA:6,0,1,32
BRDA:19,1,0,3
BRDA:19,1,1,14
BRDA:19,2,0,17
BRDA:19,2,1,14
BRF:6
BRH:5
end_of_record
TN:
SF:src\middlewares\eventMiddlewareFile.js
FN:5,(anonymous_0)
FN:6,(anonymous_1)
FN:56,(anonymous_2)
FN:57,(anonymous_3)
FNF:4
FNH:2
FNDA:2,(anonymous_0)
FNDA:0,(anonymous_1)
FNDA:2,(anonymous_2)
FNDA:0,(anonymous_3)
DA:1,1
DA:2,1
DA:3,1
DA:5,1
DA:6,2
DA:7,0
DA:9,0
DA:10,0
DA:13,0
DA:14,0
DA:16,0
DA:17,0
DA:24,0
DA:26,0
DA:33,0
DA:34,0
DA:38,0
DA:41,0
DA:45,0
DA:52,0
DA:56,1
DA:57,2
DA:58,0
DA:60,0
DA:61,0
DA:62,0
DA:64,0
DA:65,0
DA:72,0
DA:74,0
DA:81,0
DA:82,0
DA:86,0
DA:89,0
DA:93,0
DA:101,0
LF:36
LH:7
BRDA:9,0,0,0
BRDA:9,0,1,0
BRDA:16,1,0,0
BRDA:16,1,1,0
BRDA:16,2,0,0
BRDA:16,2,1,0
BRDA:24,3,0,0
BRDA:24,3,1,0
BRDA:34,4,0,0
BRDA:34,4,1,0
BRDA:35,5,0,0
BRDA:35,5,1,0
BRDA:35,5,2,0
BRDA:41,6,0,0
BRDA:41,6,1,0
BRDA:42,7,0,0
BRDA:42,7,1,0
BRDA:42,7,2,0
BRDA:60,8,0,0
BRDA:60,8,1,0
BRDA:64,9,0,0
BRDA:64,9,1,0
BRDA:64,10,0,0
BRDA:64,10,1,0
BRDA:72,11,0,0
BRDA:72,11,1,0
BRDA:82,12,0,0
BRDA:82,12,1,0
BRDA:83,13,0,0
BRDA:83,13,1,0
BRDA:83,13,2,0
BRDA:89,14,0,0
BRDA:89,14,1,0
BRDA:90,15,0,0
BRDA:90,15,1,0
BRDA:90,15,2,0
BRF:36
BRH:0
end_of_record
TN:
SF:src\middlewares\partnerMiddlewareFile.js
FN:4,(anonymous_0)
FN:5,(anonymous_1)
FN:32,(anonymous_2)
FN:33,(anonymous_3)
FNF:4
FNH:4
FNDA:1,(anonymous_0)
FNDA:10,(anonymous_1)
FNDA:1,(anonymous_2)
FNDA:2,(anonymous_3)
DA:1,1
DA:2,1
DA:4,1
DA:5,1
DA:6,10
DA:8,10
DA:9,1
DA:12,9
DA:13,9
DA:15,9
DA:16,1
DA:19,8
DA:21,1
DA:28,7
DA:32,1
DA:33,1
DA:34,2
DA:36,2
DA:37,0
DA:38,0
DA:40,0
DA:41,0
DA:44,0
DA:46,0
DA:54,2
LF:25
LH:19
BRDA:8,0,0,1
BRDA:8,0,1,9
BRDA:15,1,0,1
BRDA:15,1,1,8
BRDA:15,2,0,9
BRDA:15,2,1,8
BRDA:19,3,0,1
BRDA:19,3,1,7
BRDA:36,4,0,0
BRDA:36,4,1,2
BRDA:40,5,0,0
BRDA:40,5,1,0
BRDA:40,6,0,0
BRDA:40,6,1,0
BRDA:44,7,0,0
BRDA:44,7,1,0
BRF:16
BRH:9
end_of_record
TN:
SF:src\migration\users.js
FN:3,(anonymous_0)
FN:7,(anonymous_1)
FN:11,(anonymous_2)
FN:68,(anonymous_3)
FNF:4
FNH:2
FNDA:0,(anonymous_0)
FNDA:0,(anonymous_1)
FNDA:1,(anonymous_2)
FNDA:1,(anonymous_3)
DA:1,1
DA:3,1
DA:4,0
DA:7,1
DA:8,0
DA:11,1
DA:12,1
DA:22,1
DA:32,1
DA:57,1
DA:68,1
DA:69,1
DA:70,1
DA:71,1
DA:72,1
LF:15
LH:13
BRF:0
BRH:0
end_of_record
TN:
SF:src\models\contentModel.js
FN:3,(anonymous_0)
FN:10,(anonymous_1)
FN:22,(anonymous_2)
FN:30,(anonymous_3)
FN:38,(anonymous_4)
FN:47,(anonymous_5)
FN:54,(anonymous_6)
FNF:7
FNH:0
FNDA:0,(anonymous_0)
FNDA:0,(anonymous_1)
FNDA:0,(anonymous_2)
FNDA:0,(anonymous_3)
FNDA:0,(anonymous_4)
FNDA:0,(anonymous_5)
FNDA:0,(anonymous_6)
DA:1,1
DA:3,1
DA:4,0
DA:7,0
DA:10,1
DA:11,0
DA:12,0
DA:16,0
DA:18,0
DA:22,1
DA:24,0
DA:27,0
DA:30,1
DA:31,0
DA:35,0
DA:38,1
DA:39,0
DA:44,0
DA:47,1
DA:48,0
DA:51,0
DA:54,1
DA:55,0
DA:60,0
LF:24
LH:8
BRF:0
BRH:0
end_of_record
TN:
SF:src\models\eventModel.js
FN:3,insertEvent
FN:8,(anonymous_1)
FN:28,getAllEvents
FN:40,getEventBySlug
FN:52,(anonymous_4)
FN:57,(anonymous_5)
FN:79,softDeleteEventBySlug
FNF:7
FNH:0
FNDA:0,insertEvent
FNDA:0,(anonymous_1)
FNDA:0,getAllEvents
FNDA:0,getEventBySlug
FNDA:0,(anonymous_4)
FNDA:0,(anonymous_5)
FNDA:0,softDeleteEventBySlug
DA:1,1
DA:3,1
DA:4,0
DA:5,0
DA:6,0
DA:8,0
DA:9,0
DA:10,0
DA:11,0
DA:14,0
DA:20,0
DA:21,0
DA:22,0
DA:24,0
DA:28,1
DA:29,0
DA:31,0
DA:32,0
DA:33,0
DA:35,0
DA:36,0
DA:40,1
DA:41,0
DA:43,0
DA:44,0
DA:45,0
DA:47,0
DA:48,0
DA:52,1
DA:53,0
DA:54,0
DA:55,0
DA:57,0
DA:58,0
DA:59,0
DA:60,0
DA:63,0
DA:70,0
DA:71,0
DA:72,0
DA:74,0
DA:75,0
DA:79,1
DA:80,0
DA:87,0
DA:88,0
DA:89,0
DA:91,0
DA:92,0
LF:49
LH:6
BRF:0
BRH:0
end_of_record
TN:
SF:src\models\partnerModel.js
FN:3,insertParnter
FN:8,(anonymous_1)
FN:28,getAllPartners
FN:40,(anonymous_3)
FN:56,(anonymous_4)
FN:61,(anonymous_5)
FN:83,(anonymous_6)
FNF:7
FNH:6
FNDA:5,insertParnter
FNDA:10,(anonymous_1)
FNDA:1,getAllPartners
FNDA:5,(anonymous_3)
FNDA:1,(anonymous_4)
FNDA:1,(anonymous_5)
FNDA:0,(anonymous_6)
DA:1,1
DA:3,1
DA:4,5
DA:5,5
DA:6,5
DA:8,5
DA:9,10
DA:10,10
DA:11,10
DA:14,5
DA:20,5
DA:21,5
DA:22,5
DA:24,0
DA:28,1
DA:29,1
DA:31,1
DA:32,1
DA:33,1
DA:35,0
DA:36,0
DA:40,1
DA:41,5
DA:42,5
DA:47,5
DA:48,2
DA:50,3
DA:52,0
DA:56,1
DA:57,1
DA:58,1
DA:59,1
DA:61,1
DA:62,1
DA:63,1
DA:64,1
DA:67,1
DA:74,1
DA:75,1
DA:76,1
DA:78,0
DA:79,0
DA:83,1
DA:84,0
DA:91,0
DA:92,0
DA:93,0
DA:95,0
DA:96,0
LF:49
LH:37
BRDA:47,0,0,2
BRDA:47,0,1,3
BRF:2
BRH:2
end_of_record
TN:
SF:src\models\userModel.js
FN:4,(anonymous_0)
FN:11,(anonymous_1)
FN:20,(anonymous_2)
FN:27,(anonymous_3)
FNF:4
FNH:3
FNDA:0,(anonymous_0)
FNDA:32,(anonymous_1)
FNDA:16,(anonymous_2)
FNDA:16,(anonymous_3)
DA:1,1
DA:2,1
DA:4,1
DA:5,0
DA:8,0
DA:11,1
DA:12,32
DA:17,32
DA:20,1
DA:21,16
DA:24,16
DA:27,1
DA:28,16
DA:30,16
DA:36,16
LF:15
LH:13
BRF:0
BRH:0
end_of_record
TN:
SF:src\routes\authRoutes.js
FN:40,(anonymous_0)
FNF:1
FNH:0
FNDA:0,(anonymous_0)
DA:1,1
DA:2,1
DA:8,1
DA:12,1
DA:14,1
DA:16,1
DA:24,1
DA:32,1
DA:40,1
DA:41,0
DA:42,0
DA:44,0
DA:48,1
LF:13
LH:10
BRDA:41,0,0,0
BRDA:41,0,1,0
BRF:2
BRH:0
end_of_record
TN:
SF:src\routes\contentRoutes.js
FN:32,(anonymous_0)
FNF:1
FNH:0
FNDA:0,(anonymous_0)
DA:1,1
DA:2,1
DA:3,1
DA:8,1
DA:9,1
DA:11,1
DA:13,1
DA:21,1
DA:23,1
DA:30,1
DA:32,1
DA:33,0
DA:34,0
DA:36,0
DA:40,1
LF:15
LH:12
BRDA:33,0,0,0
BRDA:33,0,1,0
BRF:2
BRH:0
end_of_record
TN:
SF:src\routes\eventRoutes.js
FNF:0
FNH:0
DA:1,1
DA:2,1
DA:7,1
DA:8,1
DA:12,1
DA:14,1
DA:16,1
DA:26,1
DA:27,1
DA:29,1
DA:39,1
DA:41,1
LF:12
LH:12
BRF:0
BRH:0
end_of_record
TN:
SF:src\routes\index.js
FNF:0
FNH:0
DA:1,1
DA:2,1
DA:3,1
DA:4,1
DA:5,1
DA:7,1
DA:9,1
DA:10,1
DA:11,1
DA:12,1
DA:14,1
LF:11
LH:11
BRF:0
BRH:0
end_of_record
TN:
SF:src\routes\partnerRoutes.js
FNF:0
FNH:0
DA:1,1
DA:2,1
DA:7,1
DA:8,1
DA:12,1
DA:14,1
DA:16,1
DA:25,1
DA:31,1
DA:40,1
DA:42,1
LF:11
LH:11
BRF:0
BRH:0
end_of_record
TN:
SF:src\services\authService.js
FN:4,(anonymous_0)
FN:8,(anonymous_1)
FN:12,(anonymous_2)
FN:16,(anonymous_3)
FNF:4
FNH:3
FNDA:0,(anonymous_0)
FNDA:16,(anonymous_1)
FNDA:16,(anonymous_2)
FNDA:16,(anonymous_3)
DA:1,1
DA:2,1
DA:4,1
DA:5,0
DA:8,1
DA:9,16
DA:12,1
DA:13,16
DA:16,1
DA:17,16
DA:18,16
DA:19,0
DA:22,16
DA:23,0
DA:25,16
DA:26,16
LF:16
LH:13
BRDA:18,0,0,0
BRDA:18,0,1,16
BRDA:22,1,0,0
BRDA:22,1,1,16
BRF:4
BRH:2
end_of_record
TN:
SF:src\services\contentService.js
FN:8,(anonymous_0)
FN:11,(anonymous_1)
FN:14,(anonymous_2)
FN:17,(anonymous_3)
FN:21,(anonymous_4)
FNF:5
FNH:0
FNDA:0,(anonymous_0)
FNDA:0,(anonymous_1)
FNDA:0,(anonymous_2)
FNDA:0,(anonymous_3)
FNDA:0,(anonymous_4)
DA:7,1
DA:8,1
DA:9,0
DA:11,1
DA:12,0
DA:14,1
DA:15,0
DA:17,1
DA:18,0
DA:21,1
DA:22,0
LF:11
LH:6
BRF:0
BRH:0
end_of_record
TN:
SF:src\services\eventService.js
FN:9,(anonymous_0)
FN:13,(anonymous_1)
FN:22,(anonymous_2)
FN:31,(anonymous_3)
FN:35,(anonymous_4)
FNF:5
FNH:0
FNDA:0,(anonymous_0)
FNDA:0,(anonymous_1)
FNDA:0,(anonymous_2)
FNDA:0,(anonymous_3)
FNDA:0,(anonymous_4)
DA:7,1
DA:9,1
DA:10,0
DA:13,1
DA:14,0
DA:15,0
DA:17,0
DA:18,0
DA:22,1
DA:23,0
DA:24,0
DA:26,0
DA:27,0
DA:31,1
DA:32,0
DA:35,1
DA:36,0
LF:17
LH:6
BRF:0
BRH:0
end_of_record
TN:
SF:src\services\partnerService.js
FN:9,(anonymous_0)
FN:13,(anonymous_1)
FN:22,(anonymous_2)
FN:26,(anonymous_3)
FN:30,(anonymous_4)
FNF:5
FNH:4
FNDA:5,(anonymous_0)
FNDA:1,(anonymous_1)
FNDA:5,(anonymous_2)
FNDA:1,(anonymous_3)
FNDA:0,(anonymous_4)
DA:1,1
DA:7,1
DA:9,1
DA:10,5
DA:13,1
DA:14,1
DA:15,1
DA:17,0
DA:18,0
DA:22,1
DA:23,5
DA:26,1
DA:27,1
DA:30,1
DA:31,0
LF:15
LH:12
BRF:0
BRH:0
end_of_record
TN:
SF:src\utils\jwt.js
FN:2,(anonymous_0)
FN:10,(anonymous_1)
FNF:2
FNH:2
FNDA:16,(anonymous_0)
FNDA:28,(anonymous_1)
DA:1,1
DA:2,1
DA:3,16
DA:10,1
DA:11,28
DA:12,28
DA:13,28
DA:15,0
LF:8
LH:7
BRF:0
BRH:0
end_of_record
TN:
SF:src\utils\limiter.js
FNF:0
FNH:0
DA:1,1
DA:2,1
DA:10,1
LF:3
LH:3
BRF:0
BRH:0
end_of_record
TN:
SF:src\utils\logger.js
FNF:0
FNH:0
DA:1,1
DA:2,1
DA:8,1
LF:3
LH:3
BRF:0
BRH:0
end_of_record
TN:
SF:src\utils\uploadFile.js
FN:5,(anonymous_0)
FN:6,(anonymous_1)
FN:13,(anonymous_2)
FN:26,(anonymous_3)
FN:35,(anonymous_4)
FN:36,(anonymous_5)
FN:44,(anonymous_6)
FN:53,(anonymous_7)
FNF:8
FNH:3
FNDA:5,(anonymous_0)
FNDA:5,(anonymous_1)
FNDA:5,(anonymous_2)
FNDA:0,(anonymous_3)
FNDA:0,(anonymous_4)
FNDA:0,(anonymous_5)
FNDA:0,(anonymous_6)
FNDA:0,(anonymous_7)
DA:1,1
DA:2,1
DA:3,1
DA:5,1
DA:6,5
DA:7,5
DA:14,5
DA:15,5
DA:22,5
DA:26,1
DA:27,0
DA:28,0
DA:30,0
DA:35,1
DA:36,0
DA:37,0
DA:38,0
DA:41,0
DA:42,0
DA:44,0
DA:45,0
DA:47,0
DA:54,0
DA:55,0
DA:60,0
DA:61,0
DA:66,0
DA:69,0
DA:74,1
LF:29
LH:12
BRDA:14,0,0,0
BRDA:14,0,1,5
BRDA:37,1,0,0
BRDA:37,1,1,0
BRDA:41,2,0,0
BRDA:41,2,1,0
BRDA:54,3,0,0
BRDA:54,3,1,0
BRDA:60,4,0,0
BRDA:60,4,1,0
BRDA:60,5,0,0
BRDA:60,5,1,0
BRF:12
BRH:1
end_of_record
TN:
SF:src\validators\authValidator.js
FN:3,(anonymous_0)
FN:28,(anonymous_1)
FN:47,(anonymous_2)
FNF:3
FNH:3
FNDA:1,(anonymous_0)
FNDA:1,(anonymous_1)
FNDA:32,(anonymous_2)
DA:1,1
DA:3,1
DA:4,1
DA:28,1
DA:29,1
DA:47,1
DA:48,32
DA:49,32
DA:50,0
DA:52,32
DA:55,1
LF:11
LH:10
BRDA:49,0,0,0
BRDA:49,0,1,32
BRF:2
BRH:1
end_of_record
TN:
SF:src\validators\contentValidator.js
FN:3,(anonymous_0)
FN:22,(anonymous_1)
FNF:2
FNH:1
FNDA:2,(anonymous_0)
FNDA:0,(anonymous_1)
DA:1,1
DA:3,1
DA:4,2
DA:22,1
DA:23,0
DA:24,0
DA:25,0
DA:27,0
DA:30,1
LF:9
LH:5
BRDA:24,0,0,0
BRDA:24,0,1,0
BRF:2
BRH:0
end_of_record
TN:
SF:src\validators\eventValidator.js
FN:3,(anonymous_0)
FN:76,(anonymous_1)
FN:101,(anonymous_2)
FNF:3
FNH:1
FNDA:2,(anonymous_0)
FNDA:0,(anonymous_1)
FNDA:0,(anonymous_2)
DA:1,1
DA:3,1
DA:4,2
DA:77,0
DA:78,0
DA:80,0
DA:101,1
DA:102,0
DA:103,0
DA:104,0
DA:107,0
DA:108,0
DA:111,1
LF:13
LH:5
BRDA:77,0,0,0
BRDA:77,0,1,0
BRDA:103,1,0,0
BRDA:103,1,1,0
BRF:4
BRH:0
end_of_record
TN:
SF:src\validators\partnerValidator.js
FN:3,(anonymous_0)
FN:16,(anonymous_1)
FNF:2
FNH:2
FNDA:2,(anonymous_0)
FNDA:9,(anonymous_1)
DA:1,1
DA:3,1
DA:4,2
DA:16,1
DA:17,9
DA:18,9
DA:19,2
DA:21,7
DA:24,1
LF:9
LH:9
BRDA:18,0,0,2
BRDA:18,0,1,7
BRF:2
BRH:2
end_of_record
