TN:
SF:src\app.js
FNF:0
FNH:0
DA:1,7
DA:2,7
DA:3,7
DA:4,7
DA:5,7
DA:6,7
DA:7,7
DA:8,7
DA:10,7
DA:12,7
DA:14,7
DA:15,7
DA:16,7
DA:17,7
DA:18,7
DA:20,7
DA:22,7
LF:17
LH:17
BRF:0
BRH:0
end_of_record
TN:
SF:src\config\cloudinary.js
FNF:0
FNH:0
DA:1,8
DA:2,8
DA:4,8
DA:6,8
DA:12,8
LF:5
LH:5
BRF:0
BRH:0
end_of_record
TN:
SF:src\config\database.js
FNF:0
FNH:0
DA:1,8
DA:2,8
DA:6,8
DA:14,8
LF:4
LH:4
BRDA:3,0,0,8
BRDA:3,0,1,0
BRF:2
BRH:1
end_of_record
TN:
SF:src\controllers\achievementController.js
FN:12,(anonymous_0)
FN:28,(anonymous_1)
FN:59,(anonymous_2)
FN:77,(anonymous_3)
FN:107,(anonymous_4)
FNF:5
FNH:5
FNDA:4,(anonymous_0)
FNDA:3,(anonymous_1)
FNDA:1,(anonymous_2)
FNDA:1,(anonymous_3)
FNDA:1,(anonymous_4)
DA:1,7
DA:2,7
DA:3,7
DA:10,7
DA:12,7
DA:13,4
DA:14,4
DA:16,4
DA:18,4
DA:20,4
DA:21,4
DA:23,0
DA:24,0
DA:28,7
DA:29,3
DA:30,3
DA:31,1
DA:34,2
DA:36,2
DA:37,1
DA:38,1
DA:45,1
DA:47,1
DA:54,0
DA:55,0
DA:59,7
DA:60,1
DA:61,1
DA:62,1
DA:64,1
DA:65,0
DA:66,0
DA:69,1
DA:70,1
DA:72,0
DA:73,0
DA:77,7
DA:78,1
DA:79,1
DA:80,1
DA:82,1
DA:83,0
DA:84,0
DA:87,1
DA:88,1
DA:89,1
DA:92,1
DA:94,1
DA:95,1
DA:102,0
DA:103,0
DA:107,7
DA:108,1
DA:109,1
DA:111,1
DA:113,1
DA:114,0
DA:115,0
DA:118,1
DA:120,1
DA:121,1
DA:128,0
DA:129,0
LF:63
LH:47
BRDA:30,0,0,1
BRDA:30,0,1,2
BRDA:36,1,0,1
BRDA:36,1,1,1
BRDA:64,2,0,0
BRDA:64,2,1,1
BRDA:82,3,0,0
BRDA:82,3,1,1
BRDA:87,4,0,1
BRDA:87,4,1,0
BRDA:113,5,0,0
BRDA:113,5,1,1
BRF:12
BRH:8
end_of_record
TN:
SF:src\controllers\authController.js
FN:6,(anonymous_0)
FN:24,(anonymous_1)
FN:53,(anonymous_2)
FNF:3
FNH:3
FNDA:65,(anonymous_0)
FNDA:63,(anonymous_1)
FNDA:1,(anonymous_2)
DA:1,7
DA:2,7
DA:3,7
DA:4,7
DA:6,7
DA:7,65
DA:8,65
DA:10,65
DA:11,2
DA:12,2
DA:14,63
DA:15,63
DA:17,63
DA:19,0
DA:20,0
DA:24,7
DA:25,63
DA:26,63
DA:28,63
DA:29,1
DA:30,1
DA:32,62
DA:33,62
DA:37,62
DA:48,0
DA:49,0
DA:53,7
DA:54,1
DA:55,0
DA:56,0
DA:58,1
DA:59,1
LF:32
LH:26
BRDA:10,0,0,2
BRDA:10,0,1,63
BRDA:28,1,0,1
BRDA:28,1,1,62
BRDA:54,2,0,0
BRDA:54,2,1,1
BRF:6
BRH:5
end_of_record
TN:
SF:src\controllers\contentController.js
FN:6,(anonymous_0)
FN:24,(anonymous_1)
FN:36,(anonymous_2)
FN:59,(anonymous_3)
FNF:4
FNH:4
FNDA:3,(anonymous_0)
FNDA:11,(anonymous_1)
FNDA:3,(anonymous_2)
FNDA:3,(anonymous_3)
DA:1,7
DA:2,7
DA:4,7
DA:6,7
DA:7,3
DA:10,3
DA:11,1
DA:13,2
DA:16,3
DA:17,3
DA:19,0
DA:20,0
DA:24,7
DA:25,11
DA:26,11
DA:28,11
DA:29,11
DA:31,0
DA:32,0
DA:36,7
DA:37,3
DA:38,3
DA:39,1
DA:42,2
DA:43,2
DA:44,1
DA:46,1
DA:51,1
DA:52,1
DA:54,0
DA:55,0
DA:59,7
DA:60,3
DA:61,3
DA:62,1
DA:65,2
DA:66,2
DA:67,1
DA:70,1
DA:71,1
DA:72,1
DA:74,0
DA:75,0
LF:43
LH:35
BRDA:10,0,0,1
BRDA:10,0,1,2
BRDA:38,1,0,1
BRDA:38,1,1,2
BRDA:43,2,0,1
BRDA:43,2,1,1
BRDA:61,3,0,1
BRDA:61,3,1,2
BRDA:66,4,0,1
BRDA:66,4,1,1
BRF:10
BRH:10
end_of_record
TN:
SF:src\controllers\divisionController.js
FN:11,(anonymous_0)
FN:23,(anonymous_1)
FN:38,(anonymous_2)
FN:56,(anonymous_3)
FN:81,(anonymous_4)
FNF:5
FNH:0
FNDA:0,(anonymous_0)
FNDA:0,(anonymous_1)
FNDA:0,(anonymous_2)
FNDA:0,(anonymous_3)
FNDA:0,(anonymous_4)
DA:7,7
DA:8,7
DA:9,7
DA:11,7
DA:12,0
DA:13,0
DA:15,0
DA:16,0
DA:18,0
DA:19,0
DA:23,7
DA:24,0
DA:25,0
DA:26,0
DA:29,0
DA:30,0
DA:31,0
DA:33,0
DA:34,0
DA:38,7
DA:39,0
DA:40,0
DA:41,0
DA:43,0
DA:44,0
DA:45,0
DA:48,0
DA:49,0
DA:51,0
DA:52,0
DA:56,7
DA:57,0
DA:58,0
DA:59,0
DA:61,0
DA:62,0
DA:63,0
DA:66,0
DA:68,0
DA:69,0
DA:76,0
DA:77,0
DA:81,7
DA:82,0
DA:83,0
DA:85,0
DA:87,0
DA:88,0
DA:89,0
DA:92,0
DA:94,0
DA:95,0
DA:102,0
DA:103,0
LF:54
LH:8
BRDA:25,0,0,0
BRDA:25,0,1,0
BRDA:43,1,0,0
BRDA:43,1,1,0
BRDA:61,2,0,0
BRDA:61,2,1,0
BRDA:87,3,0,0
BRDA:87,3,1,0
BRF:8
BRH:0
end_of_record
TN:
SF:src\controllers\eventController.js
FN:13,(anonymous_0)
FN:35,(anonymous_1)
FN:46,(anonymous_2)
FN:64,(anonymous_3)
FN:106,(anonymous_4)
FNF:5
FNH:5
FNDA:3,(anonymous_0)
FNDA:1,(anonymous_1)
FNDA:2,(anonymous_2)
FNDA:2,(anonymous_3)
FNDA:2,(anonymous_4)
DA:1,7
DA:2,7
DA:9,7
DA:10,7
DA:11,7
DA:13,7
DA:14,3
DA:15,3
DA:17,3
DA:18,3
DA:23,3
DA:24,3
DA:26,3
DA:27,3
DA:28,3
DA:30,0
DA:31,0
DA:35,7
DA:36,1
DA:37,1
DA:38,1
DA:39,1
DA:41,0
DA:42,0
DA:46,7
DA:47,2
DA:48,2
DA:49,2
DA:51,2
DA:52,1
DA:53,1
DA:56,1
DA:57,1
DA:59,0
DA:60,0
DA:64,7
DA:65,2
DA:67,2
DA:68,0
DA:71,2
DA:72,2
DA:74,2
DA:75,1
DA:76,1
DA:79,1
DA:80,1
DA:83,1
DA:84,0
DA:85,0
DA:88,1
DA:89,0
DA:93,0
DA:96,1
DA:98,1
DA:99,1
DA:101,0
DA:102,0
DA:106,7
DA:107,2
DA:108,2
DA:109,2
DA:111,2
DA:112,1
DA:118,1
DA:123,0
LF:65
LH:51
BRDA:51,0,0,1
BRDA:51,0,1,1
BRDA:67,1,0,0
BRDA:67,1,1,2
BRDA:74,2,0,1
BRDA:74,2,1,1
BRDA:79,3,0,1
BRDA:79,3,1,0
BRDA:83,4,0,0
BRDA:83,4,1,1
BRDA:88,5,0,0
BRDA:88,5,1,1
BRDA:111,6,0,1
BRDA:111,6,1,1
BRF:14
BRH:10
end_of_record
TN:
SF:src\controllers\latestActivityController.js
FN:12,(anonymous_0)
FN:35,(anonymous_1)
FN:55,(anonymous_2)
FN:78,(anonymous_3)
FN:108,(anonymous_4)
FNF:5
FNH:0
FNDA:0,(anonymous_0)
FNDA:0,(anonymous_1)
FNDA:0,(anonymous_2)
FNDA:0,(anonymous_3)
FNDA:0,(anonymous_4)
DA:1,7
DA:2,7
DA:3,7
DA:10,7
DA:12,7
DA:13,0
DA:14,0
DA:19,0
DA:21,0
DA:22,0
DA:23,0
DA:30,0
DA:31,0
DA:35,7
DA:36,0
DA:37,0
DA:38,0
DA:41,0
DA:42,0
DA:43,0
DA:50,0
DA:51,0
DA:55,7
DA:56,0
DA:57,0
DA:58,0
DA:60,0
DA:61,0
DA:62,0
DA:65,0
DA:66,0
DA:73,0
DA:74,0
DA:78,7
DA:79,0
DA:80,0
DA:81,0
DA:83,0
DA:84,0
DA:85,0
DA:88,0
DA:89,0
DA:90,0
DA:93,0
DA:95,0
DA:96,0
DA:103,0
DA:104,0
DA:108,7
DA:109,0
DA:110,0
DA:112,0
DA:114,0
DA:115,0
DA:116,0
DA:119,0
DA:121,0
DA:122,0
DA:129,0
DA:130,0
LF:60
LH:9
BRDA:37,0,0,0
BRDA:37,0,1,0
BRDA:60,1,0,0
BRDA:60,1,1,0
BRDA:83,2,0,0
BRDA:83,2,1,0
BRDA:88,3,0,0
BRDA:88,3,1,0
BRDA:114,4,0,0
BRDA:114,4,1,0
BRF:10
BRH:0
end_of_record
TN:
SF:src\controllers\partnerController.js
FN:11,(anonymous_0)
FN:26,(anonymous_1)
FN:41,(anonymous_2)
FN:59,(anonymous_3)
FN:90,(anonymous_4)
FNF:5
FNH:5
FNDA:7,(anonymous_0)
FNDA:2,(anonymous_1)
FNDA:1,(anonymous_2)
FNDA:2,(anonymous_3)
FNDA:2,(anonymous_4)
DA:1,7
DA:2,7
DA:8,7
DA:9,7
DA:11,7
DA:12,7
DA:13,7
DA:15,7
DA:17,7
DA:18,7
DA:19,7
DA:21,0
DA:22,0
DA:26,7
DA:27,2
DA:28,2
DA:29,1
DA:32,1
DA:33,1
DA:34,1
DA:36,0
DA:37,0
DA:41,7
DA:42,1
DA:43,1
DA:44,1
DA:46,1
DA:47,0
DA:48,0
DA:51,1
DA:52,1
DA:54,0
DA:55,0
DA:59,7
DA:60,2
DA:61,2
DA:63,2
DA:65,2
DA:66,1
DA:67,1
DA:70,1
DA:71,0
DA:72,0
DA:75,1
DA:77,1
DA:78,1
DA:85,0
DA:86,0
DA:90,7
DA:91,2
DA:92,2
DA:94,2
DA:96,2
DA:97,1
DA:98,1
DA:101,1
DA:102,1
DA:104,0
DA:105,0
LF:59
LH:45
BRDA:28,0,0,1
BRDA:28,0,1,1
BRDA:46,1,0,0
BRDA:46,1,1,1
BRDA:65,2,0,1
BRDA:65,2,1,1
BRDA:70,3,0,0
BRDA:70,3,1,1
BRDA:96,4,0,1
BRDA:96,4,1,1
BRF:10
BRH:8
end_of_record
TN:
SF:src\controllers\workProgramController.js
FN:12,(anonymous_0)
FN:26,(anonymous_1)
FN:46,(anonymous_2)
FN:64,(anonymous_3)
FN:94,(anonymous_4)
FNF:5
FNH:5
FNDA:1,(anonymous_0)
FNDA:8,(anonymous_1)
FNDA:4,(anonymous_2)
FNDA:1,(anonymous_3)
FNDA:1,(anonymous_4)
DA:7,7
DA:8,7
DA:9,7
DA:10,7
DA:12,7
DA:13,1
DA:14,1
DA:15,1
DA:17,1
DA:18,1
DA:19,1
DA:21,0
DA:22,0
DA:26,7
DA:27,8
DA:28,8
DA:29,4
DA:32,4
DA:33,4
DA:34,4
DA:41,0
DA:42,0
DA:46,7
DA:47,4
DA:48,4
DA:49,4
DA:51,4
DA:52,3
DA:53,3
DA:56,1
DA:57,1
DA:59,0
DA:60,0
DA:64,7
DA:65,1
DA:66,1
DA:67,1
DA:69,1
DA:70,0
DA:71,0
DA:74,1
DA:75,0
DA:76,0
DA:79,1
DA:81,1
DA:82,1
DA:89,0
DA:90,0
DA:94,7
DA:95,1
DA:96,1
DA:98,1
DA:100,1
DA:101,0
DA:102,0
DA:105,1
DA:107,1
DA:108,1
DA:115,0
DA:116,0
LF:60
LH:44
BRDA:28,0,0,4
BRDA:28,0,1,4
BRDA:51,1,0,3
BRDA:51,1,1,1
BRDA:69,2,0,0
BRDA:69,2,1,1
BRDA:74,3,0,0
BRDA:74,3,1,1
BRDA:100,4,0,0
BRDA:100,4,1,1
BRF:10
BRH:7
end_of_record
TN:
SF:src\helpers\bcrypt.js
FN:3,(anonymous_0)
FNF:1
FNH:1
FNDA:64,(anonymous_0)
DA:1,7
DA:3,64
LF:2
LH:2
BRF:0
BRH:0
end_of_record
TN:
SF:src\helpers\response.js
FN:1,(anonymous_0)
FNF:1
FNH:1
FNDA:220,(anonymous_0)
DA:1,7
DA:8,220
DA:12,220
DA:13,107
DA:15,220
DA:16,62
DA:18,220
LF:7
LH:7
BRDA:5,0,0,113
BRDA:6,1,0,158
BRDA:12,2,0,107
BRDA:12,2,1,113
BRDA:15,3,0,62
BRDA:15,3,1,158
BRF:6
BRH:6
end_of_record
TN:
SF:src\helpers\slug.js
FN:4,(anonymous_0)
FNF:1
FNH:1
FNDA:4,(anonymous_0)
DA:1,7
DA:2,7
DA:4,7
DA:5,4
DA:6,4
DA:7,4
LF:6
LH:6
BRF:0
BRH:0
end_of_record
TN:
SF:src\middlewares\achievementMiddlewareFile.js
FN:4,(anonymous_0)
FN:12,(anonymous_1)
FN:23,(anonymous_2)
FN:36,(anonymous_3)
FN:36,(anonymous_4)
FN:48,(anonymous_5)
FN:48,(anonymous_6)
FNF:7
FNH:7
FNDA:11,(anonymous_0)
FNDA:11,(anonymous_1)
FNDA:10,(anonymous_2)
FNDA:7,(anonymous_3)
FNDA:11,(anonymous_4)
FNDA:7,(anonymous_5)
FNDA:1,(anonymous_6)
DA:1,7
DA:2,7
DA:4,7
DA:5,11
DA:6,1
DA:7,1
DA:9,10
DA:12,7
DA:13,11
DA:14,11
DA:16,11
DA:17,1
DA:18,1
DA:20,10
DA:23,7
DA:24,10
DA:26,1
DA:31,1
DA:33,9
DA:36,7
DA:37,11
DA:39,11
DA:44,8
DA:48,7
DA:49,1
DA:51,1
DA:52,1
DA:53,1
DA:56,0
LF:29
LH:28
BRDA:5,0,0,1
BRDA:5,0,1,10
BRDA:16,1,0,1
BRDA:16,1,1,10
BRDA:16,2,0,11
BRDA:16,2,1,10
BRDA:24,3,0,1
BRDA:24,3,1,9
BRDA:39,4,0,8
BRDA:39,4,1,3
BRDA:40,5,0,11
BRDA:40,5,1,10
BRDA:40,5,2,9
BRDA:51,6,0,1
BRDA:51,6,1,0
BRDA:52,7,0,1
BRDA:52,7,1,0
BRDA:52,8,0,1
BRDA:52,8,1,1
BRF:19
BRH:17
end_of_record
TN:
SF:src\middlewares\authMiddleware.js
FN:4,(anonymous_0)
FN:4,(anonymous_1)
FN:13,(anonymous_2)
FN:13,(anonymous_3)
FNF:4
FNH:4
FNDA:21,(anonymous_0)
FNDA:136,(anonymous_1)
FNDA:154,(anonymous_2)
FNDA:89,(anonymous_3)
DA:1,7
DA:2,7
DA:4,21
DA:5,136
DA:6,2
DA:8,134
DA:13,154
DA:14,89
DA:15,89
DA:16,89
DA:18,89
DA:19,12
DA:22,77
DA:23,77
DA:25,0
DA:28,77
LF:16
LH:15
BRDA:5,0,0,2
BRDA:5,0,1,134
BRDA:18,1,0,12
BRDA:18,1,1,77
BRDA:18,2,0,89
BRDA:18,2,1,78
BRF:6
BRH:6
end_of_record
TN:
SF:src\middlewares\eventMiddlewareFile.js
FN:5,(anonymous_0)
FN:5,(anonymous_1)
FN:54,(anonymous_2)
FN:54,(anonymous_3)
FNF:4
FNH:4
FNDA:14,(anonymous_0)
FNDA:13,(anonymous_1)
FNDA:14,(anonymous_2)
FNDA:4,(anonymous_3)
DA:1,7
DA:2,7
DA:3,7
DA:5,14
DA:6,13
DA:8,13
DA:9,1
DA:12,12
DA:13,12
DA:15,12
DA:16,1
DA:23,11
DA:25,0
DA:32,11
DA:33,11
DA:37,1
DA:40,10
DA:44,1
DA:51,9
DA:54,14
DA:55,4
DA:57,4
DA:58,0
DA:59,0
DA:61,0
DA:62,0
DA:69,0
DA:71,0
DA:78,0
DA:79,0
DA:83,0
DA:86,0
DA:90,0
DA:98,4
LF:34
LH:22
BRDA:8,0,0,1
BRDA:8,0,1,12
BRDA:15,1,0,1
BRDA:15,1,1,11
BRDA:15,2,0,12
BRDA:15,2,1,11
BRDA:23,3,0,0
BRDA:23,3,1,11
BRDA:33,4,0,1
BRDA:33,4,1,10
BRDA:34,5,0,11
BRDA:34,5,1,6
BRDA:34,5,2,5
BRDA:40,6,0,1
BRDA:40,6,1,9
BRDA:41,7,0,10
BRDA:41,7,1,5
BRDA:41,7,2,4
BRDA:57,8,0,0
BRDA:57,8,1,4
BRDA:61,9,0,0
BRDA:61,9,1,0
BRDA:61,10,0,0
BRDA:61,10,1,0
BRDA:69,11,0,0
BRDA:69,11,1,0
BRDA:79,12,0,0
BRDA:79,12,1,0
BRDA:80,13,0,0
BRDA:80,13,1,0
BRDA:80,13,2,0
BRDA:86,14,0,0
BRDA:86,14,1,0
BRDA:87,15,0,0
BRDA:87,15,1,0
BRDA:87,15,2,0
BRF:36
BRH:18
end_of_record
TN:
SF:src\middlewares\latestActivityMiddlewareFile.js
FN:4,validateFile
FN:26,(anonymous_1)
FN:26,(anonymous_2)
FN:40,(anonymous_3)
FN:40,(anonymous_4)
FNF:5
FNH:2
FNDA:0,validateFile
FNDA:7,(anonymous_1)
FNDA:0,(anonymous_2)
FNDA:7,(anonymous_3)
FNDA:0,(anonymous_4)
DA:1,7
DA:2,7
DA:5,0
DA:6,0
DA:8,0
DA:9,0
DA:10,0
DA:13,0
DA:15,0
DA:20,0
DA:23,0
DA:26,7
DA:27,0
DA:29,0
DA:30,0
DA:33,0
DA:34,0
DA:37,0
DA:40,7
DA:41,0
DA:43,0
DA:44,0
DA:47,0
LF:23
LH:4
BRDA:8,0,0,0
BRDA:8,0,1,0
BRDA:8,1,0,0
BRDA:8,1,1,0
BRDA:13,2,0,0
BRDA:13,2,1,0
BRDA:29,3,0,0
BRDA:29,3,1,0
BRDA:33,4,0,0
BRDA:33,4,1,0
BRDA:43,5,0,0
BRDA:43,5,1,0
BRDA:43,6,0,0
BRDA:43,6,1,0
BRF:14
BRH:0
end_of_record
TN:
SF:src\middlewares\partnerMiddlewareFile.js
FN:4,(anonymous_0)
FN:5,(anonymous_1)
FN:32,(anonymous_2)
FN:33,(anonymous_3)
FNF:4
FNH:4
FNDA:7,(anonymous_0)
FNDA:16,(anonymous_1)
FNDA:7,(anonymous_2)
FNDA:3,(anonymous_3)
DA:1,7
DA:2,7
DA:4,7
DA:5,7
DA:6,16
DA:8,16
DA:9,3
DA:12,13
DA:13,13
DA:15,13
DA:16,3
DA:19,10
DA:21,1
DA:28,9
DA:32,7
DA:33,7
DA:34,3
DA:36,3
DA:37,1
DA:38,1
DA:40,1
DA:41,1
DA:44,0
DA:46,0
DA:54,2
LF:25
LH:23
BRDA:8,0,0,3
BRDA:8,0,1,13
BRDA:15,1,0,3
BRDA:15,1,1,10
BRDA:15,2,0,13
BRDA:15,2,1,10
BRDA:19,3,0,1
BRDA:19,3,1,9
BRDA:36,4,0,1
BRDA:36,4,1,2
BRDA:40,5,0,1
BRDA:40,5,1,0
BRDA:40,6,0,1
BRDA:40,6,1,0
BRDA:44,7,0,0
BRDA:44,7,1,0
BRF:16
BRH:12
end_of_record
TN:
SF:src\middlewares\workProgramMiddlewareFile.js
FN:4,validateFile
FN:26,(anonymous_1)
FN:27,(anonymous_2)
FN:42,(anonymous_3)
FN:43,(anonymous_4)
FNF:5
FNH:5
FNDA:7,validateFile
FNDA:7,(anonymous_1)
FNDA:7,(anonymous_2)
FNDA:7,(anonymous_3)
FNDA:1,(anonymous_4)
DA:1,7
DA:2,7
DA:5,7
DA:6,7
DA:8,7
DA:9,1
DA:10,1
DA:13,6
DA:15,1
DA:20,1
DA:23,5
DA:26,7
DA:27,7
DA:28,7
DA:30,7
DA:31,1
DA:34,6
DA:35,2
DA:38,4
DA:42,7
DA:43,7
DA:44,1
DA:46,1
DA:47,0
DA:50,1
LF:25
LH:24
BRDA:8,0,0,1
BRDA:8,0,1,6
BRDA:8,1,0,7
BRDA:8,1,1,6
BRDA:13,2,0,1
BRDA:13,2,1,5
BRDA:30,3,0,1
BRDA:30,3,1,6
BRDA:34,4,0,2
BRDA:34,4,1,4
BRDA:46,5,0,0
BRDA:46,5,1,1
BRDA:46,6,0,1
BRDA:46,6,1,1
BRF:14
BRH:13
end_of_record
TN:
SF:src\migration\users.js
FN:3,(anonymous_0)
FN:7,(anonymous_1)
FN:11,(anonymous_2)
FN:117,(anonymous_3)
FNF:4
FNH:2
FNDA:0,(anonymous_0)
FNDA:0,(anonymous_1)
FNDA:8,(anonymous_2)
FNDA:8,(anonymous_3)
DA:1,8
DA:3,8
DA:4,0
DA:7,8
DA:8,0
DA:11,8
DA:12,8
DA:22,8
DA:32,8
DA:57,8
DA:68,8
DA:80,8
DA:92,8
DA:105,8
DA:117,8
DA:118,8
DA:119,8
DA:120,8
DA:121,8
DA:122,8
DA:123,8
DA:124,8
DA:125,8
LF:23
LH:21
BRF:0
BRH:0
end_of_record
TN:
SF:src\models\achievementsModel.js
FN:3,(anonymous_0)
FN:7,(anonymous_1)
FN:20,(anonymous_2)
FN:24,(anonymous_3)
FN:38,(anonymous_4)
FN:42,(anonymous_5)
FN:53,(anonymous_6)
FN:64,(anonymous_7)
FN:78,(anonymous_8)
FN:93,(anonymous_9)
FN:104,(anonymous_10)
FNF:11
FNH:10
FNDA:4,(anonymous_0)
FNDA:12,(anonymous_1)
FNDA:1,(anonymous_2)
FNDA:3,(anonymous_3)
FNDA:0,(anonymous_4)
FNDA:4,(anonymous_5)
FNDA:2,(anonymous_6)
FNDA:3,(anonymous_7)
FNDA:1,(anonymous_8)
FNDA:1,(anonymous_9)
FNDA:1,(anonymous_10)
DA:1,7
DA:3,7
DA:4,4
DA:5,4
DA:6,4
DA:7,4
DA:8,12
DA:9,12
DA:10,12
DA:12,4
DA:17,4
DA:20,7
DA:21,1
DA:22,1
DA:23,1
DA:24,1
DA:25,3
DA:26,3
DA:27,3
DA:29,1
DA:35,1
DA:38,7
DA:39,0
DA:42,7
DA:43,4
DA:44,4
DA:45,4
DA:46,4
DA:48,0
DA:49,0
DA:53,7
DA:54,2
DA:55,2
DA:56,2
DA:57,2
DA:59,0
DA:60,0
DA:64,7
DA:65,3
DA:66,3
DA:71,3
DA:73,0
DA:74,0
DA:78,7
DA:79,1
DA:84,1
DA:85,1
DA:86,1
DA:88,0
DA:89,0
DA:93,7
DA:94,1
DA:95,1
DA:96,1
DA:97,1
DA:99,0
DA:100,0
DA:104,7
DA:105,1
DA:111,1
DA:112,1
DA:113,1
DA:115,0
DA:116,0
LF:64
LH:51
BRDA:57,0,0,1
BRDA:57,0,1,1
BRDA:71,1,0,0
BRDA:71,1,1,3
BRF:4
BRH:3
end_of_record
TN:
SF:src\models\contentModel.js
FN:3,(anonymous_0)
FN:10,(anonymous_1)
FN:22,(anonymous_2)
FN:30,(anonymous_3)
FN:38,(anonymous_4)
FN:47,(anonymous_5)
FN:54,(anonymous_6)
FNF:7
FNH:6
FNDA:2,(anonymous_0)
FNDA:5,(anonymous_1)
FNDA:11,(anonymous_2)
FNDA:0,(anonymous_3)
FNDA:1,(anonymous_4)
FNDA:16,(anonymous_5)
FNDA:1,(anonymous_6)
DA:1,7
DA:3,7
DA:4,2
DA:7,2
DA:10,7
DA:11,5
DA:12,5
DA:16,3
DA:18,2
DA:22,7
DA:24,11
DA:27,11
DA:30,7
DA:31,0
DA:35,0
DA:38,7
DA:39,1
DA:44,1
DA:47,7
DA:48,16
DA:51,16
DA:54,7
DA:55,1
DA:60,1
LF:24
LH:22
BRF:0
BRH:0
end_of_record
TN:
SF:src\models\divisionModel.js
FN:3,createInsertQuery
FN:6,(anonymous_1)
FN:17,createUpdateQuery
FN:21,(anonymous_3)
FN:34,addDivision
FN:45,getAllDivisions
FN:58,getDivisionById
FN:76,updateDivisionById
FN:87,deleteAllDivisions
FN:98,deleteDivisionById
FNF:10
FNH:0
FNDA:0,createInsertQuery
FNDA:0,(anonymous_1)
FNDA:0,createUpdateQuery
FNDA:0,(anonymous_3)
FNDA:0,addDivision
FNDA:0,getAllDivisions
FNDA:0,getDivisionById
FNDA:0,updateDivisionById
FNDA:0,deleteAllDivisions
FNDA:0,deleteDivisionById
DA:1,7
DA:4,0
DA:5,0
DA:6,0
DA:8,0
DA:14,0
DA:18,0
DA:19,0
DA:20,0
DA:21,0
DA:24,0
DA:31,0
DA:35,0
DA:37,0
DA:38,0
DA:39,0
DA:41,0
DA:46,0
DA:50,0
DA:51,0
DA:52,0
DA:54,0
DA:59,0
DA:63,0
DA:64,0
DA:66,0
DA:67,0
DA:70,0
DA:72,0
DA:77,0
DA:79,0
DA:80,0
DA:81,0
DA:83,0
DA:88,0
DA:90,0
DA:91,0
DA:92,0
DA:94,0
DA:99,0
DA:103,0
DA:104,0
DA:105,0
DA:107,0
DA:111,7
LF:45
LH:2
BRDA:52,0,0,0
BRDA:52,0,1,0
BRDA:66,1,0,0
BRDA:66,1,1,0
BRF:4
BRH:0
end_of_record
TN:
SF:src\models\eventModel.js
FN:3,insertEvent
FN:8,(anonymous_1)
FN:28,getAllEvents
FN:40,getEventBySlug
FN:52,(anonymous_4)
FN:57,(anonymous_5)
FN:79,softDeleteEventBySlug
FNF:7
FNH:7
FNDA:3,insertEvent
FNDA:48,(anonymous_1)
FNDA:1,getAllEvents
FNDA:4,getEventBySlug
FNDA:1,(anonymous_4)
FNDA:14,(anonymous_5)
FNDA:2,softDeleteEventBySlug
DA:1,7
DA:3,7
DA:4,3
DA:5,3
DA:6,3
DA:8,3
DA:9,48
DA:10,48
DA:11,48
DA:14,3
DA:20,3
DA:21,3
DA:22,3
DA:24,0
DA:28,7
DA:29,1
DA:31,1
DA:32,1
DA:33,1
DA:35,0
DA:36,0
DA:40,7
DA:41,4
DA:43,4
DA:44,4
DA:45,4
DA:47,0
DA:48,0
DA:52,7
DA:53,1
DA:54,1
DA:55,1
DA:57,1
DA:58,14
DA:59,14
DA:60,14
DA:63,1
DA:70,1
DA:71,1
DA:72,1
DA:74,0
DA:75,0
DA:79,7
DA:80,2
DA:87,2
DA:88,2
DA:89,2
DA:91,0
DA:92,0
LF:49
LH:40
BRF:0
BRH:0
end_of_record
TN:
SF:src\models\latestActivityModel.js
FN:3,createInsertQuery
FN:6,(anonymous_1)
FN:17,createUpdateQuery
FN:21,(anonymous_3)
FN:34,addLatestActivity
FN:48,getAllLatestActivities
FN:60,getLatestActivityById
FN:79,updateLatestActivity
FN:96,deleteAllLatestActivities
FN:108,deleteLatestActivity
FNF:10
FNH:0
FNDA:0,createInsertQuery
FNDA:0,(anonymous_1)
FNDA:0,createUpdateQuery
FNDA:0,(anonymous_3)
FNDA:0,addLatestActivity
FNDA:0,getAllLatestActivities
FNDA:0,getLatestActivityById
FNDA:0,updateLatestActivity
FNDA:0,deleteAllLatestActivities
FNDA:0,deleteLatestActivity
DA:1,7
DA:4,0
DA:5,0
DA:6,0
DA:8,0
DA:14,0
DA:18,0
DA:19,0
DA:20,0
DA:21,0
DA:24,0
DA:31,0
DA:35,0
DA:40,0
DA:41,0
DA:42,0
DA:44,0
DA:50,0
DA:52,0
DA:53,0
DA:54,0
DA:56,0
DA:61,0
DA:65,0
DA:66,0
DA:68,0
DA:69,0
DA:72,0
DA:74,0
DA:75,0
DA:80,0
DA:86,0
DA:87,0
DA:88,0
DA:90,0
DA:92,0
DA:97,0
DA:99,0
DA:100,0
DA:101,0
DA:103,0
DA:104,0
DA:109,0
DA:116,0
DA:117,0
DA:118,0
DA:120,0
DA:121,0
DA:125,7
LF:49
LH:2
BRDA:54,0,0,0
BRDA:54,0,1,0
BRDA:68,1,0,0
BRDA:68,1,1,0
BRF:4
BRH:0
end_of_record
TN:
SF:src\models\partnerModel.js
FN:3,insertParnter
FN:8,(anonymous_1)
FN:28,getAllPartners
FN:40,(anonymous_3)
FN:56,(anonymous_4)
FN:61,(anonymous_5)
FN:83,(anonymous_6)
FNF:7
FNH:6
FNDA:7,insertParnter
FNDA:14,(anonymous_1)
FNDA:1,getAllPartners
FNDA:5,(anonymous_3)
FNDA:1,(anonymous_4)
FNDA:1,(anonymous_5)
FNDA:0,(anonymous_6)
DA:1,7
DA:3,7
DA:4,7
DA:5,7
DA:6,7
DA:8,7
DA:9,14
DA:10,14
DA:11,14
DA:14,7
DA:20,7
DA:21,7
DA:22,7
DA:24,0
DA:28,7
DA:29,1
DA:31,1
DA:32,1
DA:33,1
DA:35,0
DA:36,0
DA:40,7
DA:41,5
DA:42,5
DA:47,5
DA:48,2
DA:50,3
DA:52,0
DA:56,7
DA:57,1
DA:58,1
DA:59,1
DA:61,1
DA:62,1
DA:63,1
DA:64,1
DA:67,1
DA:74,1
DA:75,1
DA:76,1
DA:78,0
DA:79,0
DA:83,7
DA:84,0
DA:91,0
DA:92,0
DA:93,0
DA:95,0
DA:96,0
LF:49
LH:37
BRDA:47,0,0,2
BRDA:47,0,1,3
BRF:2
BRH:2
end_of_record
TN:
SF:src\models\userModel.js
FN:4,(anonymous_0)
FN:11,(anonymous_1)
FN:20,(anonymous_2)
FN:27,(anonymous_3)
FNF:4
FNH:3
FNDA:0,(anonymous_0)
FNDA:129,(anonymous_1)
FNDA:88,(anonymous_2)
FNDA:64,(anonymous_3)
DA:1,7
DA:2,7
DA:4,7
DA:5,0
DA:8,0
DA:11,7
DA:12,129
DA:17,129
DA:20,7
DA:21,88
DA:24,88
DA:27,7
DA:28,64
DA:30,64
DA:36,64
LF:15
LH:13
BRF:0
BRH:0
end_of_record
TN:
SF:src\models\workProgramModel.js
FN:3,createInsertQuery
FN:6,(anonymous_1)
FN:17,createUpdateQuery
FN:21,(anonymous_3)
FN:34,addWorkProgram
FN:45,getAllWorkPrograms
FN:56,getWorkProgramById
FN:75,updateWorkProgram
FN:91,deleteAllWorkPrograms
FN:103,deleteWorkProgram
FNF:10
FNH:9
FNDA:1,createInsertQuery
FNDA:3,(anonymous_1)
FNDA:1,createUpdateQuery
FNDA:2,(anonymous_3)
FNDA:1,addWorkProgram
FNDA:4,getAllWorkPrograms
FNDA:6,getWorkProgramById
FNDA:1,updateWorkProgram
FNDA:0,deleteAllWorkPrograms
FNDA:1,deleteWorkProgram
DA:1,7
DA:4,1
DA:5,1
DA:6,3
DA:8,1
DA:14,1
DA:18,1
DA:19,1
DA:20,1
DA:21,2
DA:24,1
DA:31,1
DA:35,1
DA:37,1
DA:38,1
DA:39,1
DA:41,0
DA:46,4
DA:48,4
DA:49,4
DA:50,4
DA:52,0
DA:57,6
DA:62,6
DA:63,6
DA:65,6
DA:66,3
DA:68,3
DA:70,0
DA:71,0
DA:76,1
DA:82,1
DA:83,1
DA:84,1
DA:86,0
DA:87,0
DA:92,0
DA:94,0
DA:95,0
DA:96,0
DA:98,0
DA:99,0
DA:104,1
DA:111,1
DA:112,1
DA:113,1
DA:115,0
DA:116,0
DA:120,7
LF:49
LH:35
BRDA:50,0,0,4
BRDA:50,0,1,0
BRDA:65,1,0,3
BRDA:65,1,1,3
BRF:4
BRH:3
end_of_record
TN:
SF:src\routes\achievementRoutes.js
FNF:0
FNH:0
DA:1,7
DA:2,7
DA:7,7
DA:9,7
DA:13,7
DA:15,7
DA:17,7
DA:26,7
DA:32,7
DA:41,7
DA:47,7
LF:11
LH:11
BRF:0
BRH:0
end_of_record
TN:
SF:src\routes\authRoutes.js
FN:40,(anonymous_0)
FNF:1
FNH:0
FNDA:0,(anonymous_0)
DA:1,7
DA:2,7
DA:8,7
DA:12,7
DA:14,7
DA:16,7
DA:24,7
DA:32,7
DA:40,7
DA:41,0
DA:42,0
DA:44,0
DA:48,7
LF:13
LH:10
BRDA:41,0,0,0
BRDA:41,0,1,0
BRF:2
BRH:0
end_of_record
TN:
SF:src\routes\contentRoutes.js
FN:31,(anonymous_0)
FNF:1
FNH:0
FNDA:0,(anonymous_0)
DA:1,7
DA:2,7
DA:7,7
DA:8,7
DA:10,7
DA:12,7
DA:20,7
DA:22,7
DA:29,7
DA:31,7
DA:32,0
DA:33,0
DA:35,0
DA:39,7
LF:14
LH:11
BRDA:32,0,0,0
BRDA:32,0,1,0
BRF:2
BRH:0
end_of_record
TN:
SF:src\routes\divisionRoutes.js
FNF:0
FNH:0
DA:1,7
DA:5,7
DA:6,7
DA:7,7
DA:9,7
DA:11,7
DA:19,7
DA:25,7
DA:33,7
DA:35,7
LF:10
LH:10
BRF:0
BRH:0
end_of_record
TN:
SF:src\routes\eventRoutes.js
FNF:0
FNH:0
DA:1,7
DA:2,7
DA:7,7
DA:8,7
DA:12,7
DA:14,7
DA:16,7
DA:26,7
DA:27,7
DA:29,7
DA:39,7
DA:41,7
LF:12
LH:12
BRF:0
BRH:0
end_of_record
TN:
SF:src\routes\index.js
FNF:0
FNH:0
DA:1,7
DA:2,7
DA:3,7
DA:4,7
DA:5,7
DA:6,7
DA:7,7
DA:8,7
DA:9,7
DA:11,7
DA:13,7
DA:14,7
DA:15,7
DA:16,7
DA:17,7
DA:18,7
DA:19,7
DA:20,7
DA:22,7
LF:19
LH:19
BRF:0
BRH:0
end_of_record
TN:
SF:src\routes\latestActivityRoutes.js
FNF:0
FNH:0
DA:1,7
DA:5,7
DA:6,7
DA:10,7
DA:11,7
DA:13,7
DA:15,7
DA:24,7
DA:30,7
DA:39,7
DA:45,7
LF:11
LH:11
BRF:0
BRH:0
end_of_record
TN:
SF:src\routes\partnerRoutes.js
FNF:0
FNH:0
DA:1,7
DA:2,7
DA:7,7
DA:8,7
DA:12,7
DA:14,7
DA:16,7
DA:25,7
DA:31,7
DA:40,7
DA:42,7
LF:11
LH:11
BRF:0
BRH:0
end_of_record
TN:
SF:src\routes\workProgramRoutes.js
FNF:0
FNH:0
DA:1,7
DA:2,7
DA:7,7
DA:8,7
DA:12,7
DA:14,7
DA:16,7
DA:25,7
DA:31,7
DA:40,7
DA:46,7
LF:11
LH:11
BRF:0
BRH:0
end_of_record
TN:
SF:src\services\achievementService.js
FN:9,(anonymous_0)
FN:13,(anonymous_1)
FN:22,(anonymous_2)
FN:26,(anonymous_3)
FN:30,(anonymous_4)
FNF:5
FNH:5
FNDA:4,(anonymous_0)
FNDA:2,(anonymous_1)
FNDA:3,(anonymous_2)
FNDA:1,(anonymous_3)
FNDA:1,(anonymous_4)
DA:7,7
DA:9,7
DA:10,4
DA:13,7
DA:14,2
DA:15,2
DA:17,0
DA:18,0
DA:22,7
DA:23,3
DA:26,7
DA:27,1
DA:30,7
DA:31,1
LF:14
LH:12
BRF:0
BRH:0
end_of_record
TN:
SF:src\services\authService.js
FN:4,(anonymous_0)
FN:8,(anonymous_1)
FN:12,(anonymous_2)
FN:16,(anonymous_3)
FNF:4
FNH:3
FNDA:0,(anonymous_0)
FNDA:65,(anonymous_1)
FNDA:63,(anonymous_2)
FNDA:63,(anonymous_3)
DA:1,7
DA:2,7
DA:4,7
DA:5,0
DA:8,7
DA:9,65
DA:12,7
DA:13,63
DA:16,7
DA:17,63
DA:18,63
DA:19,0
DA:22,63
DA:23,1
DA:25,62
DA:26,62
LF:16
LH:14
BRDA:18,0,0,0
BRDA:18,0,1,63
BRDA:22,1,0,1
BRDA:22,1,1,62
BRF:4
BRH:3
end_of_record
TN:
SF:src\services\contentService.js
FN:9,(anonymous_0)
FN:12,(anonymous_1)
FN:15,(anonymous_2)
FN:18,(anonymous_3)
FN:22,(anonymous_4)
FNF:5
FNH:5
FNDA:2,(anonymous_0)
FNDA:5,(anonymous_1)
FNDA:11,(anonymous_2)
FNDA:1,(anonymous_3)
FNDA:1,(anonymous_4)
DA:7,7
DA:9,7
DA:10,2
DA:12,7
DA:13,5
DA:15,7
DA:16,11
DA:18,7
DA:19,1
DA:22,7
DA:23,1
LF:11
LH:11
BRF:0
BRH:0
end_of_record
TN:
SF:src\services\divisionSerice.js
FN:9,(anonymous_0)
FN:13,(anonymous_1)
FN:21,(anonymous_2)
FN:25,(anonymous_3)
FN:29,(anonymous_4)
FNF:5
FNH:0
FNDA:0,(anonymous_0)
FNDA:0,(anonymous_1)
FNDA:0,(anonymous_2)
FNDA:0,(anonymous_3)
FNDA:0,(anonymous_4)
DA:7,7
DA:9,7
DA:10,0
DA:13,7
DA:14,0
DA:15,0
DA:17,0
DA:21,7
DA:22,0
DA:25,7
DA:26,0
DA:29,7
DA:30,0
LF:13
LH:6
BRF:0
BRH:0
end_of_record
TN:
SF:src\services\eventService.js
FN:9,(anonymous_0)
FN:13,(anonymous_1)
FN:22,(anonymous_2)
FN:31,(anonymous_3)
FN:35,(anonymous_4)
FNF:5
FNH:5
FNDA:3,(anonymous_0)
FNDA:1,(anonymous_1)
FNDA:4,(anonymous_2)
FNDA:1,(anonymous_3)
FNDA:2,(anonymous_4)
DA:7,7
DA:9,7
DA:10,3
DA:13,7
DA:14,1
DA:15,1
DA:17,0
DA:18,0
DA:22,7
DA:23,4
DA:24,4
DA:26,0
DA:27,0
DA:31,7
DA:32,1
DA:35,7
DA:36,2
LF:17
LH:13
BRF:0
BRH:0
end_of_record
TN:
SF:src\services\latestActivityService.js
FN:9,(anonymous_0)
FN:13,(anonymous_1)
FN:22,(anonymous_2)
FN:26,(anonymous_3)
FN:30,(anonymous_4)
FNF:5
FNH:0
FNDA:0,(anonymous_0)
FNDA:0,(anonymous_1)
FNDA:0,(anonymous_2)
FNDA:0,(anonymous_3)
FNDA:0,(anonymous_4)
DA:7,7
DA:9,7
DA:10,0
DA:13,7
DA:14,0
DA:15,0
DA:17,0
DA:18,0
DA:22,7
DA:23,0
DA:26,7
DA:27,0
DA:30,7
DA:31,0
LF:14
LH:6
BRF:0
BRH:0
end_of_record
TN:
SF:src\services\partnerService.js
FN:9,(anonymous_0)
FN:13,(anonymous_1)
FN:22,(anonymous_2)
FN:26,(anonymous_3)
FN:30,(anonymous_4)
FNF:5
FNH:4
FNDA:7,(anonymous_0)
FNDA:1,(anonymous_1)
FNDA:5,(anonymous_2)
FNDA:1,(anonymous_3)
FNDA:0,(anonymous_4)
DA:1,7
DA:7,7
DA:9,7
DA:10,7
DA:13,7
DA:14,1
DA:15,1
DA:17,0
DA:18,0
DA:22,7
DA:23,5
DA:26,7
DA:27,1
DA:30,7
DA:31,0
LF:15
LH:12
BRF:0
BRH:0
end_of_record
TN:
SF:src\services\workProgramService.js
FN:9,(anonymous_0)
FN:13,(anonymous_1)
FN:22,(anonymous_2)
FN:26,(anonymous_3)
FN:30,(anonymous_4)
FNF:5
FNH:5
FNDA:1,(anonymous_0)
FNDA:4,(anonymous_1)
FNDA:6,(anonymous_2)
FNDA:1,(anonymous_3)
FNDA:1,(anonymous_4)
DA:7,7
DA:9,7
DA:10,1
DA:13,7
DA:14,4
DA:15,4
DA:17,0
DA:18,0
DA:22,7
DA:23,6
DA:26,7
DA:27,1
DA:30,7
DA:31,1
LF:14
LH:12
BRF:0
BRH:0
end_of_record
TN:
SF:src\utils\jwt.js
FN:3,(anonymous_0)
FN:11,(anonymous_1)
FNF:2
FNH:2
FNDA:62,(anonymous_0)
FNDA:154,(anonymous_1)
DA:1,7
DA:3,7
DA:4,62
DA:11,7
DA:12,154
DA:13,154
DA:14,154
DA:16,0
LF:8
LH:7
BRF:0
BRH:0
end_of_record
TN:
SF:src\utils\limiter.js
FNF:0
FNH:0
DA:1,7
DA:3,7
DA:11,7
LF:3
LH:3
BRF:0
BRH:0
end_of_record
TN:
SF:src\utils\logger.js
FNF:0
FNH:0
DA:1,7
DA:3,7
DA:9,7
LF:3
LH:3
BRF:0
BRH:0
end_of_record
TN:
SF:src\utils\uploadFile.js
FN:5,(anonymous_0)
FN:6,(anonymous_1)
FN:13,(anonymous_2)
FN:26,(anonymous_3)
FN:35,(anonymous_4)
FN:36,(anonymous_5)
FN:45,(anonymous_6)
FN:54,(anonymous_7)
FNF:8
FNH:8
FNDA:20,(anonymous_0)
FNDA:20,(anonymous_1)
FNDA:20,(anonymous_2)
FNDA:1,(anonymous_3)
FNDA:1,(anonymous_4)
FNDA:1,(anonymous_5)
FNDA:2,(anonymous_6)
FNDA:2,(anonymous_7)
DA:1,8
DA:2,8
DA:3,8
DA:5,8
DA:6,20
DA:7,20
DA:14,20
DA:15,20
DA:22,20
DA:26,8
DA:27,1
DA:28,1
DA:30,1
DA:35,8
DA:36,1
DA:37,1
DA:38,0
DA:39,0
DA:42,1
DA:43,1
DA:45,1
DA:46,2
DA:48,2
DA:55,2
DA:56,2
DA:61,2
DA:62,1
DA:67,2
DA:70,0
DA:75,8
LF:30
LH:27
BRDA:14,0,0,0
BRDA:14,0,1,20
BRDA:37,1,0,0
BRDA:37,1,1,1
BRDA:42,2,0,1
BRDA:42,2,1,0
BRDA:55,3,0,0
BRDA:55,3,1,2
BRDA:61,4,0,1
BRDA:61,4,1,1
BRDA:61,5,0,2
BRDA:61,5,1,2
BRF:12
BRH:8
end_of_record
TN:
SF:src\validators\achievementValidator.js
FN:3,(anonymous_0)
FN:25,(anonymous_1)
FNF:2
FNH:2
FNDA:14,(anonymous_0)
FNDA:9,(anonymous_1)
DA:1,7
DA:3,7
DA:4,14
DA:25,7
DA:26,9
DA:27,9
DA:28,4
DA:30,5
DA:33,7
LF:9
LH:9
BRDA:27,0,0,4
BRDA:27,0,1,5
BRF:2
BRH:2
end_of_record
TN:
SF:src\validators\authValidator.js
FN:3,(anonymous_0)
FN:28,(anonymous_1)
FN:47,(anonymous_2)
FNF:3
FNH:3
FNDA:7,(anonymous_0)
FNDA:7,(anonymous_1)
FNDA:132,(anonymous_2)
DA:1,7
DA:3,7
DA:4,7
DA:28,7
DA:29,7
DA:47,7
DA:48,132
DA:49,132
DA:50,4
DA:52,128
DA:55,7
LF:11
LH:11
BRDA:49,0,0,4
BRDA:49,0,1,128
BRF:2
BRH:2
end_of_record
TN:
SF:src\validators\contentValidator.js
FN:3,(anonymous_0)
FN:22,(anonymous_1)
FNF:2
FNH:2
FNDA:14,(anonymous_0)
FNDA:18,(anonymous_1)
DA:1,7
DA:3,7
DA:4,14
DA:22,7
DA:23,18
DA:24,18
DA:25,4
DA:27,14
DA:30,7
LF:9
LH:9
BRDA:24,0,0,4
BRDA:24,0,1,14
BRF:2
BRH:2
end_of_record
TN:
SF:src\validators\divisionValidator.js
FN:3,createStringFieldValidator
FN:22,(anonymous_1)
FN:26,(anonymous_2)
FNF:3
FNH:2
FNDA:14,createStringFieldValidator
FNDA:14,(anonymous_1)
FNDA:0,(anonymous_2)
DA:1,7
DA:4,14
DA:11,14
DA:12,14
DA:19,14
DA:22,7
DA:23,14
DA:26,7
DA:27,0
DA:28,0
DA:29,0
DA:32,0
DA:33,0
DA:36,7
LF:14
LH:9
BRDA:3,0,0,0
BRDA:11,1,0,14
BRDA:11,1,1,0
BRDA:28,2,0,0
BRDA:28,2,1,0
BRF:5
BRH:1
end_of_record
TN:
SF:src\validators\eventValidator.js
FN:3,(anonymous_0)
FN:77,(anonymous_1)
FN:102,(anonymous_2)
FNF:3
FNH:3
FNDA:14,(anonymous_0)
FNDA:6,(anonymous_1)
FNDA:6,(anonymous_2)
DA:1,7
DA:3,7
DA:4,14
DA:78,6
DA:79,0
DA:81,6
DA:102,7
DA:103,6
DA:104,6
DA:105,1
DA:108,5
DA:109,5
DA:112,7
LF:13
LH:12
BRDA:78,0,0,0
BRDA:78,0,1,6
BRDA:104,1,0,1
BRDA:104,1,1,5
BRF:4
BRH:3
end_of_record
TN:
SF:src\validators\latestActivityValidator.js
FN:3,createStringFieldValidator
FN:22,(anonymous_1)
FN:26,(anonymous_2)
FNF:3
FNH:2
FNDA:14,createStringFieldValidator
FNDA:14,(anonymous_1)
FNDA:0,(anonymous_2)
DA:1,7
DA:4,14
DA:11,14
DA:12,14
DA:19,14
DA:22,7
DA:23,14
DA:26,7
DA:27,0
DA:28,0
DA:29,0
DA:32,0
DA:33,0
DA:36,7
LF:14
LH:9
BRDA:3,0,0,0
BRDA:11,1,0,14
BRDA:11,1,1,0
BRDA:28,2,0,0
BRDA:28,2,1,0
BRF:5
BRH:1
end_of_record
TN:
SF:src\validators\partnerValidator.js
FN:3,(anonymous_0)
FN:16,(anonymous_1)
FNF:2
FNH:2
FNDA:14,(anonymous_0)
FNDA:11,(anonymous_1)
DA:1,7
DA:3,7
DA:4,14
DA:16,7
DA:17,11
DA:18,11
DA:19,2
DA:21,9
DA:24,7
LF:9
LH:9
BRDA:18,0,0,2
BRDA:18,0,1,9
BRF:2
BRH:2
end_of_record
TN:
SF:src\validators\workProgramValidator.js
FN:3,createStringFieldValidator
FN:22,(anonymous_1)
FN:29,(anonymous_2)
FNF:3
FNH:3
FNDA:28,createStringFieldValidator
FNDA:14,(anonymous_1)
FNDA:5,(anonymous_2)
DA:1,7
DA:4,28
DA:11,28
DA:12,14
DA:19,28
DA:22,7
DA:23,14
DA:29,7
DA:30,5
DA:31,5
DA:32,3
DA:34,2
DA:35,2
DA:38,7
LF:14
LH:14
BRDA:3,0,0,14
BRDA:11,1,0,14
BRDA:11,1,1,14
BRDA:31,2,0,3
BRDA:31,2,1,2
BRF:5
BRH:5
end_of_record
